<?xml version="1.0" encoding="UTF-8"?>
<!-- Generated by org.testng.reporters.JUnitXMLReporter -->
<testsuite hostname="SumaiyaNaghma" ignored="0" name="Default test" tests="1" failures="1" timestamp="23 Jul 2018 13:34:44 GMT" time="17.261" errors="0">
  <testcase name="testVerifyVersion" time="1.271" classname="com.actitime.tests.VerifyVersionTest">
    <failure type="java.lang.StackOverflowError">
      <![CDATA[java.lang.StackOverflowError
at com.actitime.pages.LoginPage.verifyTitle(LoginPage.java:24)
at com.actitime.pages.LoginPage.verifyTitle(LoginPage.java:24)
at com.actitime.pages.LoginPage.verifyTitle(LoginPage.java:24)
at com.actitime.pages.LoginPage.verifyTitle(LoginPage.java:24)
at com.actitime.pages.LoginPage.verifyTitle(LoginPage.java:24)
at com.actitime.pages.LoginPage.verifyTitle(LoginPage.java:24)
at com.actitime.pages.LoginPage.verifyTitle(LoginPage.java:24)
at com.actitime.pages.LoginPage.verifyTitle(LoginPage.java:24)
at com.actitime.pages.LoginPage.verifyTitle(LoginPage.java:24)
at com.actitime.pages.LoginPage.verifyTitle(LoginPage.java:24)
at com.actitime.pages.LoginPage.verifyTitle(LoginPage.java:24)
at com.actitime.pages.LoginPage.verifyTitle(LoginPage.java:24)
at com.actitime.pages.LoginPage.verifyTitle(LoginPage.java:24)
at com.actitime.pages.LoginPage.verifyTitle(LoginPage.java:24)
at com.actitime.pages.LoginPage.verifyTitle(LoginPage.java:24)
at com.actitime.pages.LoginPage.verifyTitle(LoginPage.java:24)
at com.actitime.pages.LoginPage.verifyTitle(LoginPage.java:24)
at com.actitime.pages.LoginPage.verifyTitle(LoginPage.java:24)
at com.actitime.pages.LoginPage.verifyTitle(LoginPage.java:24)
at com.actitime.pages.LoginPage.verifyTitle(LoginPage.java:24)
at com.actitime.pages.LoginPage.verifyTitle(LoginPage.java:24)
at com.actitime.pages.LoginPage.verifyTitle(LoginPage.java:24)
at com.actitime.pages.LoginPage.verifyTitle(LoginPage.java:24)
at com.actitime.pages.LoginPage.verifyTitle(LoginPage.java:24)
at com.actitime.pages.LoginPage.verifyTitle(LoginPage.java:24)
at com.actitime.pages.LoginPage.verifyTitle(LoginPage.java:24)
at com.actitime.pages.LoginPage.verifyTitle(LoginPage.java:24)
at com.actitime.pages.LoginPage.verifyTitle(LoginPage.java:24)
at com.actitime.pages.LoginPage.verifyTitle(LoginPage.java:24)
at com.actitime.pages.LoginPage.verifyTitle(LoginPage.java:24)
at com.actitime.pages.LoginPage.verifyTitle(LoginPage.java:24)
at com.actitime.pages.LoginPage.verifyTitle(LoginPage.java:24)
at com.actitime.pages.LoginPage.verifyTitle(LoginPage.java:24)
at com.actitime.pages.LoginPage.verifyTitle(LoginPage.java:24)
at com.actitime.pages.LoginPage.verifyTitle(LoginPage.java:24)
at com.actitime.pages.LoginPage.verifyTitle(LoginPage.java:24)
at com.actitime.pages.LoginPage.verifyTitle(LoginPage.java:24)
at com.actitime.pages.LoginPage.verifyTitle(LoginPage.java:24)
at com.actitime.pages.LoginPage.verifyTitle(LoginPage.java:24)
at com.actitime.pages.LoginPage.verifyTitle(LoginPage.java:24)
at com.actitime.pages.LoginPage.verifyTitle(LoginPage.java:24)
at com.actitime.pages.LoginPage.verifyTitle(LoginPage.java:24)
at com.actitime.pages.LoginPage.verifyTitle(LoginPage.java:24)
at com.actitime.pages.LoginPage.verifyTitle(LoginPage.java:24)
at com.actitime.pages.LoginPage.verifyTitle(LoginPage.java:24)
at com.actitime.pages.LoginPage.verifyTitle(LoginPage.java:24)
at com.actitime.pages.LoginPage.verifyTitle(LoginPage.java:24)
at com.actitime.pages.LoginPage.verifyTitle(LoginPage.java:24)
at com.actitime.pages.LoginPage.verifyTitle(LoginPage.java:24)
at com.actitime.pages.LoginPage.verifyTitle(LoginPage.java:24)
at com.actitime.pages.LoginPage.verifyTitle(LoginPage.java:24)
at com.actitime.pages.LoginPage.verifyTitle(LoginPage.java:24)
at com.actitime.pages.LoginPage.verifyTitle(LoginPage.java:24)
at com.actitime.pages.LoginPage.verifyTitle(LoginPage.java:24)
at com.actitime.pages.LoginPage.verifyTitle(LoginPage.java:24)
at com.actitime.pages.LoginPage.verifyTitle(LoginPage.java:24)
at com.actitime.pages.LoginPage.verifyTitle(LoginPage.java:24)
at com.actitime.pages.LoginPage.verifyTitle(LoginPage.java:24)
at com.actitime.pages.LoginPage.verifyTitle(LoginPage.java:24)
at com.actitime.pages.LoginPage.verifyTitle(LoginPage.java:24)
at com.actitime.pages.LoginPage.verifyTitle(LoginPage.java:24)
at com.actitime.pages.LoginPage.verifyTitle(LoginPage.java:24)
at com.actitime.pages.LoginPage.verifyTitle(LoginPage.java:24)
at com.actitime.pages.LoginPage.verifyTitle(LoginPage.java:24)
at com.actitime.pages.LoginPage.verifyTitle(LoginPage.java:24)
at com.actitime.pages.LoginPage.verifyTitle(LoginPage.java:24)
at com.actitime.pages.LoginPage.verifyTitle(LoginPage.java:24)
at com.actitime.pages.LoginPage.verifyTitle(LoginPage.java:24)
at com.actitime.pages.LoginPage.verifyTitle(LoginPage.java:24)
at com.actitime.pages.LoginPage.verifyTitle(LoginPage.java:24)
at com.actitime.pages.LoginPage.verifyTitle(LoginPage.java:24)
at com.actitime.pages.LoginPage.verifyTitle(LoginPage.java:24)
at com.actitime.pages.LoginPage.verifyTitle(LoginPage.java:24)
at com.actitime.pages.LoginPage.verifyTitle(LoginPage.java:24)
at com.actitime.pages.LoginPage.verifyTitle(LoginPage.java:24)
at com.actitime.pages.LoginPage.verifyTitle(LoginPage.java:24)
at com.actitime.pages.LoginPage.verifyTitle(LoginPage.java:24)
at com.actitime.pages.LoginPage.verifyTitle(LoginPage.java:24)
at com.actitime.pages.LoginPage.verifyTitle(LoginPage.java:24)
at com.actitime.pages.LoginPage.verifyTitle(LoginPage.java:24)
at com.actitime.pages.LoginPage.verifyTitle(LoginPage.java:24)
at com.actitime.pages.LoginPage.verifyTitle(LoginPage.java:24)
at com.actitime.pages.LoginPage.verifyTitle(LoginPage.java:24)
at com.actitime.pages.LoginPage.verifyTitle(LoginPage.java:24)
at com.actitime.pages.LoginPage.verifyTitle(LoginPage.java:24)
at com.actitime.pages.LoginPage.verifyTitle(LoginPage.java:24)
at com.actitime.pages.LoginPage.verifyTitle(LoginPage.java:24)
at com.actitime.pages.LoginPage.verifyTitle(LoginPage.java:24)
at com.actitime.pages.LoginPage.verifyTitle(LoginPage.java:24)
at com.actitime.pages.LoginPage.verifyTitle(LoginPage.java:24)
at com.actitime.pages.LoginPage.verifyTitle(LoginPage.java:24)
at com.actitime.pages.LoginPage.verifyTitle(LoginPage.java:24)
at com.actitime.pages.LoginPage.verifyTitle(LoginPage.java:24)
at com.actitime.pages.LoginPage.verifyTitle(LoginPage.java:24)
at com.actitime.pages.LoginPage.verifyTitle(LoginPage.java:24)
at com.actitime.pages.LoginPage.verifyTitle(LoginPage.java:24)
at com.actitime.pages.LoginPage.verifyTitle(LoginPage.java:24)
at com.actitime.pages.LoginPage.verifyTitle(LoginPage.java:24)
at com.actitime.pages.LoginPage.verifyTitle(LoginPage.java:24)
at com.actitime.pages.LoginPage.verifyTitle(LoginPage.java:24)
at com.actitime.pages.LoginPage.verifyTitle(LoginPage.java:24)
at com.actitime.pages.LoginPage.verifyTitle(LoginPage.java:24)
at com.actitime.pages.LoginPage.verifyTitle(LoginPage.java:24)
at com.actitime.pages.LoginPage.verifyTitle(LoginPage.java:24)
at com.actitime.pages.LoginPage.verifyTitle(LoginPage.java:24)
at com.actitime.pages.LoginPage.verifyTitle(LoginPage.java:24)
at com.actitime.pages.LoginPage.verifyTitle(LoginPage.java:24)
at com.actitime.pages.LoginPage.verifyTitle(LoginPage.java:24)
at com.actitime.pages.LoginPage.verifyTitle(LoginPage.java:24)
at com.actitime.pages.LoginPage.verifyTitle(LoginPage.java:24)
at com.actitime.pages.LoginPage.verifyTitle(LoginPage.java:24)
at com.actitime.pages.LoginPage.verifyTitle(LoginPage.java:24)
at com.actitime.pages.LoginPage.verifyTitle(LoginPage.java:24)
at com.actitime.pages.LoginPage.verifyTitle(LoginPage.java:24)
at com.actitime.pages.LoginPage.verifyTitle(LoginPage.java:24)
at com.actitime.pages.LoginPage.verifyTitle(LoginPage.java:24)
at com.actitime.pages.LoginPage.verifyTitle(LoginPage.java:24)
at com.actitime.pages.LoginPage.verifyTitle(LoginPage.java:24)
at com.actitime.pages.LoginPage.verifyTitle(LoginPage.java:24)
at com.actitime.pages.LoginPage.verifyTitle(LoginPage.java:24)
at com.actitime.pages.LoginPage.verifyTitle(LoginPage.java:24)
at com.actitime.pages.LoginPage.verifyTitle(LoginPage.java:24)
at com.actitime.pages.LoginPage.verifyTitle(LoginPage.java:24)
at com.actitime.pages.LoginPage.verifyTitle(LoginPage.java:24)
at com.actitime.pages.LoginPage.verifyTitle(LoginPage.java:24)
at com.actitime.pages.LoginPage.verifyTitle(LoginPage.java:24)
at com.actitime.pages.LoginPage.verifyTitle(LoginPage.java:24)
at com.actitime.pages.LoginPage.verifyTitle(LoginPage.java:24)
at com.actitime.pages.LoginPage.verifyTitle(LoginPage.java:24)
at com.actitime.pages.LoginPage.verifyTitle(LoginPage.java:24)
at com.actitime.pages.LoginPage.verifyTitle(LoginPage.java:24)
at com.actitime.pages.LoginPage.verifyTitle(LoginPage.java:24)
at com.actitime.pages.LoginPage.verifyTitle(LoginPage.java:24)
at com.actitime.pages.LoginPage.verifyTitle(LoginPage.java:24)
at com.actitime.pages.LoginPage.verifyTitle(LoginPage.java:24)
at com.actitime.pages.LoginPage.verifyTitle(LoginPage.java:24)
at com.actitime.pages.LoginPage.verifyTitle(LoginPage.java:24)
at com.actitime.pages.LoginPage.verifyTitle(LoginPage.java:24)
at com.actitime.pages.LoginPage.verifyTitle(LoginPage.java:24)
at com.actitime.pages.LoginPage.verifyTitle(LoginPage.java:24)
at com.actitime.pages.LoginPage.verifyTitle(LoginPage.java:24)
at com.actitime.pages.LoginPage.verifyTitle(LoginPage.java:24)
at com.actitime.pages.LoginPage.verifyTitle(LoginPage.java:24)
at com.actitime.pages.LoginPage.verifyTitle(LoginPage.java:24)
at com.actitime.pages.LoginPage.verifyTitle(LoginPage.java:24)
at com.actitime.pages.LoginPage.verifyTitle(LoginPage.java:24)
at com.actitime.pages.LoginPage.verifyTitle(LoginPage.java:24)
at com.actitime.pages.LoginPage.verifyTitle(LoginPage.java:24)
at com.actitime.pages.LoginPage.verifyTitle(LoginPage.java:24)
at com.actitime.pages.LoginPage.verifyTitle(LoginPage.java:24)
at com.actitime.pages.LoginPage.verifyTitle(LoginPage.java:24)
at com.actitime.pages.LoginPage.verifyTitle(LoginPage.java:24)
at com.actitime.pages.LoginPage.verifyTitle(LoginPage.java:24)
at com.actitime.pages.LoginPage.verifyTitle(LoginPage.java:24)
at com.actitime.pages.LoginPage.verifyTitle(LoginPage.java:24)
at com.actitime.pages.LoginPage.verifyTitle(LoginPage.java:24)
at com.actitime.pages.LoginPage.verifyTitle(LoginPage.java:24)
at com.actitime.pages.LoginPage.verifyTitle(LoginPage.java:24)
at com.actitime.pages.LoginPage.verifyTitle(LoginPage.java:24)
at com.actitime.pages.LoginPage.verifyTitle(LoginPage.java:24)
at com.actitime.pages.LoginPage.verifyTitle(LoginPage.java:24)
at com.actitime.pages.LoginPage.verifyTitle(LoginPage.java:24)
at com.actitime.pages.LoginPage.verifyTitle(LoginPage.java:24)
at com.actitime.pages.LoginPage.verifyTitle(LoginPage.java:24)
at com.actitime.pages.LoginPage.verifyTitle(LoginPage.java:24)
at com.actitime.pages.LoginPage.verifyTitle(LoginPage.java:24)
at com.actitime.pages.LoginPage.verifyTitle(LoginPage.java:24)
at com.actitime.pages.LoginPage.verifyTitle(LoginPage.java:24)
at com.actitime.pages.LoginPage.verifyTitle(LoginPage.java:24)
at com.actitime.pages.LoginPage.verifyTitle(LoginPage.java:24)
at com.actitime.pages.LoginPage.verifyTitle(LoginPage.java:24)
at com.actitime.pages.LoginPage.verifyTitle(LoginPage.java:24)
at com.actitime.pages.LoginPage.verifyTitle(LoginPage.java:24)
at com.actitime.pages.LoginPage.verifyTitle(LoginPage.java:24)
at com.actitime.pages.LoginPage.verifyTitle(LoginPage.java:24)
at com.actitime.pages.LoginPage.verifyTitle(LoginPage.java:24)
at com.actitime.pages.LoginPage.verifyTitle(LoginPage.java:24)
at com.actitime.pages.LoginPage.verifyTitle(LoginPage.java:24)
at com.actitime.pages.LoginPage.verifyTitle(LoginPage.java:24)
at com.actitime.pages.LoginPage.verifyTitle(LoginPage.java:24)
at com.actitime.pages.LoginPage.verifyTitle(LoginPage.java:24)
at com.actitime.pages.LoginPage.verifyTitle(LoginPage.java:24)
at com.actitime.pages.LoginPage.verifyTitle(LoginPage.java:24)
at com.actitime.pages.LoginPage.verifyTitle(LoginPage.java:24)
at com.actitime.pages.LoginPage.verifyTitle(LoginPage.java:24)
at com.actitime.pages.LoginPage.verifyTitle(LoginPage.java:24)
at com.actitime.pages.LoginPage.verifyTitle(LoginPage.java:24)
at com.actitime.pages.LoginPage.verifyTitle(LoginPage.java:24)
at com.actitime.pages.LoginPage.verifyTitle(LoginPage.java:24)
at com.actitime.pages.LoginPage.verifyTitle(LoginPage.java:24)
at com.actitime.pages.LoginPage.verifyTitle(LoginPage.java:24)
at com.actitime.pages.LoginPage.verifyTitle(LoginPage.java:24)
at com.actitime.pages.LoginPage.verifyTitle(LoginPage.java:24)
at com.actitime.pages.LoginPage.verifyTitle(LoginPage.java:24)
at com.actitime.pages.LoginPage.verifyTitle(LoginPage.java:24)
at com.actitime.pages.LoginPage.verifyTitle(LoginPage.java:24)
at com.actitime.pages.LoginPage.verifyTitle(LoginPage.java:24)
at com.actitime.pages.LoginPage.verifyTitle(LoginPage.java:24)
at com.actitime.pages.LoginPage.verifyTitle(LoginPage.java:24)
at com.actitime.pages.LoginPage.verifyTitle(LoginPage.java:24)
at com.actitime.pages.LoginPage.verifyTitle(LoginPage.java:24)
at com.actitime.pages.LoginPage.verifyTitle(LoginPage.java:24)
at com.actitime.pages.LoginPage.verifyTitle(LoginPage.java:24)
at com.actitime.pages.LoginPage.verifyTitle(LoginPage.java:24)
at com.actitime.pages.LoginPage.verifyTitle(LoginPage.java:24)
at com.actitime.pages.LoginPage.verifyTitle(LoginPage.java:24)
at com.actitime.pages.LoginPage.verifyTitle(LoginPage.java:24)
at com.actitime.pages.LoginPage.verifyTitle(LoginPage.java:24)
at com.actitime.pages.LoginPage.verifyTitle(LoginPage.java:24)
at com.actitime.pages.LoginPage.verifyTitle(LoginPage.java:24)
at com.actitime.pages.LoginPage.verifyTitle(LoginPage.java:24)
at com.actitime.pages.LoginPage.verifyTitle(LoginPage.java:24)
at com.actitime.pages.LoginPage.verifyTitle(LoginPage.java:24)
at com.actitime.pages.LoginPage.verifyTitle(LoginPage.java:24)
at com.actitime.pages.LoginPage.verifyTitle(LoginPage.java:24)
at com.actitime.pages.LoginPage.verifyTitle(LoginPage.java:24)
at com.actitime.pages.LoginPage.verifyTitle(LoginPage.java:24)
at com.actitime.pages.LoginPage.verifyTitle(LoginPage.java:24)
at com.actitime.pages.LoginPage.verifyTitle(LoginPage.java:24)
at com.actitime.pages.LoginPage.verifyTitle(LoginPage.java:24)
at com.actitime.pages.LoginPage.verifyTitle(LoginPage.java:24)
at com.actitime.pages.LoginPage.verifyTitle(LoginPage.java:24)
at com.actitime.pages.LoginPage.verifyTitle(LoginPage.java:24)
at com.actitime.pages.LoginPage.verifyTitle(LoginPage.java:24)
at com.actitime.pages.LoginPage.verifyTitle(LoginPage.java:24)
at com.actitime.pages.LoginPage.verifyTitle(LoginPage.java:24)
at com.actitime.pages.LoginPage.verifyTitle(LoginPage.java:24)
at com.actitime.pages.LoginPage.verifyTitle(LoginPage.java:24)
at com.actitime.pages.LoginPage.verifyTitle(LoginPage.java:24)
at com.actitime.pages.LoginPage.verifyTitle(LoginPage.java:24)
at com.actitime.pages.LoginPage.verifyTitle(LoginPage.java:24)
at com.actitime.pages.LoginPage.verifyTitle(LoginPage.java:24)
at com.actitime.pages.LoginPage.verifyTitle(LoginPage.java:24)
at com.actitime.pages.LoginPage.verifyTitle(LoginPage.java:24)
at com.actitime.pages.LoginPage.verifyTitle(LoginPage.java:24)
at com.actitime.pages.LoginPage.verifyTitle(LoginPage.java:24)
at com.actitime.pages.LoginPage.verifyTitle(LoginPage.java:24)
at com.actitime.pages.LoginPage.verifyTitle(LoginPage.java:24)
at com.actitime.pages.LoginPage.verifyTitle(LoginPage.java:24)
at com.actitime.pages.LoginPage.verifyTitle(LoginPage.java:24)
at com.actitime.pages.LoginPage.verifyTitle(LoginPage.java:24)
at com.actitime.pages.LoginPage.verifyTitle(LoginPage.java:24)
at com.actitime.pages.LoginPage.verifyTitle(LoginPage.java:24)
at com.actitime.pages.LoginPage.verifyTitle(LoginPage.java:24)
at com.actitime.pages.LoginPage.verifyTitle(LoginPage.java:24)
at com.actitime.pages.LoginPage.verifyTitle(LoginPage.java:24)
at com.actitime.pages.LoginPage.verifyTitle(LoginPage.java:24)
at com.actitime.pages.LoginPage.verifyTitle(LoginPage.java:24)
at com.actitime.pages.LoginPage.verifyTitle(LoginPage.java:24)
at com.actitime.pages.LoginPage.verifyTitle(LoginPage.java:24)
at com.actitime.pages.LoginPage.verifyTitle(LoginPage.java:24)
at com.actitime.pages.LoginPage.verifyTitle(LoginPage.java:24)
at com.actitime.pages.LoginPage.verifyTitle(LoginPage.java:24)
at com.actitime.pages.LoginPage.verifyTitle(LoginPage.java:24)
at com.actitime.pages.LoginPage.verifyTitle(LoginPage.java:24)
at com.actitime.pages.LoginPage.verifyTitle(LoginPage.java:24)
at com.actitime.pages.LoginPage.verifyTitle(LoginPage.java:24)
at com.actitime.pages.LoginPage.verifyTitle(LoginPage.java:24)
at com.actitime.pages.LoginPage.verifyTitle(LoginPage.java:24)
at com.actitime.pages.LoginPage.verifyTitle(LoginPage.java:24)
at com.actitime.pages.LoginPage.verifyTitle(LoginPage.java:24)
at com.actitime.pages.LoginPage.verifyTitle(LoginPage.java:24)
at com.actitime.pages.LoginPage.verifyTitle(LoginPage.java:24)
at com.actitime.pages.LoginPage.verifyTitle(LoginPage.java:24)
at com.actitime.pages.LoginPage.verifyTitle(LoginPage.java:24)
at com.actitime.pages.LoginPage.verifyTitle(LoginPage.java:24)
at com.actitime.pages.LoginPage.verifyTitle(LoginPage.java:24)
at com.actitime.pages.LoginPage.verifyTitle(LoginPage.java:24)
at com.actitime.pages.LoginPage.verifyTitle(LoginPage.java:24)
at com.actitime.pages.LoginPage.verifyTitle(LoginPage.java:24)
at com.actitime.pages.LoginPage.verifyTitle(LoginPage.java:24)
at com.actitime.pages.LoginPage.verifyTitle(LoginPage.java:24)
at com.actitime.pages.LoginPage.verifyTitle(LoginPage.java:24)
at com.actitime.pages.LoginPage.verifyTitle(LoginPage.java:24)
at com.actitime.pages.LoginPage.verifyTitle(LoginPage.java:24)
at com.actitime.pages.LoginPage.verifyTitle(LoginPage.java:24)
at com.actitime.pages.LoginPage.verifyTitle(LoginPage.java:24)
at com.actitime.pages.LoginPage.verifyTitle(LoginPage.java:24)
at com.actitime.pages.LoginPage.verifyTitle(LoginPage.java:24)
at com.actitime.pages.LoginPage.verifyTitle(LoginPage.java:24)
at com.actitime.pages.LoginPage.verifyTitle(LoginPage.java:24)
at com.actitime.pages.LoginPage.verifyTitle(LoginPage.java:24)
at com.actitime.pages.LoginPage.verifyTitle(LoginPage.java:24)
at com.actitime.pages.LoginPage.verifyTitle(LoginPage.java:24)
at com.actitime.pages.LoginPage.verifyTitle(LoginPage.java:24)
at com.actitime.pages.LoginPage.verifyTitle(LoginPage.java:24)
at com.actitime.pages.LoginPage.verifyTitle(LoginPage.java:24)
at com.actitime.pages.LoginPage.verifyTitle(LoginPage.java:24)
at com.actitime.pages.LoginPage.verifyTitle(LoginPage.java:24)
at com.actitime.pages.LoginPage.verifyTitle(LoginPage.java:24)
at com.actitime.pages.LoginPage.verifyTitle(LoginPage.java:24)
at com.actitime.pages.LoginPage.verifyTitle(LoginPage.java:24)
at com.actitime.pages.LoginPage.verifyTitle(LoginPage.java:24)
at com.actitime.pages.LoginPage.verifyTitle(LoginPage.java:24)
at com.actitime.pages.LoginPage.verifyTitle(LoginPage.java:24)
at com.actitime.pages.LoginPage.verifyTitle(LoginPage.java:24)
at com.actitime.pages.LoginPage.verifyTitle(LoginPage.java:24)
at com.actitime.pages.LoginPage.verifyTitle(LoginPage.java:24)
at com.actitime.pages.LoginPage.verifyTitle(LoginPage.java:24)
at com.actitime.pages.LoginPage.verifyTitle(LoginPage.java:24)
at com.actitime.pages.LoginPage.verifyTitle(LoginPage.java:24)
at com.actitime.pages.LoginPage.verifyTitle(LoginPage.java:24)
at com.actitime.pages.LoginPage.verifyTitle(LoginPage.java:24)
at com.actitime.pages.LoginPage.verifyTitle(LoginPage.java:24)
at com.actitime.pages.LoginPage.verifyTitle(LoginPage.java:24)
at com.actitime.pages.LoginPage.verifyTitle(LoginPage.java:24)
at com.actitime.pages.LoginPage.verifyTitle(LoginPage.java:24)
at com.actitime.pages.LoginPage.verifyTitle(LoginPage.java:24)
at com.actitime.pages.LoginPage.verifyTitle(LoginPage.java:24)
at com.actitime.pages.LoginPage.verifyTitle(LoginPage.java:24)
at com.actitime.pages.LoginPage.verifyTitle(LoginPage.java:24)
at com.actitime.pages.LoginPage.verifyTitle(LoginPage.java:24)
at com.actitime.pages.LoginPage.verifyTitle(LoginPage.java:24)
at com.actitime.pages.LoginPage.verifyTitle(LoginPage.java:24)
at com.actitime.pages.LoginPage.verifyTitle(LoginPage.java:24)
at com.actitime.pages.LoginPage.verifyTitle(LoginPage.java:24)
at com.actitime.pages.LoginPage.verifyTitle(LoginPage.java:24)
at com.actitime.pages.LoginPage.verifyTitle(LoginPage.java:24)
at com.actitime.pages.LoginPage.verifyTitle(LoginPage.java:24)
at com.actitime.pages.LoginPage.verifyTitle(LoginPage.java:24)
at com.actitime.pages.LoginPage.verifyTitle(LoginPage.java:24)
at com.actitime.pages.LoginPage.verifyTitle(LoginPage.java:24)
at com.actitime.pages.LoginPage.verifyTitle(LoginPage.java:24)
at com.actitime.pages.LoginPage.verifyTitle(LoginPage.java:24)
at com.actitime.pages.LoginPage.verifyTitle(LoginPage.java:24)
at com.actitime.pages.LoginPage.verifyTitle(LoginPage.java:24)
at com.actitime.pages.LoginPage.verifyTitle(LoginPage.java:24)
at com.actitime.pages.LoginPage.verifyTitle(LoginPage.java:24)
at com.actitime.pages.LoginPage.verifyTitle(LoginPage.java:24)
at com.actitime.pages.LoginPage.verifyTitle(LoginPage.java:24)
at com.actitime.pages.LoginPage.verifyTitle(LoginPage.java:24)
at com.actitime.pages.LoginPage.verifyTitle(LoginPage.java:24)
at com.actitime.pages.LoginPage.verifyTitle(LoginPage.java:24)
at com.actitime.pages.LoginPage.verifyTitle(LoginPage.java:24)
at com.actitime.pages.LoginPage.verifyTitle(LoginPage.java:24)
at com.actitime.pages.LoginPage.verifyTitle(LoginPage.java:24)
at com.actitime.pages.LoginPage.verifyTitle(LoginPage.java:24)
at com.actitime.pages.LoginPage.verifyTitle(LoginPage.java:24)
at com.actitime.pages.LoginPage.verifyTitle(LoginPage.java:24)
at com.actitime.pages.LoginPage.verifyTitle(LoginPage.java:24)
at com.actitime.pages.LoginPage.verifyTitle(LoginPage.java:24)
at com.actitime.pages.LoginPage.verifyTitle(LoginPage.java:24)
at com.actitime.pages.LoginPage.verifyTitle(LoginPage.java:24)
at com.actitime.pages.LoginPage.verifyTitle(LoginPage.java:24)
at com.actitime.pages.LoginPage.verifyTitle(LoginPage.java:24)
at com.actitime.pages.LoginPage.verifyTitle(LoginPage.java:24)
at com.actitime.pages.LoginPage.verifyTitle(LoginPage.java:24)
at com.actitime.pages.LoginPage.verifyTitle(LoginPage.java:24)
at com.actitime.pages.LoginPage.verifyTitle(LoginPage.java:24)
at com.actitime.pages.LoginPage.verifyTitle(LoginPage.java:24)
at com.actitime.pages.LoginPage.verifyTitle(LoginPage.java:24)
at com.actitime.pages.LoginPage.verifyTitle(LoginPage.java:24)
at com.actitime.pages.LoginPage.verifyTitle(LoginPage.java:24)
at com.actitime.pages.LoginPage.verifyTitle(LoginPage.java:24)
at com.actitime.pages.LoginPage.verifyTitle(LoginPage.java:24)
at com.actitime.pages.LoginPage.verifyTitle(LoginPage.java:24)
at com.actitime.pages.LoginPage.verifyTitle(LoginPage.java:24)
at com.actitime.pages.LoginPage.verifyTitle(LoginPage.java:24)
at com.actitime.pages.LoginPage.verifyTitle(LoginPage.java:24)
at com.actitime.pages.LoginPage.verifyTitle(LoginPage.java:24)
at com.actitime.pages.LoginPage.verifyTitle(LoginPage.java:24)
at com.actitime.pages.LoginPage.verifyTitle(LoginPage.java:24)
at com.actitime.pages.LoginPage.verifyTitle(LoginPage.java:24)
at com.actitime.pages.LoginPage.verifyTitle(LoginPage.java:24)
at com.actitime.pages.LoginPage.verifyTitle(LoginPage.java:24)
at com.actitime.pages.LoginPage.verifyTitle(LoginPage.java:24)
at com.actitime.pages.LoginPage.verifyTitle(LoginPage.java:24)
at com.actitime.pages.LoginPage.verifyTitle(LoginPage.java:24)
at com.actitime.pages.LoginPage.verifyTitle(LoginPage.java:24)
at com.actitime.pages.LoginPage.verifyTitle(LoginPage.java:24)
at com.actitime.pages.LoginPage.verifyTitle(LoginPage.java:24)
at com.actitime.pages.LoginPage.verifyTitle(LoginPage.java:24)
at com.actitime.pages.LoginPage.verifyTitle(LoginPage.java:24)
at com.actitime.pages.LoginPage.verifyTitle(LoginPage.java:24)
at com.actitime.pages.LoginPage.verifyTitle(LoginPage.java:24)
at com.actitime.pages.LoginPage.verifyTitle(LoginPage.java:24)
at com.actitime.pages.LoginPage.verifyTitle(LoginPage.java:24)
at com.actitime.pages.LoginPage.verifyTitle(LoginPage.java:24)
at com.actitime.pages.LoginPage.verifyTitle(LoginPage.java:24)
at com.actitime.pages.LoginPage.verifyTitle(LoginPage.java:24)
at com.actitime.pages.LoginPage.verifyTitle(LoginPage.java:24)
at com.actitime.pages.LoginPage.verifyTitle(LoginPage.java:24)
at com.actitime.pages.LoginPage.verifyTitle(LoginPage.java:24)
at com.actitime.pages.LoginPage.verifyTitle(LoginPage.java:24)
at com.actitime.pages.LoginPage.verifyTitle(LoginPage.java:24)
at com.actitime.pages.LoginPage.verifyTitle(LoginPage.java:24)
at com.actitime.pages.LoginPage.verifyTitle(LoginPage.java:24)
at com.actitime.pages.LoginPage.verifyTitle(LoginPage.java:24)
at com.actitime.pages.LoginPage.verifyTitle(LoginPage.java:24)
at com.actitime.pages.LoginPage.verifyTitle(LoginPage.java:24)
at com.actitime.pages.LoginPage.verifyTitle(LoginPage.java:24)
at com.actitime.pages.LoginPage.verifyTitle(LoginPage.java:24)
at com.actitime.pages.LoginPage.verifyTitle(LoginPage.java:24)
at com.actitime.pages.LoginPage.verifyTitle(LoginPage.java:24)
at com.actitime.pages.LoginPage.verifyTitle(LoginPage.java:24)
at com.actitime.pages.LoginPage.verifyTitle(LoginPage.java:24)
at com.actitime.pages.LoginPage.verifyTitle(LoginPage.java:24)
at com.actitime.pages.LoginPage.verifyTitle(LoginPage.java:24)
at com.actitime.pages.LoginPage.verifyTitle(LoginPage.java:24)
at com.actitime.pages.LoginPage.verifyTitle(LoginPage.java:24)
at com.actitime.pages.LoginPage.verifyTitle(LoginPage.java:24)
at com.actitime.pages.LoginPage.verifyTitle(LoginPage.java:24)
at com.actitime.pages.LoginPage.verifyTitle(LoginPage.java:24)
at com.actitime.pages.LoginPage.verifyTitle(LoginPage.java:24)
at com.actitime.pages.LoginPage.verifyTitle(LoginPage.java:24)
at com.actitime.pages.LoginPage.verifyTitle(LoginPage.java:24)
at com.actitime.pages.LoginPage.verifyTitle(LoginPage.java:24)
at com.actitime.pages.LoginPage.verifyTitle(LoginPage.java:24)
at com.actitime.pages.LoginPage.verifyTitle(LoginPage.java:24)
at com.actitime.pages.LoginPage.verifyTitle(LoginPage.java:24)
at com.actitime.pages.LoginPage.verifyTitle(LoginPage.java:24)
at com.actitime.pages.LoginPage.verifyTitle(LoginPage.java:24)
at com.actitime.pages.LoginPage.verifyTitle(LoginPage.java:24)
at com.actitime.pages.LoginPage.verifyTitle(LoginPage.java:24)
at com.actitime.pages.LoginPage.verifyTitle(LoginPage.java:24)
at com.actitime.pages.LoginPage.verifyTitle(LoginPage.java:24)
at com.actitime.pages.LoginPage.verifyTitle(LoginPage.java:24)
at com.actitime.pages.LoginPage.verifyTitle(LoginPage.java:24)
at com.actitime.pages.LoginPage.verifyTitle(LoginPage.java:24)
at com.actitime.pages.LoginPage.verifyTitle(LoginPage.java:24)
at com.actitime.pages.LoginPage.verifyTitle(LoginPage.java:24)
at com.actitime.pages.LoginPage.verifyTitle(LoginPage.java:24)
at com.actitime.pages.LoginPage.verifyTitle(LoginPage.java:24)
at com.actitime.pages.LoginPage.verifyTitle(LoginPage.java:24)
at com.actitime.pages.LoginPage.verifyTitle(LoginPage.java:24)
at com.actitime.pages.LoginPage.verifyTitle(LoginPage.java:24)
at com.actitime.pages.LoginPage.verifyTitle(LoginPage.java:24)
at com.actitime.pages.LoginPage.verifyTitle(LoginPage.java:24)
at com.actitime.pages.LoginPage.verifyTitle(LoginPage.java:24)
at com.actitime.pages.LoginPage.verifyTitle(LoginPage.java:24)
at com.actitime.pages.LoginPage.verifyTitle(LoginPage.java:24)
at com.actitime.pages.LoginPage.verifyTitle(LoginPage.java:24)
at com.actitime.pages.LoginPage.verifyTitle(LoginPage.java:24)
at com.actitime.pages.LoginPage.verifyTitle(LoginPage.java:24)
at com.actitime.pages.LoginPage.verifyTitle(LoginPage.java:24)
at com.actitime.pages.LoginPage.verifyTitle(LoginPage.java:24)
at com.actitime.pages.LoginPage.verifyTitle(LoginPage.java:24)
at com.actitime.pages.LoginPage.verifyTitle(LoginPage.java:24)
at com.actitime.pages.LoginPage.verifyTitle(LoginPage.java:24)
at com.actitime.pages.LoginPage.verifyTitle(LoginPage.java:24)
at com.actitime.pages.LoginPage.verifyTitle(LoginPage.java:24)
at com.actitime.pages.LoginPage.verifyTitle(LoginPage.java:24)
at com.actitime.pages.LoginPage.verifyTitle(LoginPage.java:24)
at com.actitime.pages.LoginPage.verifyTitle(LoginPage.java:24)
at com.actitime.pages.LoginPage.verifyTitle(LoginPage.java:24)
at com.actitime.pages.LoginPage.verifyTitle(LoginPage.java:24)
at com.actitime.pages.LoginPage.verifyTitle(LoginPage.java:24)
at com.actitime.pages.LoginPage.verifyTitle(LoginPage.java:24)
at com.actitime.pages.LoginPage.verifyTitle(LoginPage.java:24)
at com.actitime.pages.LoginPage.verifyTitle(LoginPage.java:24)
at com.actitime.pages.LoginPage.verifyTitle(LoginPage.java:24)
at com.actitime.pages.LoginPage.verifyTitle(LoginPage.java:24)
at com.actitime.pages.LoginPage.verifyTitle(LoginPage.java:24)
at com.actitime.pages.LoginPage.verifyTitle(LoginPage.java:24)
at com.actitime.pages.LoginPage.verifyTitle(LoginPage.java:24)
at com.actitime.pages.LoginPage.verifyTitle(LoginPage.java:24)
at com.actitime.pages.LoginPage.verifyTitle(LoginPage.java:24)
at com.actitime.pages.LoginPage.verifyTitle(LoginPage.java:24)
at com.actitime.pages.LoginPage.verifyTitle(LoginPage.java:24)
at com.actitime.pages.LoginPage.verifyTitle(LoginPage.java:24)
at com.actitime.pages.LoginPage.verifyTitle(LoginPage.java:24)
at com.actitime.pages.LoginPage.verifyTitle(LoginPage.java:24)
at com.actitime.pages.LoginPage.verifyTitle(LoginPage.java:24)
at com.actitime.pages.LoginPage.verifyTitle(LoginPage.java:24)
at com.actitime.pages.LoginPage.verifyTitle(LoginPage.java:24)
at com.actitime.pages.LoginPage.verifyTitle(LoginPage.java:24)
at com.actitime.pages.LoginPage.verifyTitle(LoginPage.java:24)
at com.actitime.pages.LoginPage.verifyTitle(LoginPage.java:24)
at com.actitime.pages.LoginPage.verifyTitle(LoginPage.java:24)
at com.actitime.pages.LoginPage.verifyTitle(LoginPage.java:24)
at com.actitime.pages.LoginPage.verifyTitle(LoginPage.java:24)
at com.actitime.pages.LoginPage.verifyTitle(LoginPage.java:24)
at com.actitime.pages.LoginPage.verifyTitle(LoginPage.java:24)
at com.actitime.pages.LoginPage.verifyTitle(LoginPage.java:24)
at com.actitime.pages.LoginPage.verifyTitle(LoginPage.java:24)
at com.actitime.pages.LoginPage.verifyTitle(LoginPage.java:24)
at com.actitime.pages.LoginPage.verifyTitle(LoginPage.java:24)
at com.actitime.pages.LoginPage.verifyTitle(LoginPage.java:24)
at com.actitime.pages.LoginPage.verifyTitle(LoginPage.java:24)
at com.actitime.pages.LoginPage.verifyTitle(LoginPage.java:24)
at com.actitime.pages.LoginPage.verifyTitle(LoginPage.java:24)
at com.actitime.pages.LoginPage.verifyTitle(LoginPage.java:24)
at com.actitime.pages.LoginPage.verifyTitle(LoginPage.java:24)
at com.actitime.pages.LoginPage.verifyTitle(LoginPage.java:24)
at com.actitime.pages.LoginPage.verifyTitle(LoginPage.java:24)
at com.actitime.pages.LoginPage.verifyTitle(LoginPage.java:24)
at com.actitime.pages.LoginPage.verifyTitle(LoginPage.java:24)
at com.actitime.pages.LoginPage.verifyTitle(LoginPage.java:24)
at com.actitime.pages.LoginPage.verifyTitle(LoginPage.java:24)
at com.actitime.pages.LoginPage.verifyTitle(LoginPage.java:24)
at com.actitime.pages.LoginPage.verifyTitle(LoginPage.java:24)
at com.actitime.pages.LoginPage.verifyTitle(LoginPage.java:24)
at com.actitime.pages.LoginPage.verifyTitle(LoginPage.java:24)
at com.actitime.pages.LoginPage.verifyTitle(LoginPage.java:24)
at com.actitime.pages.LoginPage.verifyTitle(LoginPage.java:24)
at com.actitime.pages.LoginPage.verifyTitle(LoginPage.java:24)
at com.actitime.pages.LoginPage.verifyTitle(LoginPage.java:24)
at com.actitime.pages.LoginPage.verifyTitle(LoginPage.java:24)
at com.actitime.pages.LoginPage.verifyTitle(LoginPage.java:24)
at com.actitime.pages.LoginPage.verifyTitle(LoginPage.java:24)
at com.actitime.pages.LoginPage.verifyTitle(LoginPage.java:24)
at com.actitime.pages.LoginPage.verifyTitle(LoginPage.java:24)
at com.actitime.pages.LoginPage.verifyTitle(LoginPage.java:24)
at com.actitime.pages.LoginPage.verifyTitle(LoginPage.java:24)
at com.actitime.pages.LoginPage.verifyTitle(LoginPage.java:24)
at com.actitime.pages.LoginPage.verifyTitle(LoginPage.java:24)
at com.actitime.pages.LoginPage.verifyTitle(LoginPage.java:24)
at com.actitime.pages.LoginPage.verifyTitle(LoginPage.java:24)
at com.actitime.pages.LoginPage.verifyTitle(LoginPage.java:24)
at com.actitime.pages.LoginPage.verifyTitle(LoginPage.java:24)
at com.actitime.pages.LoginPage.verifyTitle(LoginPage.java:24)
at com.actitime.pages.LoginPage.verifyTitle(LoginPage.java:24)
at com.actitime.pages.LoginPage.verifyTitle(LoginPage.java:24)
at com.actitime.pages.LoginPage.verifyTitle(LoginPage.java:24)
at com.actitime.pages.LoginPage.verifyTitle(LoginPage.java:24)
at com.actitime.pages.LoginPage.verifyTitle(LoginPage.java:24)
at com.actitime.pages.LoginPage.verifyTitle(LoginPage.java:24)
at com.actitime.pages.LoginPage.verifyTitle(LoginPage.java:24)
at com.actitime.pages.LoginPage.verifyTitle(LoginPage.java:24)
at com.actitime.pages.LoginPage.verifyTitle(LoginPage.java:24)
at com.actitime.pages.LoginPage.verifyTitle(LoginPage.java:24)
at com.actitime.pages.LoginPage.verifyTitle(LoginPage.java:24)
at com.actitime.pages.LoginPage.verifyTitle(LoginPage.java:24)
at com.actitime.pages.LoginPage.verifyTitle(LoginPage.java:24)
at com.actitime.pages.LoginPage.verifyTitle(LoginPage.java:24)
at com.actitime.pages.LoginPage.verifyTitle(LoginPage.java:24)
at com.actitime.pages.LoginPage.verifyTitle(LoginPage.java:24)
at com.actitime.pages.LoginPage.verifyTitle(LoginPage.java:24)
at com.actitime.pages.LoginPage.verifyTitle(LoginPage.java:24)
at com.actitime.pages.LoginPage.verifyTitle(LoginPage.java:24)
at com.actitime.pages.LoginPage.verifyTitle(LoginPage.java:24)
at com.actitime.pages.LoginPage.verifyTitle(LoginPage.java:24)
at com.actitime.pages.LoginPage.verifyTitle(LoginPage.java:24)
at com.actitime.pages.LoginPage.verifyTitle(LoginPage.java:24)
at com.actitime.pages.LoginPage.verifyTitle(LoginPage.java:24)
at com.actitime.pages.LoginPage.verifyTitle(LoginPage.java:24)
at com.actitime.pages.LoginPage.verifyTitle(LoginPage.java:24)
at com.actitime.pages.LoginPage.verifyTitle(LoginPage.java:24)
at com.actitime.pages.LoginPage.verifyTitle(LoginPage.java:24)
at com.actitime.pages.LoginPage.verifyTitle(LoginPage.java:24)
at com.actitime.pages.LoginPage.verifyTitle(LoginPage.java:24)
at com.actitime.pages.LoginPage.verifyTitle(LoginPage.java:24)
at com.actitime.pages.LoginPage.verifyTitle(LoginPage.java:24)
at com.actitime.pages.LoginPage.verifyTitle(LoginPage.java:24)
at com.actitime.pages.LoginPage.verifyTitle(LoginPage.java:24)
at com.actitime.pages.LoginPage.verifyTitle(LoginPage.java:24)
at com.actitime.pages.LoginPage.verifyTitle(LoginPage.java:24)
at com.actitime.pages.LoginPage.verifyTitle(LoginPage.java:24)
at com.actitime.pages.LoginPage.verifyTitle(LoginPage.java:24)
at com.actitime.pages.LoginPage.verifyTitle(LoginPage.java:24)
at com.actitime.pages.LoginPage.verifyTitle(LoginPage.java:24)
at com.actitime.pages.LoginPage.verifyTitle(LoginPage.java:24)
at com.actitime.pages.LoginPage.verifyTitle(LoginPage.java:24)
at com.actitime.pages.LoginPage.verifyTitle(LoginPage.java:24)
at com.actitime.pages.LoginPage.verifyTitle(LoginPage.java:24)
at com.actitime.pages.LoginPage.verifyTitle(LoginPage.java:24)
at com.actitime.pages.LoginPage.verifyTitle(LoginPage.java:24)
at com.actitime.pages.LoginPage.verifyTitle(LoginPage.java:24)
at com.actitime.pages.LoginPage.verifyTitle(LoginPage.java:24)
at com.actitime.pages.LoginPage.verifyTitle(LoginPage.java:24)
at com.actitime.pages.LoginPage.verifyTitle(LoginPage.java:24)
at com.actitime.pages.LoginPage.verifyTitle(LoginPage.java:24)
at com.actitime.pages.LoginPage.verifyTitle(LoginPage.java:24)
at com.actitime.pages.LoginPage.verifyTitle(LoginPage.java:24)
at com.actitime.pages.LoginPage.verifyTitle(LoginPage.java:24)
at com.actitime.pages.LoginPage.verifyTitle(LoginPage.java:24)
at com.actitime.pages.LoginPage.verifyTitle(LoginPage.java:24)
at com.actitime.pages.LoginPage.verifyTitle(LoginPage.java:24)
at com.actitime.pages.LoginPage.verifyTitle(LoginPage.java:24)
at com.actitime.pages.LoginPage.verifyTitle(LoginPage.java:24)
at com.actitime.pages.LoginPage.verifyTitle(LoginPage.java:24)
at com.actitime.pages.LoginPage.verifyTitle(LoginPage.java:24)
at com.actitime.pages.LoginPage.verifyTitle(LoginPage.java:24)
at com.actitime.pages.LoginPage.verifyTitle(LoginPage.java:24)
at com.actitime.pages.LoginPage.verifyTitle(LoginPage.java:24)
at com.actitime.pages.LoginPage.verifyTitle(LoginPage.java:24)
at com.actitime.pages.LoginPage.verifyTitle(LoginPage.java:24)
at com.actitime.pages.LoginPage.verifyTitle(LoginPage.java:24)
at com.actitime.pages.LoginPage.verifyTitle(LoginPage.java:24)
at com.actitime.pages.LoginPage.verifyTitle(LoginPage.java:24)
at com.actitime.pages.LoginPage.verifyTitle(LoginPage.java:24)
at com.actitime.pages.LoginPage.verifyTitle(LoginPage.java:24)
at com.actitime.pages.LoginPage.verifyTitle(LoginPage.java:24)
at com.actitime.pages.LoginPage.verifyTitle(LoginPage.java:24)
at com.actitime.pages.LoginPage.verifyTitle(LoginPage.java:24)
at com.actitime.pages.LoginPage.verifyTitle(LoginPage.java:24)
at com.actitime.pages.LoginPage.verifyTitle(LoginPage.java:24)
at com.actitime.pages.LoginPage.verifyTitle(LoginPage.java:24)
at com.actitime.pages.LoginPage.verifyTitle(LoginPage.java:24)
at com.actitime.pages.LoginPage.verifyTitle(LoginPage.java:24)
at com.actitime.pages.LoginPage.verifyTitle(LoginPage.java:24)
at com.actitime.pages.LoginPage.verifyTitle(LoginPage.java:24)
at com.actitime.pages.LoginPage.verifyTitle(LoginPage.java:24)
at com.actitime.pages.LoginPage.verifyTitle(LoginPage.java:24)
at com.actitime.pages.LoginPage.verifyTitle(LoginPage.java:24)
at com.actitime.pages.LoginPage.verifyTitle(LoginPage.java:24)
at com.actitime.pages.LoginPage.verifyTitle(LoginPage.java:24)
at com.actitime.pages.LoginPage.verifyTitle(LoginPage.java:24)
at com.actitime.pages.LoginPage.verifyTitle(LoginPage.java:24)
at com.actitime.pages.LoginPage.verifyTitle(LoginPage.java:24)
at com.actitime.pages.LoginPage.verifyTitle(LoginPage.java:24)
at com.actitime.pages.LoginPage.verifyTitle(LoginPage.java:24)
at com.actitime.pages.LoginPage.verifyTitle(LoginPage.java:24)
at com.actitime.pages.LoginPage.verifyTitle(LoginPage.java:24)
at com.actitime.pages.LoginPage.verifyTitle(LoginPage.java:24)
at com.actitime.pages.LoginPage.verifyTitle(LoginPage.java:24)
at com.actitime.pages.LoginPage.verifyTitle(LoginPage.java:24)
at com.actitime.pages.LoginPage.verifyTitle(LoginPage.java:24)
at com.actitime.pages.LoginPage.verifyTitle(LoginPage.java:24)
at com.actitime.pages.LoginPage.verifyTitle(LoginPage.java:24)
at com.actitime.pages.LoginPage.verifyTitle(LoginPage.java:24)
at com.actitime.pages.LoginPage.verifyTitle(LoginPage.java:24)
at com.actitime.pages.LoginPage.verifyTitle(LoginPage.java:24)
at com.actitime.pages.LoginPage.verifyTitle(LoginPage.java:24)
at com.actitime.pages.LoginPage.verifyTitle(LoginPage.java:24)
at com.actitime.pages.LoginPage.verifyTitle(LoginPage.java:24)
at com.actitime.pages.LoginPage.verifyTitle(LoginPage.java:24)
at com.actitime.pages.LoginPage.verifyTitle(LoginPage.java:24)
at com.actitime.pages.LoginPage.verifyTitle(LoginPage.java:24)
at com.actitime.pages.LoginPage.verifyTitle(LoginPage.java:24)
at com.actitime.pages.LoginPage.verifyTitle(LoginPage.java:24)
at com.actitime.pages.LoginPage.verifyTitle(LoginPage.java:24)
at com.actitime.pages.LoginPage.verifyTitle(LoginPage.java:24)
at com.actitime.pages.LoginPage.verifyTitle(LoginPage.java:24)
at com.actitime.pages.LoginPage.verifyTitle(LoginPage.java:24)
at com.actitime.pages.LoginPage.verifyTitle(LoginPage.java:24)
at com.actitime.pages.LoginPage.verifyTitle(LoginPage.java:24)
at com.actitime.pages.LoginPage.verifyTitle(LoginPage.java:24)
at com.actitime.pages.LoginPage.verifyTitle(LoginPage.java:24)
at com.actitime.pages.LoginPage.verifyTitle(LoginPage.java:24)
at com.actitime.pages.LoginPage.verifyTitle(LoginPage.java:24)
at com.actitime.pages.LoginPage.verifyTitle(LoginPage.java:24)
at com.actitime.pages.LoginPage.verifyTitle(LoginPage.java:24)
at com.actitime.pages.LoginPage.verifyTitle(LoginPage.java:24)
at com.actitime.pages.LoginPage.verifyTitle(LoginPage.java:24)
at com.actitime.pages.LoginPage.verifyTitle(LoginPage.java:24)
at com.actitime.pages.LoginPage.verifyTitle(LoginPage.java:24)
at com.actitime.pages.LoginPage.verifyTitle(LoginPage.java:24)
at com.actitime.pages.LoginPage.verifyTitle(LoginPage.java:24)
at com.actitime.pages.LoginPage.verifyTitle(LoginPage.java:24)
at com.actitime.pages.LoginPage.verifyTitle(LoginPage.java:24)
at com.actitime.pages.LoginPage.verifyTitle(LoginPage.java:24)
at com.actitime.pages.LoginPage.verifyTitle(LoginPage.java:24)
at com.actitime.pages.LoginPage.verifyTitle(LoginPage.java:24)
at com.actitime.pages.LoginPage.verifyTitle(LoginPage.java:24)
at com.actitime.pages.LoginPage.verifyTitle(LoginPage.java:24)
at com.actitime.pages.LoginPage.verifyTitle(LoginPage.java:24)
at com.actitime.pages.LoginPage.verifyTitle(LoginPage.java:24)
at com.actitime.pages.LoginPage.verifyTitle(LoginPage.java:24)
at com.actitime.pages.LoginPage.verifyTitle(LoginPage.java:24)
at com.actitime.pages.LoginPage.verifyTitle(LoginPage.java:24)
at com.actitime.pages.LoginPage.verifyTitle(LoginPage.java:24)
at com.actitime.pages.LoginPage.verifyTitle(LoginPage.java:24)
at com.actitime.pages.LoginPage.verifyTitle(LoginPage.java:24)
at com.actitime.pages.LoginPage.verifyTitle(LoginPage.java:24)
at com.actitime.pages.LoginPage.verifyTitle(LoginPage.java:24)
at com.actitime.pages.LoginPage.verifyTitle(LoginPage.java:24)
at com.actitime.pages.LoginPage.verifyTitle(LoginPage.java:24)
at com.actitime.pages.LoginPage.verifyTitle(LoginPage.java:24)
at com.actitime.pages.LoginPage.verifyTitle(LoginPage.java:24)
at com.actitime.pages.LoginPage.verifyTitle(LoginPage.java:24)
at com.actitime.pages.LoginPage.verifyTitle(LoginPage.java:24)
at com.actitime.pages.LoginPage.verifyTitle(LoginPage.java:24)
at com.actitime.pages.LoginPage.verifyTitle(LoginPage.java:24)
at com.actitime.pages.LoginPage.verifyTitle(LoginPage.java:24)
at com.actitime.pages.LoginPage.verifyTitle(LoginPage.java:24)
at com.actitime.pages.LoginPage.verifyTitle(LoginPage.java:24)
at com.actitime.pages.LoginPage.verifyTitle(LoginPage.java:24)
at com.actitime.pages.LoginPage.verifyTitle(LoginPage.java:24)
at com.actitime.pages.LoginPage.verifyTitle(LoginPage.java:24)
at com.actitime.pages.LoginPage.verifyTitle(LoginPage.java:24)
at com.actitime.pages.LoginPage.verifyTitle(LoginPage.java:24)
at com.actitime.pages.LoginPage.verifyTitle(LoginPage.java:24)
at com.actitime.pages.LoginPage.verifyTitle(LoginPage.java:24)
at com.actitime.pages.LoginPage.verifyTitle(LoginPage.java:24)
at com.actitime.pages.LoginPage.verifyTitle(LoginPage.java:24)
at com.actitime.pages.LoginPage.verifyTitle(LoginPage.java:24)
at com.actitime.pages.LoginPage.verifyTitle(LoginPage.java:24)
at com.actitime.pages.LoginPage.verifyTitle(LoginPage.java:24)
at com.actitime.pages.LoginPage.verifyTitle(LoginPage.java:24)
at com.actitime.pages.LoginPage.verifyTitle(LoginPage.java:24)
at com.actitime.pages.LoginPage.verifyTitle(LoginPage.java:24)
at com.actitime.pages.LoginPage.verifyTitle(LoginPage.java:24)
at com.actitime.pages.LoginPage.verifyTitle(LoginPage.java:24)
at com.actitime.pages.LoginPage.verifyTitle(LoginPage.java:24)
at com.actitime.pages.LoginPage.verifyTitle(LoginPage.java:24)
at com.actitime.pages.LoginPage.verifyTitle(LoginPage.java:24)
at com.actitime.pages.LoginPage.verifyTitle(LoginPage.java:24)
at com.actitime.pages.LoginPage.verifyTitle(LoginPage.java:24)
at com.actitime.pages.LoginPage.verifyTitle(LoginPage.java:24)
at com.actitime.pages.LoginPage.verifyTitle(LoginPage.java:24)
at com.actitime.pages.LoginPage.verifyTitle(LoginPage.java:24)
at com.actitime.pages.LoginPage.verifyTitle(LoginPage.java:24)
at com.actitime.pages.LoginPage.verifyTitle(LoginPage.java:24)
at com.actitime.pages.LoginPage.verifyTitle(LoginPage.java:24)
at com.actitime.pages.LoginPage.verifyTitle(LoginPage.java:24)
at com.actitime.pages.LoginPage.verifyTitle(LoginPage.java:24)
at com.actitime.pages.LoginPage.verifyTitle(LoginPage.java:24)
at com.actitime.pages.LoginPage.verifyTitle(LoginPage.java:24)
at com.actitime.pages.LoginPage.verifyTitle(LoginPage.java:24)
at com.actitime.pages.LoginPage.verifyTitle(LoginPage.java:24)
at com.actitime.pages.LoginPage.verifyTitle(LoginPage.java:24)
at com.actitime.pages.LoginPage.verifyTitle(LoginPage.java:24)
at com.actitime.pages.LoginPage.verifyTitle(LoginPage.java:24)
at com.actitime.pages.LoginPage.verifyTitle(LoginPage.java:24)
at com.actitime.pages.LoginPage.verifyTitle(LoginPage.java:24)
at com.actitime.pages.LoginPage.verifyTitle(LoginPage.java:24)
at com.actitime.pages.LoginPage.verifyTitle(LoginPage.java:24)
at com.actitime.pages.LoginPage.verifyTitle(LoginPage.java:24)
at com.actitime.pages.LoginPage.verifyTitle(LoginPage.java:24)
at com.actitime.pages.LoginPage.verifyTitle(LoginPage.java:24)
at com.actitime.pages.LoginPage.verifyTitle(LoginPage.java:24)
at com.actitime.pages.LoginPage.verifyTitle(LoginPage.java:24)
at com.actitime.pages.LoginPage.verifyTitle(LoginPage.java:24)
at com.actitime.pages.LoginPage.verifyTitle(LoginPage.java:24)
at com.actitime.pages.LoginPage.verifyTitle(LoginPage.java:24)
at com.actitime.pages.LoginPage.verifyTitle(LoginPage.java:24)
at com.actitime.pages.LoginPage.verifyTitle(LoginPage.java:24)
at com.actitime.pages.LoginPage.verifyTitle(LoginPage.java:24)
at com.actitime.pages.LoginPage.verifyTitle(LoginPage.java:24)
at com.actitime.pages.LoginPage.verifyTitle(LoginPage.java:24)
at com.actitime.pages.LoginPage.verifyTitle(LoginPage.java:24)
at com.actitime.pages.LoginPage.verifyTitle(LoginPage.java:24)
at com.actitime.pages.LoginPage.verifyTitle(LoginPage.java:24)
at com.actitime.pages.LoginPage.verifyTitle(LoginPage.java:24)
at com.actitime.pages.LoginPage.verifyTitle(LoginPage.java:24)
at com.actitime.pages.LoginPage.verifyTitle(LoginPage.java:24)
at com.actitime.pages.LoginPage.verifyTitle(LoginPage.java:24)
at com.actitime.pages.LoginPage.verifyTitle(LoginPage.java:24)
at com.actitime.pages.LoginPage.verifyTitle(LoginPage.java:24)
at com.actitime.pages.LoginPage.verifyTitle(LoginPage.java:24)
at com.actitime.pages.LoginPage.verifyTitle(LoginPage.java:24)
at com.actitime.pages.LoginPage.verifyTitle(LoginPage.java:24)
at com.actitime.pages.LoginPage.verifyTitle(LoginPage.java:24)
at com.actitime.pages.LoginPage.verifyTitle(LoginPage.java:24)
at com.actitime.pages.LoginPage.verifyTitle(LoginPage.java:24)
at com.actitime.pages.LoginPage.verifyTitle(LoginPage.java:24)
at com.actitime.pages.LoginPage.verifyTitle(LoginPage.java:24)
at com.actitime.pages.LoginPage.verifyTitle(LoginPage.java:24)
at com.actitime.pages.LoginPage.verifyTitle(LoginPage.java:24)
at com.actitime.pages.LoginPage.verifyTitle(LoginPage.java:24)
at com.actitime.pages.LoginPage.verifyTitle(LoginPage.java:24)
at com.actitime.pages.LoginPage.verifyTitle(LoginPage.java:24)
at com.actitime.pages.LoginPage.verifyTitle(LoginPage.java:24)
at com.actitime.pages.LoginPage.verifyTitle(LoginPage.java:24)
at com.actitime.pages.LoginPage.verifyTitle(LoginPage.java:24)
at com.actitime.pages.LoginPage.verifyTitle(LoginPage.java:24)
at com.actitime.pages.LoginPage.verifyTitle(LoginPage.java:24)
at com.actitime.pages.LoginPage.verifyTitle(LoginPage.java:24)
at com.actitime.pages.LoginPage.verifyTitle(LoginPage.java:24)
at com.actitime.pages.LoginPage.verifyTitle(LoginPage.java:24)
at com.actitime.pages.LoginPage.verifyTitle(LoginPage.java:24)
at com.actitime.pages.LoginPage.verifyTitle(LoginPage.java:24)
at com.actitime.pages.LoginPage.verifyTitle(LoginPage.java:24)
at com.actitime.pages.LoginPage.verifyTitle(LoginPage.java:24)
at com.actitime.pages.LoginPage.verifyTitle(LoginPage.java:24)
at com.actitime.pages.LoginPage.verifyTitle(LoginPage.java:24)
at com.actitime.pages.LoginPage.verifyTitle(LoginPage.java:24)
at com.actitime.pages.LoginPage.verifyTitle(LoginPage.java:24)
at com.actitime.pages.LoginPage.verifyTitle(LoginPage.java:24)
at com.actitime.pages.LoginPage.verifyTitle(LoginPage.java:24)
at com.actitime.pages.LoginPage.verifyTitle(LoginPage.java:24)
at com.actitime.pages.LoginPage.verifyTitle(LoginPage.java:24)
at com.actitime.pages.LoginPage.verifyTitle(LoginPage.java:24)
at com.actitime.pages.LoginPage.verifyTitle(LoginPage.java:24)
at com.actitime.pages.LoginPage.verifyTitle(LoginPage.java:24)
at com.actitime.pages.LoginPage.verifyTitle(LoginPage.java:24)
at com.actitime.pages.LoginPage.verifyTitle(LoginPage.java:24)
at com.actitime.pages.LoginPage.verifyTitle(LoginPage.java:24)
at com.actitime.pages.LoginPage.verifyTitle(LoginPage.java:24)
at com.actitime.pages.LoginPage.verifyTitle(LoginPage.java:24)
at com.actitime.pages.LoginPage.verifyTitle(LoginPage.java:24)
at com.actitime.pages.LoginPage.verifyTitle(LoginPage.java:24)
at com.actitime.pages.LoginPage.verifyTitle(LoginPage.java:24)
at com.actitime.pages.LoginPage.verifyTitle(LoginPage.java:24)
at com.actitime.pages.LoginPage.verifyTitle(LoginPage.java:24)
at com.actitime.pages.LoginPage.verifyTitle(LoginPage.java:24)
at com.actitime.pages.LoginPage.verifyTitle(LoginPage.java:24)
at com.actitime.pages.LoginPage.verifyTitle(LoginPage.java:24)
at com.actitime.pages.LoginPage.verifyTitle(LoginPage.java:24)
at com.actitime.pages.LoginPage.verifyTitle(LoginPage.java:24)
at com.actitime.pages.LoginPage.verifyTitle(LoginPage.java:24)
at com.actitime.pages.LoginPage.verifyTitle(LoginPage.java:24)
at com.actitime.pages.LoginPage.verifyTitle(LoginPage.java:24)
at com.actitime.pages.LoginPage.verifyTitle(LoginPage.java:24)
at com.actitime.pages.LoginPage.verifyTitle(LoginPage.java:24)
at com.actitime.pages.LoginPage.verifyTitle(LoginPage.java:24)
at com.actitime.pages.LoginPage.verifyTitle(LoginPage.java:24)
at com.actitime.pages.LoginPage.verifyTitle(LoginPage.java:24)
at com.actitime.pages.LoginPage.verifyTitle(LoginPage.java:24)
at com.actitime.pages.LoginPage.verifyTitle(LoginPage.java:24)
at com.actitime.pages.LoginPage.verifyTitle(LoginPage.java:24)
at com.actitime.pages.LoginPage.verifyTitle(LoginPage.java:24)
at com.actitime.pages.LoginPage.verifyTitle(LoginPage.java:24)
at com.actitime.pages.LoginPage.verifyTitle(LoginPage.java:24)
at com.actitime.pages.LoginPage.verifyTitle(LoginPage.java:24)
at com.actitime.pages.LoginPage.verifyTitle(LoginPage.java:24)
at com.actitime.pages.LoginPage.verifyTitle(LoginPage.java:24)
at com.actitime.pages.LoginPage.verifyTitle(LoginPage.java:24)
at com.actitime.pages.LoginPage.verifyTitle(LoginPage.java:24)
at com.actitime.pages.LoginPage.verifyTitle(LoginPage.java:24)
at com.actitime.pages.LoginPage.verifyTitle(LoginPage.java:24)
at com.actitime.pages.LoginPage.verifyTitle(LoginPage.java:24)
at com.actitime.pages.LoginPage.verifyTitle(LoginPage.java:24)
at com.actitime.pages.LoginPage.verifyTitle(LoginPage.java:24)
at com.actitime.pages.LoginPage.verifyTitle(LoginPage.java:24)
at com.actitime.pages.LoginPage.verifyTitle(LoginPage.java:24)
at com.actitime.pages.LoginPage.verifyTitle(LoginPage.java:24)
at com.actitime.pages.LoginPage.verifyTitle(LoginPage.java:24)
at com.actitime.pages.LoginPage.verifyTitle(LoginPage.java:24)
at com.actitime.pages.LoginPage.verifyTitle(LoginPage.java:24)
at com.actitime.pages.LoginPage.verifyTitle(LoginPage.java:24)
at com.actitime.pages.LoginPage.verifyTitle(LoginPage.java:24)
at com.actitime.pages.LoginPage.verifyTitle(LoginPage.java:24)
at com.actitime.pages.LoginPage.verifyTitle(LoginPage.java:24)
at com.actitime.pages.LoginPage.verifyTitle(LoginPage.java:24)
at com.actitime.pages.LoginPage.verifyTitle(LoginPage.java:24)
at com.actitime.pages.LoginPage.verifyTitle(LoginPage.java:24)
at com.actitime.pages.LoginPage.verifyTitle(LoginPage.java:24)
at com.actitime.pages.LoginPage.verifyTitle(LoginPage.java:24)
at com.actitime.pages.LoginPage.verifyTitle(LoginPage.java:24)
at com.actitime.pages.LoginPage.verifyTitle(LoginPage.java:24)
at com.actitime.pages.LoginPage.verifyTitle(LoginPage.java:24)
at com.actitime.pages.LoginPage.verifyTitle(LoginPage.java:24)
at com.actitime.pages.LoginPage.verifyTitle(LoginPage.java:24)
at com.actitime.pages.LoginPage.verifyTitle(LoginPage.java:24)
at com.actitime.pages.LoginPage.verifyTitle(LoginPage.java:24)
at com.actitime.pages.LoginPage.verifyTitle(LoginPage.java:24)
at com.actitime.pages.LoginPage.verifyTitle(LoginPage.java:24)
at com.actitime.pages.LoginPage.verifyTitle(LoginPage.java:24)
at com.actitime.pages.LoginPage.verifyTitle(LoginPage.java:24)
at com.actitime.pages.LoginPage.verifyTitle(LoginPage.java:24)
at com.actitime.pages.LoginPage.verifyTitle(LoginPage.java:24)
at com.actitime.pages.LoginPage.verifyTitle(LoginPage.java:24)
at com.actitime.pages.LoginPage.verifyTitle(LoginPage.java:24)
at com.actitime.pages.LoginPage.verifyTitle(LoginPage.java:24)
at com.actitime.pages.LoginPage.verifyTitle(LoginPage.java:24)
at com.actitime.pages.LoginPage.verifyTitle(LoginPage.java:24)
at com.actitime.pages.LoginPage.verifyTitle(LoginPage.java:24)
at com.actitime.pages.LoginPage.verifyTitle(LoginPage.java:24)
at com.actitime.pages.LoginPage.verifyTitle(LoginPage.java:24)
at com.actitime.pages.LoginPage.verifyTitle(LoginPage.java:24)
at com.actitime.pages.LoginPage.verifyTitle(LoginPage.java:24)
at com.actitime.pages.LoginPage.verifyTitle(LoginPage.java:24)
at com.actitime.pages.LoginPage.verifyTitle(LoginPage.java:24)
at com.actitime.pages.LoginPage.verifyTitle(LoginPage.java:24)
at com.actitime.pages.LoginPage.verifyTitle(LoginPage.java:24)
at com.actitime.pages.LoginPage.verifyTitle(LoginPage.java:24)
at com.actitime.pages.LoginPage.verifyTitle(LoginPage.java:24)
at com.actitime.pages.LoginPage.verifyTitle(LoginPage.java:24)
at com.actitime.pages.LoginPage.verifyTitle(LoginPage.java:24)
at com.actitime.pages.LoginPage.verifyTitle(LoginPage.java:24)
at com.actitime.pages.LoginPage.verifyTitle(LoginPage.java:24)
at com.actitime.pages.LoginPage.verifyTitle(LoginPage.java:24)
at com.actitime.pages.LoginPage.verifyTitle(LoginPage.java:24)
at com.actitime.pages.LoginPage.verifyTitle(LoginPage.java:24)
at com.actitime.pages.LoginPage.verifyTitle(LoginPage.java:24)
at com.actitime.pages.LoginPage.verifyTitle(LoginPage.java:24)
at com.actitime.pages.LoginPage.verifyTitle(LoginPage.java:24)
at com.actitime.pages.LoginPage.verifyTitle(LoginPage.java:24)
at com.actitime.pages.LoginPage.verifyTitle(LoginPage.java:24)
at com.actitime.pages.LoginPage.verifyTitle(LoginPage.java:24)
at com.actitime.pages.LoginPage.verifyTitle(LoginPage.java:24)
at com.actitime.pages.LoginPage.verifyTitle(LoginPage.java:24)
at com.actitime.pages.LoginPage.verifyTitle(LoginPage.java:24)
at com.actitime.pages.LoginPage.verifyTitle(LoginPage.java:24)
at com.actitime.pages.LoginPage.verifyTitle(LoginPage.java:24)
at com.actitime.pages.LoginPage.verifyTitle(LoginPage.java:24)
at com.actitime.pages.LoginPage.verifyTitle(LoginPage.java:24)
at com.actitime.pages.LoginPage.verifyTitle(LoginPage.java:24)
at com.actitime.pages.LoginPage.verifyTitle(LoginPage.java:24)
at com.actitime.pages.LoginPage.verifyTitle(LoginPage.java:24)
at com.actitime.pages.LoginPage.verifyTitle(LoginPage.java:24)
at com.actitime.pages.LoginPage.verifyTitle(LoginPage.java:24)
at com.actitime.pages.LoginPage.verifyTitle(LoginPage.java:24)
at com.actitime.pages.LoginPage.verifyTitle(LoginPage.java:24)
at com.actitime.pages.LoginPage.verifyTitle(LoginPage.java:24)
at com.actitime.pages.LoginPage.verifyTitle(LoginPage.java:24)
at com.actitime.pages.LoginPage.verifyTitle(LoginPage.java:24)
at com.actitime.pages.LoginPage.verifyTitle(LoginPage.java:24)
at com.actitime.pages.LoginPage.verifyTitle(LoginPage.java:24)
at com.actitime.pages.LoginPage.verifyTitle(LoginPage.java:24)
at com.actitime.pages.LoginPage.verifyTitle(LoginPage.java:24)
at com.actitime.pages.LoginPage.verifyTitle(LoginPage.java:24)
at com.actitime.pages.LoginPage.verifyTitle(LoginPage.java:24)
at com.actitime.pages.LoginPage.verifyTitle(LoginPage.java:24)
at com.actitime.pages.LoginPage.verifyTitle(LoginPage.java:24)
at com.actitime.pages.LoginPage.verifyTitle(LoginPage.java:24)
at com.actitime.pages.LoginPage.verifyTitle(LoginPage.java:24)
at com.actitime.pages.LoginPage.verifyTitle(LoginPage.java:24)
at com.actitime.pages.LoginPage.verifyTitle(LoginPage.java:24)
at com.actitime.pages.LoginPage.verifyTitle(LoginPage.java:24)
at com.actitime.pages.LoginPage.verifyTitle(LoginPage.java:24)
at com.actitime.pages.LoginPage.verifyTitle(LoginPage.java:24)
at com.actitime.pages.LoginPage.verifyTitle(LoginPage.java:24)
at com.actitime.pages.LoginPage.verifyTitle(LoginPage.java:24)
at com.actitime.pages.LoginPage.verifyTitle(LoginPage.java:24)
at com.actitime.pages.LoginPage.verifyTitle(LoginPage.java:24)
at com.actitime.pages.LoginPage.verifyTitle(LoginPage.java:24)
at com.actitime.pages.LoginPage.verifyTitle(LoginPage.java:24)
at com.actitime.pages.LoginPage.verifyTitle(LoginPage.java:24)
at com.actitime.pages.LoginPage.verifyTitle(LoginPage.java:24)
at com.actitime.pages.LoginPage.verifyTitle(LoginPage.java:24)
at com.actitime.pages.LoginPage.verifyTitle(LoginPage.java:24)
at com.actitime.pages.LoginPage.verifyTitle(LoginPage.java:24)
at com.actitime.pages.LoginPage.verifyTitle(LoginPage.java:24)
at com.actitime.pages.LoginPage.verifyTitle(LoginPage.java:24)
at com.actitime.pages.LoginPage.verifyTitle(LoginPage.java:24)
at com.actitime.pages.LoginPage.verifyTitle(LoginPage.java:24)
at com.actitime.pages.LoginPage.verifyTitle(LoginPage.java:24)
at com.actitime.pages.LoginPage.verifyTitle(LoginPage.java:24)
at com.actitime.pages.LoginPage.verifyTitle(LoginPage.java:24)
at com.actitime.pages.LoginPage.verifyTitle(LoginPage.java:24)
at com.actitime.pages.LoginPage.verifyTitle(LoginPage.java:24)
at com.actitime.pages.LoginPage.verifyTitle(LoginPage.java:24)
at com.actitime.pages.LoginPage.verifyTitle(LoginPage.java:24)
at com.actitime.pages.LoginPage.verifyTitle(LoginPage.java:24)
at com.actitime.pages.LoginPage.verifyTitle(LoginPage.java:24)
at com.actitime.pages.LoginPage.verifyTitle(LoginPage.java:24)
at com.actitime.pages.LoginPage.verifyTitle(LoginPage.java:24)
at com.actitime.pages.LoginPage.verifyTitle(LoginPage.java:24)
at com.actitime.pages.LoginPage.verifyTitle(LoginPage.java:24)
at com.actitime.pages.LoginPage.verifyTitle(LoginPage.java:24)
at com.actitime.pages.LoginPage.verifyTitle(LoginPage.java:24)
at com.actitime.pages.LoginPage.verifyTitle(LoginPage.java:24)
at com.actitime.pages.LoginPage.verifyTitle(LoginPage.java:24)
at com.actitime.pages.LoginPage.verifyTitle(LoginPage.java:24)
at com.actitime.pages.LoginPage.verifyTitle(LoginPage.java:24)
at com.actitime.pages.LoginPage.verifyTitle(LoginPage.java:24)
at com.actitime.pages.LoginPage.verifyTitle(LoginPage.java:24)
at com.actitime.pages.LoginPage.verifyTitle(LoginPage.java:24)
at com.actitime.pages.LoginPage.verifyTitle(LoginPage.java:24)
at com.actitime.pages.LoginPage.verifyTitle(LoginPage.java:24)
at com.actitime.pages.LoginPage.verifyTitle(LoginPage.java:24)
at com.actitime.pages.LoginPage.verifyTitle(LoginPage.java:24)
at com.actitime.pages.LoginPage.verifyTitle(LoginPage.java:24)
at com.actitime.pages.LoginPage.verifyTitle(LoginPage.java:24)
at com.actitime.pages.LoginPage.verifyTitle(LoginPage.java:24)
at com.actitime.pages.LoginPage.verifyTitle(LoginPage.java:24)
at com.actitime.pages.LoginPage.verifyTitle(LoginPage.java:24)
at com.actitime.pages.LoginPage.verifyTitle(LoginPage.java:24)
at com.actitime.pages.LoginPage.verifyTitle(LoginPage.java:24)
at com.actitime.pages.LoginPage.verifyTitle(LoginPage.java:24)
at com.actitime.pages.LoginPage.verifyTitle(LoginPage.java:24)
at com.actitime.pages.LoginPage.verifyTitle(LoginPage.java:24)
at com.actitime.pages.LoginPage.verifyTitle(LoginPage.java:24)
at com.actitime.pages.LoginPage.verifyTitle(LoginPage.java:24)
at com.actitime.pages.LoginPage.verifyTitle(LoginPage.java:24)
at com.actitime.pages.LoginPage.verifyTitle(LoginPage.java:24)
at com.actitime.pages.LoginPage.verifyTitle(LoginPage.java:24)
at com.actitime.pages.LoginPage.verifyTitle(LoginPage.java:24)
at com.actitime.pages.LoginPage.verifyTitle(LoginPage.java:24)
at com.actitime.pages.LoginPage.verifyTitle(LoginPage.java:24)
at com.actitime.pages.LoginPage.verifyTitle(LoginPage.java:24)
at com.actitime.pages.LoginPage.verifyTitle(LoginPage.java:24)
at com.actitime.pages.LoginPage.verifyTitle(LoginPage.java:24)
at com.actitime.pages.LoginPage.verifyTitle(LoginPage.java:24)
at com.actitime.pages.LoginPage.verifyTitle(LoginPage.java:24)
at com.actitime.pages.LoginPage.verifyTitle(LoginPage.java:24)
at com.actitime.pages.LoginPage.verifyTitle(LoginPage.java:24)
at com.actitime.pages.LoginPage.verifyTitle(LoginPage.java:24)
at com.actitime.pages.LoginPage.verifyTitle(LoginPage.java:24)
at com.actitime.pages.LoginPage.verifyTitle(LoginPage.java:24)
at com.actitime.pages.LoginPage.verifyTitle(LoginPage.java:24)
at com.actitime.pages.LoginPage.verifyTitle(LoginPage.java:24)
at com.actitime.pages.LoginPage.verifyTitle(LoginPage.java:24)
at com.actitime.pages.LoginPage.verifyTitle(LoginPage.java:24)
at com.actitime.pages.LoginPage.verifyTitle(LoginPage.java:24)
at com.actitime.pages.LoginPage.verifyTitle(LoginPage.java:24)
at com.actitime.pages.LoginPage.verifyTitle(LoginPage.java:24)
at com.actitime.pages.LoginPage.verifyTitle(LoginPage.java:24)
at com.actitime.pages.LoginPage.verifyTitle(LoginPage.java:24)
at com.actitime.pages.LoginPage.verifyTitle(LoginPage.java:24)
at com.actitime.pages.LoginPage.verifyTitle(LoginPage.java:24)
at com.actitime.pages.LoginPage.verifyTitle(LoginPage.java:24)
at com.actitime.pages.LoginPage.verifyTitle(LoginPage.java:24)
at com.actitime.pages.LoginPage.verifyTitle(LoginPage.java:24)
at com.actitime.pages.LoginPage.verifyTitle(LoginPage.java:24)
at com.actitime.pages.LoginPage.verifyTitle(LoginPage.java:24)
at com.actitime.pages.LoginPage.verifyTitle(LoginPage.java:24)
at com.actitime.pages.LoginPage.verifyTitle(LoginPage.java:24)
at com.actitime.pages.LoginPage.verifyTitle(LoginPage.java:24)
at com.actitime.pages.LoginPage.verifyTitle(LoginPage.java:24)
at com.actitime.pages.LoginPage.verifyTitle(LoginPage.java:24)
at com.actitime.pages.LoginPage.verifyTitle(LoginPage.java:24)
at com.actitime.pages.LoginPage.verifyTitle(LoginPage.java:24)
at com.actitime.pages.LoginPage.verifyTitle(LoginPage.java:24)
at com.actitime.pages.LoginPage.verifyTitle(LoginPage.java:24)
at com.actitime.pages.LoginPage.verifyTitle(LoginPage.java:24)
at com.actitime.pages.LoginPage.verifyTitle(LoginPage.java:24)
at com.actitime.pages.LoginPage.verifyTitle(LoginPage.java:24)
at com.actitime.pages.LoginPage.verifyTitle(LoginPage.java:24)
at com.actitime.pages.LoginPage.verifyTitle(LoginPage.java:24)
at com.actitime.pages.LoginPage.verifyTitle(LoginPage.java:24)
at com.actitime.pages.LoginPage.verifyTitle(LoginPage.java:24)
at com.actitime.pages.LoginPage.verifyTitle(LoginPage.java:24)
at com.actitime.pages.LoginPage.verifyTitle(LoginPage.java:24)
at com.actitime.pages.LoginPage.verifyTitle(LoginPage.java:24)
at com.actitime.pages.LoginPage.verifyTitle(LoginPage.java:24)
at com.actitime.pages.LoginPage.verifyTitle(LoginPage.java:24)
at com.actitime.pages.LoginPage.verifyTitle(LoginPage.java:24)
at com.actitime.pages.LoginPage.verifyTitle(LoginPage.java:24)
at com.actitime.pages.LoginPage.verifyTitle(LoginPage.java:24)
at com.actitime.pages.LoginPage.verifyTitle(LoginPage.java:24)
at com.actitime.pages.LoginPage.verifyTitle(LoginPage.java:24)
at com.actitime.pages.LoginPage.verifyTitle(LoginPage.java:24)
at com.actitime.pages.LoginPage.verifyTitle(LoginPage.java:24)
at com.actitime.pages.LoginPage.verifyTitle(LoginPage.java:24)
at com.actitime.pages.LoginPage.verifyTitle(LoginPage.java:24)
at com.actitime.pages.LoginPage.verifyTitle(LoginPage.java:24)
at com.actitime.pages.LoginPage.verifyTitle(LoginPage.java:24)
at com.actitime.pages.LoginPage.verifyTitle(LoginPage.java:24)
at com.actitime.pages.LoginPage.verifyTitle(LoginPage.java:24)
at com.actitime.pages.LoginPage.verifyTitle(LoginPage.java:24)
at com.actitime.pages.LoginPage.verifyTitle(LoginPage.java:24)
at com.actitime.pages.LoginPage.verifyTitle(LoginPage.java:24)
at com.actitime.pages.LoginPage.verifyTitle(LoginPage.java:24)
at com.actitime.pages.LoginPage.verifyTitle(LoginPage.java:24)
at com.actitime.pages.LoginPage.verifyTitle(LoginPage.java:24)
at com.actitime.pages.LoginPage.verifyTitle(LoginPage.java:24)
at com.actitime.pages.LoginPage.verifyTitle(LoginPage.java:24)
at com.actitime.pages.LoginPage.verifyTitle(LoginPage.java:24)
at com.actitime.pages.LoginPage.verifyTitle(LoginPage.java:24)
at com.actitime.pages.LoginPage.verifyTitle(LoginPage.java:24)
]]>
    </failure>
  </testcase> <!-- testVerifyVersion -->
</testsuite> <!-- Default test -->
