<?xml version="1.0" encoding="UTF-8"?>
<testng-results skipped="0" failed="3" ignored="0" total="3" passed="0">
  <reporter-output>
  </reporter-output>
  <suite name="Suite" duration-ms="89690" started-at="2018-07-25T15:14:34Z" finished-at="2018-07-25T15:16:04Z">
    <groups>
    </groups>
    <test name="Test" duration-ms="89690" started-at="2018-07-25T15:14:34Z" finished-at="2018-07-25T15:16:04Z">
      <class name="com.actitime.tests.ValidLoginLogoutTest">
        <test-method status="PASS" signature="preCondition()[pri:0, instance:com.actitime.tests.ValidLoginLogoutTest@c46bcd4]" name="preCondition" is-config="true" duration-ms="36709" started-at="2018-07-25T15:14:34Z" finished-at="2018-07-25T15:15:11Z">
          <reporter-output>
          </reporter-output>
        </test-method> <!-- preCondition -->
        <test-method status="FAIL" signature="testValidLoginLogout()[pri:1, instance:com.actitime.tests.ValidLoginLogoutTest@c46bcd4]" name="testValidLoginLogout" duration-ms="22070" started-at="2018-07-25T15:15:11Z" finished-at="2018-07-25T15:15:33Z">
          <exception class="java.lang.StackOverflowError">
            <full-stacktrace>
              <![CDATA[java.lang.StackOverflowError
at com.actitime.pages.LoginPage.verifyTitle(LoginPage.java:24)
at com.actitime.pages.LoginPage.verifyTitle(LoginPage.java:24)
at com.actitime.pages.LoginPage.verifyTitle(LoginPage.java:24)
at com.actitime.pages.LoginPage.verifyTitle(LoginPage.java:24)
at com.actitime.pages.LoginPage.verifyTitle(LoginPage.java:24)
at com.actitime.pages.LoginPage.verifyTitle(LoginPage.java:24)
at com.actitime.pages.LoginPage.verifyTitle(LoginPage.java:24)
at com.actitime.pages.LoginPage.verifyTitle(LoginPage.java:24)
at com.actitime.pages.LoginPage.verifyTitle(LoginPage.java:24)
at com.actitime.pages.LoginPage.verifyTitle(LoginPage.java:24)
at com.actitime.pages.LoginPage.verifyTitle(LoginPage.java:24)
at com.actitime.pages.LoginPage.verifyTitle(LoginPage.java:24)
at com.actitime.pages.LoginPage.verifyTitle(LoginPage.java:24)
at com.actitime.pages.LoginPage.verifyTitle(LoginPage.java:24)
at com.actitime.pages.LoginPage.verifyTitle(LoginPage.java:24)
at com.actitime.pages.LoginPage.verifyTitle(LoginPage.java:24)
at com.actitime.pages.LoginPage.verifyTitle(LoginPage.java:24)
at com.actitime.pages.LoginPage.verifyTitle(LoginPage.java:24)
at com.actitime.pages.LoginPage.verifyTitle(LoginPage.java:24)
at com.actitime.pages.LoginPage.verifyTitle(LoginPage.java:24)
at com.actitime.pages.LoginPage.verifyTitle(LoginPage.java:24)
at com.actitime.pages.LoginPage.verifyTitle(LoginPage.java:24)
at com.actitime.pages.LoginPage.verifyTitle(LoginPage.java:24)
at com.actitime.pages.LoginPage.verifyTitle(LoginPage.java:24)
at com.actitime.pages.LoginPage.verifyTitle(LoginPage.java:24)
at com.actitime.pages.LoginPage.verifyTitle(LoginPage.java:24)
at com.actitime.pages.LoginPage.verifyTitle(LoginPage.java:24)
at com.actitime.pages.LoginPage.verifyTitle(LoginPage.java:24)
at com.actitime.pages.LoginPage.verifyTitle(LoginPage.java:24)
at com.actitime.pages.LoginPage.verifyTitle(LoginPage.java:24)
at com.actitime.pages.LoginPage.verifyTitle(LoginPage.java:24)
at com.actitime.pages.LoginPage.verifyTitle(LoginPage.java:24)
at com.actitime.pages.LoginPage.verifyTitle(LoginPage.java:24)
at com.actitime.pages.LoginPage.verifyTitle(LoginPage.java:24)
at com.actitime.pages.LoginPage.verifyTitle(LoginPage.java:24)
at com.actitime.pages.LoginPage.verifyTitle(LoginPage.java:24)
at com.actitime.pages.LoginPage.verifyTitle(LoginPage.java:24)
at com.actitime.pages.LoginPage.verifyTitle(LoginPage.java:24)
at com.actitime.pages.LoginPage.verifyTitle(LoginPage.java:24)
at com.actitime.pages.LoginPage.verifyTitle(LoginPage.java:24)
at com.actitime.pages.LoginPage.verifyTitle(LoginPage.java:24)
at com.actitime.pages.LoginPage.verifyTitle(LoginPage.java:24)
at com.actitime.pages.LoginPage.verifyTitle(LoginPage.java:24)
at com.actitime.pages.LoginPage.verifyTitle(LoginPage.java:24)
at com.actitime.pages.LoginPage.verifyTitle(LoginPage.java:24)
at com.actitime.pages.LoginPage.verifyTitle(LoginPage.java:24)
at com.actitime.pages.LoginPage.verifyTitle(LoginPage.java:24)
at com.actitime.pages.LoginPage.verifyTitle(LoginPage.java:24)
at com.actitime.pages.LoginPage.verifyTitle(LoginPage.java:24)
at com.actitime.pages.LoginPage.verifyTitle(LoginPage.java:24)
at com.actitime.pages.LoginPage.verifyTitle(LoginPage.java:24)
at com.actitime.pages.LoginPage.verifyTitle(LoginPage.java:24)
at com.actitime.pages.LoginPage.verifyTitle(LoginPage.java:24)
at com.actitime.pages.LoginPage.verifyTitle(LoginPage.java:24)
at com.actitime.pages.LoginPage.verifyTitle(LoginPage.java:24)
at com.actitime.pages.LoginPage.verifyTitle(LoginPage.java:24)
at com.actitime.pages.LoginPage.verifyTitle(LoginPage.java:24)
at com.actitime.pages.LoginPage.verifyTitle(LoginPage.java:24)
at com.actitime.pages.LoginPage.verifyTitle(LoginPage.java:24)
at com.actitime.pages.LoginPage.verifyTitle(LoginPage.java:24)
at com.actitime.pages.LoginPage.verifyTitle(LoginPage.java:24)
at com.actitime.pages.LoginPage.verifyTitle(LoginPage.java:24)
at com.actitime.pages.LoginPage.verifyTitle(LoginPage.java:24)
at com.actitime.pages.LoginPage.verifyTitle(LoginPage.java:24)
at com.actitime.pages.LoginPage.verifyTitle(LoginPage.java:24)
at com.actitime.pages.LoginPage.verifyTitle(LoginPage.java:24)
at com.actitime.pages.LoginPage.verifyTitle(LoginPage.java:24)
at com.actitime.pages.LoginPage.verifyTitle(LoginPage.java:24)
at com.actitime.pages.LoginPage.verifyTitle(LoginPage.java:24)
at com.actitime.pages.LoginPage.verifyTitle(LoginPage.java:24)
at com.actitime.pages.LoginPage.verifyTitle(LoginPage.java:24)
at com.actitime.pages.LoginPage.verifyTitle(LoginPage.java:24)
at com.actitime.pages.LoginPage.verifyTitle(LoginPage.java:24)
at com.actitime.pages.LoginPage.verifyTitle(LoginPage.java:24)
at com.actitime.pages.LoginPage.verifyTitle(LoginPage.java:24)
at com.actitime.pages.LoginPage.verifyTitle(LoginPage.java:24)
at com.actitime.pages.LoginPage.verifyTitle(LoginPage.java:24)
at com.actitime.pages.LoginPage.verifyTitle(LoginPage.java:24)
at com.actitime.pages.LoginPage.verifyTitle(LoginPage.java:24)
at com.actitime.pages.LoginPage.verifyTitle(LoginPage.java:24)
at com.actitime.pages.LoginPage.verifyTitle(LoginPage.java:24)
at com.actitime.pages.LoginPage.verifyTitle(LoginPage.java:24)
at com.actitime.pages.LoginPage.verifyTitle(LoginPage.java:24)
at com.actitime.pages.LoginPage.verifyTitle(LoginPage.java:24)
at com.actitime.pages.LoginPage.verifyTitle(LoginPage.java:24)
at com.actitime.pages.LoginPage.verifyTitle(LoginPage.java:24)
at com.actitime.pages.LoginPage.verifyTitle(LoginPage.java:24)
at com.actitime.pages.LoginPage.verifyTitle(LoginPage.java:24)
at com.actitime.pages.LoginPage.verifyTitle(LoginPage.java:24)
at com.actitime.pages.LoginPage.verifyTitle(LoginPage.java:24)
at com.actitime.pages.LoginPage.verifyTitle(LoginPage.java:24)
at com.actitime.pages.LoginPage.verifyTitle(LoginPage.java:24)
at com.actitime.pages.LoginPage.verifyTitle(LoginPage.java:24)
at com.actitime.pages.LoginPage.verifyTitle(LoginPage.java:24)
at com.actitime.pages.LoginPage.verifyTitle(LoginPage.java:24)
at com.actitime.pages.LoginPage.verifyTitle(LoginPage.java:24)
at com.actitime.pages.LoginPage.verifyTitle(LoginPage.java:24)
at com.actitime.pages.LoginPage.verifyTitle(LoginPage.java:24)
at com.actitime.pages.LoginPage.verifyTitle(LoginPage.java:24)
at com.actitime.pages.LoginPage.verifyTitle(LoginPage.java:24)
at com.actitime.pages.LoginPage.verifyTitle(LoginPage.java:24)
at com.actitime.pages.LoginPage.verifyTitle(LoginPage.java:24)
at com.actitime.pages.LoginPage.verifyTitle(LoginPage.java:24)
at com.actitime.pages.LoginPage.verifyTitle(LoginPage.java:24)
at com.actitime.pages.LoginPage.verifyTitle(LoginPage.java:24)
at com.actitime.pages.LoginPage.verifyTitle(LoginPage.java:24)
at com.actitime.pages.LoginPage.verifyTitle(LoginPage.java:24)
at com.actitime.pages.LoginPage.verifyTitle(LoginPage.java:24)
at com.actitime.pages.LoginPage.verifyTitle(LoginPage.java:24)
at com.actitime.pages.LoginPage.verifyTitle(LoginPage.java:24)
at com.actitime.pages.LoginPage.verifyTitle(LoginPage.java:24)
at com.actitime.pages.LoginPage.verifyTitle(LoginPage.java:24)
at com.actitime.pages.LoginPage.verifyTitle(LoginPage.java:24)
at com.actitime.pages.LoginPage.verifyTitle(LoginPage.java:24)
at com.actitime.pages.LoginPage.verifyTitle(LoginPage.java:24)
at com.actitime.pages.LoginPage.verifyTitle(LoginPage.java:24)
at com.actitime.pages.LoginPage.verifyTitle(LoginPage.java:24)
at com.actitime.pages.LoginPage.verifyTitle(LoginPage.java:24)
at com.actitime.pages.LoginPage.verifyTitle(LoginPage.java:24)
at com.actitime.pages.LoginPage.verifyTitle(LoginPage.java:24)
at com.actitime.pages.LoginPage.verifyTitle(LoginPage.java:24)
at com.actitime.pages.LoginPage.verifyTitle(LoginPage.java:24)
at com.actitime.pages.LoginPage.verifyTitle(LoginPage.java:24)
at com.actitime.pages.LoginPage.verifyTitle(LoginPage.java:24)
at com.actitime.pages.LoginPage.verifyTitle(LoginPage.java:24)
at com.actitime.pages.LoginPage.verifyTitle(LoginPage.java:24)
at com.actitime.pages.LoginPage.verifyTitle(LoginPage.java:24)
at com.actitime.pages.LoginPage.verifyTitle(LoginPage.java:24)
at com.actitime.pages.LoginPage.verifyTitle(LoginPage.java:24)
at com.actitime.pages.LoginPage.verifyTitle(LoginPage.java:24)
at com.actitime.pages.LoginPage.verifyTitle(LoginPage.java:24)
at com.actitime.pages.LoginPage.verifyTitle(LoginPage.java:24)
at com.actitime.pages.LoginPage.verifyTitle(LoginPage.java:24)
at com.actitime.pages.LoginPage.verifyTitle(LoginPage.java:24)
at com.actitime.pages.LoginPage.verifyTitle(LoginPage.java:24)
at com.actitime.pages.LoginPage.verifyTitle(LoginPage.java:24)
at com.actitime.pages.LoginPage.verifyTitle(LoginPage.java:24)
at com.actitime.pages.LoginPage.verifyTitle(LoginPage.java:24)
at com.actitime.pages.LoginPage.verifyTitle(LoginPage.java:24)
at com.actitime.pages.LoginPage.verifyTitle(LoginPage.java:24)
at com.actitime.pages.LoginPage.verifyTitle(LoginPage.java:24)
at com.actitime.pages.LoginPage.verifyTitle(LoginPage.java:24)
at com.actitime.pages.LoginPage.verifyTitle(LoginPage.java:24)
at com.actitime.pages.LoginPage.verifyTitle(LoginPage.java:24)
at com.actitime.pages.LoginPage.verifyTitle(LoginPage.java:24)
at com.actitime.pages.LoginPage.verifyTitle(LoginPage.java:24)
at com.actitime.pages.LoginPage.verifyTitle(LoginPage.java:24)
at com.actitime.pages.LoginPage.verifyTitle(LoginPage.java:24)
at com.actitime.pages.LoginPage.verifyTitle(LoginPage.java:24)
at com.actitime.pages.LoginPage.verifyTitle(LoginPage.java:24)
at com.actitime.pages.LoginPage.verifyTitle(LoginPage.java:24)
at com.actitime.pages.LoginPage.verifyTitle(LoginPage.java:24)
at com.actitime.pages.LoginPage.verifyTitle(LoginPage.java:24)
at com.actitime.pages.LoginPage.verifyTitle(LoginPage.java:24)
at com.actitime.pages.LoginPage.verifyTitle(LoginPage.java:24)
at com.actitime.pages.LoginPage.verifyTitle(LoginPage.java:24)
at com.actitime.pages.LoginPage.verifyTitle(LoginPage.java:24)
at com.actitime.pages.LoginPage.verifyTitle(LoginPage.java:24)
at com.actitime.pages.LoginPage.verifyTitle(LoginPage.java:24)
at com.actitime.pages.LoginPage.verifyTitle(LoginPage.java:24)
at com.actitime.pages.LoginPage.verifyTitle(LoginPage.java:24)
at com.actitime.pages.LoginPage.verifyTitle(LoginPage.java:24)
at com.actitime.pages.LoginPage.verifyTitle(LoginPage.java:24)
at com.actitime.pages.LoginPage.verifyTitle(LoginPage.java:24)
at com.actitime.pages.LoginPage.verifyTitle(LoginPage.java:24)
at com.actitime.pages.LoginPage.verifyTitle(LoginPage.java:24)
at com.actitime.pages.LoginPage.verifyTitle(LoginPage.java:24)
at com.actitime.pages.LoginPage.verifyTitle(LoginPage.java:24)
at com.actitime.pages.LoginPage.verifyTitle(LoginPage.java:24)
at com.actitime.pages.LoginPage.verifyTitle(LoginPage.java:24)
at com.actitime.pages.LoginPage.verifyTitle(LoginPage.java:24)
at com.actitime.pages.LoginPage.verifyTitle(LoginPage.java:24)
at com.actitime.pages.LoginPage.verifyTitle(LoginPage.java:24)
at com.actitime.pages.LoginPage.verifyTitle(LoginPage.java:24)
at com.actitime.pages.LoginPage.verifyTitle(LoginPage.java:24)
at com.actitime.pages.LoginPage.verifyTitle(LoginPage.java:24)
at com.actitime.pages.LoginPage.verifyTitle(LoginPage.java:24)
at com.actitime.pages.LoginPage.verifyTitle(LoginPage.java:24)
at com.actitime.pages.LoginPage.verifyTitle(LoginPage.java:24)
at com.actitime.pages.LoginPage.verifyTitle(LoginPage.java:24)
at com.actitime.pages.LoginPage.verifyTitle(LoginPage.java:24)
at com.actitime.pages.LoginPage.verifyTitle(LoginPage.java:24)
at com.actitime.pages.LoginPage.verifyTitle(LoginPage.java:24)
at com.actitime.pages.LoginPage.verifyTitle(LoginPage.java:24)
at com.actitime.pages.LoginPage.verifyTitle(LoginPage.java:24)
at com.actitime.pages.LoginPage.verifyTitle(LoginPage.java:24)
at com.actitime.pages.LoginPage.verifyTitle(LoginPage.java:24)
at com.actitime.pages.LoginPage.verifyTitle(LoginPage.java:24)
at com.actitime.pages.LoginPage.verifyTitle(LoginPage.java:24)
at com.actitime.pages.LoginPage.verifyTitle(LoginPage.java:24)
at com.actitime.pages.LoginPage.verifyTitle(LoginPage.java:24)
at com.actitime.pages.LoginPage.verifyTitle(LoginPage.java:24)
at com.actitime.pages.LoginPage.verifyTitle(LoginPage.java:24)
at com.actitime.pages.LoginPage.verifyTitle(LoginPage.java:24)
at com.actitime.pages.LoginPage.verifyTitle(LoginPage.java:24)
at com.actitime.pages.LoginPage.verifyTitle(LoginPage.java:24)
at com.actitime.pages.LoginPage.verifyTitle(LoginPage.java:24)
at com.actitime.pages.LoginPage.verifyTitle(LoginPage.java:24)
at com.actitime.pages.LoginPage.verifyTitle(LoginPage.java:24)
at com.actitime.pages.LoginPage.verifyTitle(LoginPage.java:24)
at com.actitime.pages.LoginPage.verifyTitle(LoginPage.java:24)
at com.actitime.pages.LoginPage.verifyTitle(LoginPage.java:24)
at com.actitime.pages.LoginPage.verifyTitle(LoginPage.java:24)
at com.actitime.pages.LoginPage.verifyTitle(LoginPage.java:24)
at com.actitime.pages.LoginPage.verifyTitle(LoginPage.java:24)
at com.actitime.pages.LoginPage.verifyTitle(LoginPage.java:24)
at com.actitime.pages.LoginPage.verifyTitle(LoginPage.java:24)
at com.actitime.pages.LoginPage.verifyTitle(LoginPage.java:24)
at com.actitime.pages.LoginPage.verifyTitle(LoginPage.java:24)
at com.actitime.pages.LoginPage.verifyTitle(LoginPage.java:24)
at com.actitime.pages.LoginPage.verifyTitle(LoginPage.java:24)
at com.actitime.pages.LoginPage.verifyTitle(LoginPage.java:24)
at com.actitime.pages.LoginPage.verifyTitle(LoginPage.java:24)
at com.actitime.pages.LoginPage.verifyTitle(LoginPage.java:24)
at com.actitime.pages.LoginPage.verifyTitle(LoginPage.java:24)
at com.actitime.pages.LoginPage.verifyTitle(LoginPage.java:24)
at com.actitime.pages.LoginPage.verifyTitle(LoginPage.java:24)
at com.actitime.pages.LoginPage.verifyTitle(LoginPage.java:24)
at com.actitime.pages.LoginPage.verifyTitle(LoginPage.java:24)
at com.actitime.pages.LoginPage.verifyTitle(LoginPage.java:24)
at com.actitime.pages.LoginPage.verifyTitle(LoginPage.java:24)
at com.actitime.pages.LoginPage.verifyTitle(LoginPage.java:24)
at com.actitime.pages.LoginPage.verifyTitle(LoginPage.java:24)
at com.actitime.pages.LoginPage.verifyTitle(LoginPage.java:24)
at com.actitime.pages.LoginPage.verifyTitle(LoginPage.java:24)
at com.actitime.pages.LoginPage.verifyTitle(LoginPage.java:24)
at com.actitime.pages.LoginPage.verifyTitle(LoginPage.java:24)
at com.actitime.pages.LoginPage.verifyTitle(LoginPage.java:24)
at com.actitime.pages.LoginPage.verifyTitle(LoginPage.java:24)
at com.actitime.pages.LoginPage.verifyTitle(LoginPage.java:24)
at com.actitime.pages.LoginPage.verifyTitle(LoginPage.java:24)
at com.actitime.pages.LoginPage.verifyTitle(LoginPage.java:24)
at com.actitime.pages.LoginPage.verifyTitle(LoginPage.java:24)
at com.actitime.pages.LoginPage.verifyTitle(LoginPage.java:24)
at com.actitime.pages.LoginPage.verifyTitle(LoginPage.java:24)
at com.actitime.pages.LoginPage.verifyTitle(LoginPage.java:24)
at com.actitime.pages.LoginPage.verifyTitle(LoginPage.java:24)
at com.actitime.pages.LoginPage.verifyTitle(LoginPage.java:24)
at com.actitime.pages.LoginPage.verifyTitle(LoginPage.java:24)
at com.actitime.pages.LoginPage.verifyTitle(LoginPage.java:24)
at com.actitime.pages.LoginPage.verifyTitle(LoginPage.java:24)
at com.actitime.pages.LoginPage.verifyTitle(LoginPage.java:24)
at com.actitime.pages.LoginPage.verifyTitle(LoginPage.java:24)
at com.actitime.pages.LoginPage.verifyTitle(LoginPage.java:24)
at com.actitime.pages.LoginPage.verifyTitle(LoginPage.java:24)
at com.actitime.pages.LoginPage.verifyTitle(LoginPage.java:24)
at com.actitime.pages.LoginPage.verifyTitle(LoginPage.java:24)
at com.actitime.pages.LoginPage.verifyTitle(LoginPage.java:24)
at com.actitime.pages.LoginPage.verifyTitle(LoginPage.java:24)
at com.actitime.pages.LoginPage.verifyTitle(LoginPage.java:24)
at com.actitime.pages.LoginPage.verifyTitle(LoginPage.java:24)
at com.actitime.pages.LoginPage.verifyTitle(LoginPage.java:24)
at com.actitime.pages.LoginPage.verifyTitle(LoginPage.java:24)
at com.actitime.pages.LoginPage.verifyTitle(LoginPage.java:24)
at com.actitime.pages.LoginPage.verifyTitle(LoginPage.java:24)
at com.actitime.pages.LoginPage.verifyTitle(LoginPage.java:24)
at com.actitime.pages.LoginPage.verifyTitle(LoginPage.java:24)
at com.actitime.pages.LoginPage.verifyTitle(LoginPage.java:24)
at com.actitime.pages.LoginPage.verifyTitle(LoginPage.java:24)
at com.actitime.pages.LoginPage.verifyTitle(LoginPage.java:24)
at com.actitime.pages.LoginPage.verifyTitle(LoginPage.java:24)
at com.actitime.pages.LoginPage.verifyTitle(LoginPage.java:24)
at com.actitime.pages.LoginPage.verifyTitle(LoginPage.java:24)
at com.actitime.pages.LoginPage.verifyTitle(LoginPage.java:24)
at com.actitime.pages.LoginPage.verifyTitle(LoginPage.java:24)
at com.actitime.pages.LoginPage.verifyTitle(LoginPage.java:24)
at com.actitime.pages.LoginPage.verifyTitle(LoginPage.java:24)
at com.actitime.pages.LoginPage.verifyTitle(LoginPage.java:24)
at com.actitime.pages.LoginPage.verifyTitle(LoginPage.java:24)
at com.actitime.pages.LoginPage.verifyTitle(LoginPage.java:24)
at com.actitime.pages.LoginPage.verifyTitle(LoginPage.java:24)
at com.actitime.pages.LoginPage.verifyTitle(LoginPage.java:24)
at com.actitime.pages.LoginPage.verifyTitle(LoginPage.java:24)
at com.actitime.pages.LoginPage.verifyTitle(LoginPage.java:24)
at com.actitime.pages.LoginPage.verifyTitle(LoginPage.java:24)
at com.actitime.pages.LoginPage.verifyTitle(LoginPage.java:24)
at com.actitime.pages.LoginPage.verifyTitle(LoginPage.java:24)
at com.actitime.pages.LoginPage.verifyTitle(LoginPage.java:24)
at com.actitime.pages.LoginPage.verifyTitle(LoginPage.java:24)
at com.actitime.pages.LoginPage.verifyTitle(LoginPage.java:24)
at com.actitime.pages.LoginPage.verifyTitle(LoginPage.java:24)
at com.actitime.pages.LoginPage.verifyTitle(LoginPage.java:24)
at com.actitime.pages.LoginPage.verifyTitle(LoginPage.java:24)
at com.actitime.pages.LoginPage.verifyTitle(LoginPage.java:24)
at com.actitime.pages.LoginPage.verifyTitle(LoginPage.java:24)
at com.actitime.pages.LoginPage.verifyTitle(LoginPage.java:24)
at com.actitime.pages.LoginPage.verifyTitle(LoginPage.java:24)
at com.actitime.pages.LoginPage.verifyTitle(LoginPage.java:24)
at com.actitime.pages.LoginPage.verifyTitle(LoginPage.java:24)
at com.actitime.pages.LoginPage.verifyTitle(LoginPage.java:24)
at com.actitime.pages.LoginPage.verifyTitle(LoginPage.java:24)
at com.actitime.pages.LoginPage.verifyTitle(LoginPage.java:24)
at com.actitime.pages.LoginPage.verifyTitle(LoginPage.java:24)
at com.actitime.pages.LoginPage.verifyTitle(LoginPage.java:24)
at com.actitime.pages.LoginPage.verifyTitle(LoginPage.java:24)
at com.actitime.pages.LoginPage.verifyTitle(LoginPage.java:24)
at com.actitime.pages.LoginPage.verifyTitle(LoginPage.java:24)
at com.actitime.pages.LoginPage.verifyTitle(LoginPage.java:24)
at com.actitime.pages.LoginPage.verifyTitle(LoginPage.java:24)
at com.actitime.pages.LoginPage.verifyTitle(LoginPage.java:24)
at com.actitime.pages.LoginPage.verifyTitle(LoginPage.java:24)
at com.actitime.pages.LoginPage.verifyTitle(LoginPage.java:24)
at com.actitime.pages.LoginPage.verifyTitle(LoginPage.java:24)
at com.actitime.pages.LoginPage.verifyTitle(LoginPage.java:24)
at com.actitime.pages.LoginPage.verifyTitle(LoginPage.java:24)
at com.actitime.pages.LoginPage.verifyTitle(LoginPage.java:24)
at com.actitime.pages.LoginPage.verifyTitle(LoginPage.java:24)
at com.actitime.pages.LoginPage.verifyTitle(LoginPage.java:24)
at com.actitime.pages.LoginPage.verifyTitle(LoginPage.java:24)
at com.actitime.pages.LoginPage.verifyTitle(LoginPage.java:24)
at com.actitime.pages.LoginPage.verifyTitle(LoginPage.java:24)
at com.actitime.pages.LoginPage.verifyTitle(LoginPage.java:24)
at com.actitime.pages.LoginPage.verifyTitle(LoginPage.java:24)
at com.actitime.pages.LoginPage.verifyTitle(LoginPage.java:24)
at com.actitime.pages.LoginPage.verifyTitle(LoginPage.java:24)
at com.actitime.pages.LoginPage.verifyTitle(LoginPage.java:24)
at com.actitime.pages.LoginPage.verifyTitle(LoginPage.java:24)
at com.actitime.pages.LoginPage.verifyTitle(LoginPage.java:24)
at com.actitime.pages.LoginPage.verifyTitle(LoginPage.java:24)
at com.actitime.pages.LoginPage.verifyTitle(LoginPage.java:24)
at com.actitime.pages.LoginPage.verifyTitle(LoginPage.java:24)
at com.actitime.pages.LoginPage.verifyTitle(LoginPage.java:24)
at com.actitime.pages.LoginPage.verifyTitle(LoginPage.java:24)
at com.actitime.pages.LoginPage.verifyTitle(LoginPage.java:24)
at com.actitime.pages.LoginPage.verifyTitle(LoginPage.java:24)
at com.actitime.pages.LoginPage.verifyTitle(LoginPage.java:24)
at com.actitime.pages.LoginPage.verifyTitle(LoginPage.java:24)
at com.actitime.pages.LoginPage.verifyTitle(LoginPage.java:24)
at com.actitime.pages.LoginPage.verifyTitle(LoginPage.java:24)
at com.actitime.pages.LoginPage.verifyTitle(LoginPage.java:24)
at com.actitime.pages.LoginPage.verifyTitle(LoginPage.java:24)
at com.actitime.pages.LoginPage.verifyTitle(LoginPage.java:24)
at com.actitime.pages.LoginPage.verifyTitle(LoginPage.java:24)
at com.actitime.pages.LoginPage.verifyTitle(LoginPage.java:24)
at com.actitime.pages.LoginPage.verifyTitle(LoginPage.java:24)
at com.actitime.pages.LoginPage.verifyTitle(LoginPage.java:24)
at com.actitime.pages.LoginPage.verifyTitle(LoginPage.java:24)
at com.actitime.pages.LoginPage.verifyTitle(LoginPage.java:24)
at com.actitime.pages.LoginPage.verifyTitle(LoginPage.java:24)
at com.actitime.pages.LoginPage.verifyTitle(LoginPage.java:24)
at com.actitime.pages.LoginPage.verifyTitle(LoginPage.java:24)
at com.actitime.pages.LoginPage.verifyTitle(LoginPage.java:24)
at com.actitime.pages.LoginPage.verifyTitle(LoginPage.java:24)
at com.actitime.pages.LoginPage.verifyTitle(LoginPage.java:24)
at com.actitime.pages.LoginPage.verifyTitle(LoginPage.java:24)
at com.actitime.pages.LoginPage.verifyTitle(LoginPage.java:24)
at com.actitime.pages.LoginPage.verifyTitle(LoginPage.java:24)
at com.actitime.pages.LoginPage.verifyTitle(LoginPage.java:24)
at com.actitime.pages.LoginPage.verifyTitle(LoginPage.java:24)
at com.actitime.pages.LoginPage.verifyTitle(LoginPage.java:24)
at com.actitime.pages.LoginPage.verifyTitle(LoginPage.java:24)
at com.actitime.pages.LoginPage.verifyTitle(LoginPage.java:24)
at com.actitime.pages.LoginPage.verifyTitle(LoginPage.java:24)
at com.actitime.pages.LoginPage.verifyTitle(LoginPage.java:24)
at com.actitime.pages.LoginPage.verifyTitle(LoginPage.java:24)
at com.actitime.pages.LoginPage.verifyTitle(LoginPage.java:24)
at com.actitime.pages.LoginPage.verifyTitle(LoginPage.java:24)
at com.actitime.pages.LoginPage.verifyTitle(LoginPage.java:24)
at com.actitime.pages.LoginPage.verifyTitle(LoginPage.java:24)
at com.actitime.pages.LoginPage.verifyTitle(LoginPage.java:24)
at com.actitime.pages.LoginPage.verifyTitle(LoginPage.java:24)
at com.actitime.pages.LoginPage.verifyTitle(LoginPage.java:24)
at com.actitime.pages.LoginPage.verifyTitle(LoginPage.java:24)
at com.actitime.pages.LoginPage.verifyTitle(LoginPage.java:24)
at com.actitime.pages.LoginPage.verifyTitle(LoginPage.java:24)
at com.actitime.pages.LoginPage.verifyTitle(LoginPage.java:24)
at com.actitime.pages.LoginPage.verifyTitle(LoginPage.java:24)
at com.actitime.pages.LoginPage.verifyTitle(LoginPage.java:24)
at com.actitime.pages.LoginPage.verifyTitle(LoginPage.java:24)
at com.actitime.pages.LoginPage.verifyTitle(LoginPage.java:24)
at com.actitime.pages.LoginPage.verifyTitle(LoginPage.java:24)
at com.actitime.pages.LoginPage.verifyTitle(LoginPage.java:24)
at com.actitime.pages.LoginPage.verifyTitle(LoginPage.java:24)
at com.actitime.pages.LoginPage.verifyTitle(LoginPage.java:24)
at com.actitime.pages.LoginPage.verifyTitle(LoginPage.java:24)
at com.actitime.pages.LoginPage.verifyTitle(LoginPage.java:24)
at com.actitime.pages.LoginPage.verifyTitle(LoginPage.java:24)
at com.actitime.pages.LoginPage.verifyTitle(LoginPage.java:24)
at com.actitime.pages.LoginPage.verifyTitle(LoginPage.java:24)
at com.actitime.pages.LoginPage.verifyTitle(LoginPage.java:24)
at com.actitime.pages.LoginPage.verifyTitle(LoginPage.java:24)
at com.actitime.pages.LoginPage.verifyTitle(LoginPage.java:24)
at com.actitime.pages.LoginPage.verifyTitle(LoginPage.java:24)
at com.actitime.pages.LoginPage.verifyTitle(LoginPage.java:24)
at com.actitime.pages.LoginPage.verifyTitle(LoginPage.java:24)
at com.actitime.pages.LoginPage.verifyTitle(LoginPage.java:24)
at com.actitime.pages.LoginPage.verifyTitle(LoginPage.java:24)
at com.actitime.pages.LoginPage.verifyTitle(LoginPage.java:24)
at com.actitime.pages.LoginPage.verifyTitle(LoginPage.java:24)
at com.actitime.pages.LoginPage.verifyTitle(LoginPage.java:24)
at com.actitime.pages.LoginPage.verifyTitle(LoginPage.java:24)
at com.actitime.pages.LoginPage.verifyTitle(LoginPage.java:24)
at com.actitime.pages.LoginPage.verifyTitle(LoginPage.java:24)
at com.actitime.pages.LoginPage.verifyTitle(LoginPage.java:24)
at com.actitime.pages.LoginPage.verifyTitle(LoginPage.java:24)
at com.actitime.pages.LoginPage.verifyTitle(LoginPage.java:24)
at com.actitime.pages.LoginPage.verifyTitle(LoginPage.java:24)
at com.actitime.pages.LoginPage.verifyTitle(LoginPage.java:24)
at com.actitime.pages.LoginPage.verifyTitle(LoginPage.java:24)
at com.actitime.pages.LoginPage.verifyTitle(LoginPage.java:24)
at com.actitime.pages.LoginPage.verifyTitle(LoginPage.java:24)
at com.actitime.pages.LoginPage.verifyTitle(LoginPage.java:24)
at com.actitime.pages.LoginPage.verifyTitle(LoginPage.java:24)
at com.actitime.pages.LoginPage.verifyTitle(LoginPage.java:24)
at com.actitime.pages.LoginPage.verifyTitle(LoginPage.java:24)
at com.actitime.pages.LoginPage.verifyTitle(LoginPage.java:24)
at com.actitime.pages.LoginPage.verifyTitle(LoginPage.java:24)
at com.actitime.pages.LoginPage.verifyTitle(LoginPage.java:24)
at com.actitime.pages.LoginPage.verifyTitle(LoginPage.java:24)
at com.actitime.pages.LoginPage.verifyTitle(LoginPage.java:24)
at com.actitime.pages.LoginPage.verifyTitle(LoginPage.java:24)
at com.actitime.pages.LoginPage.verifyTitle(LoginPage.java:24)
at com.actitime.pages.LoginPage.verifyTitle(LoginPage.java:24)
at com.actitime.pages.LoginPage.verifyTitle(LoginPage.java:24)
at com.actitime.pages.LoginPage.verifyTitle(LoginPage.java:24)
at com.actitime.pages.LoginPage.verifyTitle(LoginPage.java:24)
at com.actitime.pages.LoginPage.verifyTitle(LoginPage.java:24)
at com.actitime.pages.LoginPage.verifyTitle(LoginPage.java:24)
at com.actitime.pages.LoginPage.verifyTitle(LoginPage.java:24)
at com.actitime.pages.LoginPage.verifyTitle(LoginPage.java:24)
at com.actitime.pages.LoginPage.verifyTitle(LoginPage.java:24)
at com.actitime.pages.LoginPage.verifyTitle(LoginPage.java:24)
at com.actitime.pages.LoginPage.verifyTitle(LoginPage.java:24)
at com.actitime.pages.LoginPage.verifyTitle(LoginPage.java:24)
at com.actitime.pages.LoginPage.verifyTitle(LoginPage.java:24)
at com.actitime.pages.LoginPage.verifyTitle(LoginPage.java:24)
at com.actitime.pages.LoginPage.verifyTitle(LoginPage.java:24)
at com.actitime.pages.LoginPage.verifyTitle(LoginPage.java:24)
at com.actitime.pages.LoginPage.verifyTitle(LoginPage.java:24)
at com.actitime.pages.LoginPage.verifyTitle(LoginPage.java:24)
at com.actitime.pages.LoginPage.verifyTitle(LoginPage.java:24)
at com.actitime.pages.LoginPage.verifyTitle(LoginPage.java:24)
at com.actitime.pages.LoginPage.verifyTitle(LoginPage.java:24)
at com.actitime.pages.LoginPage.verifyTitle(LoginPage.java:24)
at com.actitime.pages.LoginPage.verifyTitle(LoginPage.java:24)
at com.actitime.pages.LoginPage.verifyTitle(LoginPage.java:24)
at com.actitime.pages.LoginPage.verifyTitle(LoginPage.java:24)
at com.actitime.pages.LoginPage.verifyTitle(LoginPage.java:24)
at com.actitime.pages.LoginPage.verifyTitle(LoginPage.java:24)
at com.actitime.pages.LoginPage.verifyTitle(LoginPage.java:24)
at com.actitime.pages.LoginPage.verifyTitle(LoginPage.java:24)
at com.actitime.pages.LoginPage.verifyTitle(LoginPage.java:24)
at com.actitime.pages.LoginPage.verifyTitle(LoginPage.java:24)
at com.actitime.pages.LoginPage.verifyTitle(LoginPage.java:24)
at com.actitime.pages.LoginPage.verifyTitle(LoginPage.java:24)
at com.actitime.pages.LoginPage.verifyTitle(LoginPage.java:24)
at com.actitime.pages.LoginPage.verifyTitle(LoginPage.java:24)
at com.actitime.pages.LoginPage.verifyTitle(LoginPage.java:24)
at com.actitime.pages.LoginPage.verifyTitle(LoginPage.java:24)
at com.actitime.pages.LoginPage.verifyTitle(LoginPage.java:24)
at com.actitime.pages.LoginPage.verifyTitle(LoginPage.java:24)
at com.actitime.pages.LoginPage.verifyTitle(LoginPage.java:24)
at com.actitime.pages.LoginPage.verifyTitle(LoginPage.java:24)
at com.actitime.pages.LoginPage.verifyTitle(LoginPage.java:24)
at com.actitime.pages.LoginPage.verifyTitle(LoginPage.java:24)
at com.actitime.pages.LoginPage.verifyTitle(LoginPage.java:24)
at com.actitime.pages.LoginPage.verifyTitle(LoginPage.java:24)
at com.actitime.pages.LoginPage.verifyTitle(LoginPage.java:24)
at com.actitime.pages.LoginPage.verifyTitle(LoginPage.java:24)
at com.actitime.pages.LoginPage.verifyTitle(LoginPage.java:24)
at com.actitime.pages.LoginPage.verifyTitle(LoginPage.java:24)
at com.actitime.pages.LoginPage.verifyTitle(LoginPage.java:24)
at com.actitime.pages.LoginPage.verifyTitle(LoginPage.java:24)
at com.actitime.pages.LoginPage.verifyTitle(LoginPage.java:24)
at com.actitime.pages.LoginPage.verifyTitle(LoginPage.java:24)
at com.actitime.pages.LoginPage.verifyTitle(LoginPage.java:24)
at com.actitime.pages.LoginPage.verifyTitle(LoginPage.java:24)
at com.actitime.pages.LoginPage.verifyTitle(LoginPage.java:24)
at com.actitime.pages.LoginPage.verifyTitle(LoginPage.java:24)
at com.actitime.pages.LoginPage.verifyTitle(LoginPage.java:24)
at com.actitime.pages.LoginPage.verifyTitle(LoginPage.java:24)
at com.actitime.pages.LoginPage.verifyTitle(LoginPage.java:24)
at com.actitime.pages.LoginPage.verifyTitle(LoginPage.java:24)
at com.actitime.pages.LoginPage.verifyTitle(LoginPage.java:24)
at com.actitime.pages.LoginPage.verifyTitle(LoginPage.java:24)
at com.actitime.pages.LoginPage.verifyTitle(LoginPage.java:24)
at com.actitime.pages.LoginPage.verifyTitle(LoginPage.java:24)
at com.actitime.pages.LoginPage.verifyTitle(LoginPage.java:24)
at com.actitime.pages.LoginPage.verifyTitle(LoginPage.java:24)
at com.actitime.pages.LoginPage.verifyTitle(LoginPage.java:24)
at com.actitime.pages.LoginPage.verifyTitle(LoginPage.java:24)
at com.actitime.pages.LoginPage.verifyTitle(LoginPage.java:24)
at com.actitime.pages.LoginPage.verifyTitle(LoginPage.java:24)
at com.actitime.pages.LoginPage.verifyTitle(LoginPage.java:24)
at com.actitime.pages.LoginPage.verifyTitle(LoginPage.java:24)
at com.actitime.pages.LoginPage.verifyTitle(LoginPage.java:24)
at com.actitime.pages.LoginPage.verifyTitle(LoginPage.java:24)
at com.actitime.pages.LoginPage.verifyTitle(LoginPage.java:24)
at com.actitime.pages.LoginPage.verifyTitle(LoginPage.java:24)
at com.actitime.pages.LoginPage.verifyTitle(LoginPage.java:24)
at com.actitime.pages.LoginPage.verifyTitle(LoginPage.java:24)
at com.actitime.pages.LoginPage.verifyTitle(LoginPage.java:24)
at com.actitime.pages.LoginPage.verifyTitle(LoginPage.java:24)
at com.actitime.pages.LoginPage.verifyTitle(LoginPage.java:24)
at com.actitime.pages.LoginPage.verifyTitle(LoginPage.java:24)
at com.actitime.pages.LoginPage.verifyTitle(LoginPage.java:24)
at com.actitime.pages.LoginPage.verifyTitle(LoginPage.java:24)
at com.actitime.pages.LoginPage.verifyTitle(LoginPage.java:24)
at com.actitime.pages.LoginPage.verifyTitle(LoginPage.java:24)
at com.actitime.pages.LoginPage.verifyTitle(LoginPage.java:24)
at com.actitime.pages.LoginPage.verifyTitle(LoginPage.java:24)
at com.actitime.pages.LoginPage.verifyTitle(LoginPage.java:24)
at com.actitime.pages.LoginPage.verifyTitle(LoginPage.java:24)
at com.actitime.pages.LoginPage.verifyTitle(LoginPage.java:24)
at com.actitime.pages.LoginPage.verifyTitle(LoginPage.java:24)
at com.actitime.pages.LoginPage.verifyTitle(LoginPage.java:24)
at com.actitime.pages.LoginPage.verifyTitle(LoginPage.java:24)
at com.actitime.pages.LoginPage.verifyTitle(LoginPage.java:24)
at com.actitime.pages.LoginPage.verifyTitle(LoginPage.java:24)
at com.actitime.pages.LoginPage.verifyTitle(LoginPage.java:24)
at com.actitime.pages.LoginPage.verifyTitle(LoginPage.java:24)
at com.actitime.pages.LoginPage.verifyTitle(LoginPage.java:24)
at com.actitime.pages.LoginPage.verifyTitle(LoginPage.java:24)
at com.actitime.pages.LoginPage.verifyTitle(LoginPage.java:24)
at com.actitime.pages.LoginPage.verifyTitle(LoginPage.java:24)
at com.actitime.pages.LoginPage.verifyTitle(LoginPage.java:24)
at com.actitime.pages.LoginPage.verifyTitle(LoginPage.java:24)
at com.actitime.pages.LoginPage.verifyTitle(LoginPage.java:24)
at com.actitime.pages.LoginPage.verifyTitle(LoginPage.java:24)
at com.actitime.pages.LoginPage.verifyTitle(LoginPage.java:24)
at com.actitime.pages.LoginPage.verifyTitle(LoginPage.java:24)
at com.actitime.pages.LoginPage.verifyTitle(LoginPage.java:24)
at com.actitime.pages.LoginPage.verifyTitle(LoginPage.java:24)
at com.actitime.pages.LoginPage.verifyTitle(LoginPage.java:24)
at com.actitime.pages.LoginPage.verifyTitle(LoginPage.java:24)
at com.actitime.pages.LoginPage.verifyTitle(LoginPage.java:24)
at com.actitime.pages.LoginPage.verifyTitle(LoginPage.java:24)
at com.actitime.pages.LoginPage.verifyTitle(LoginPage.java:24)
at com.actitime.pages.LoginPage.verifyTitle(LoginPage.java:24)
at com.actitime.pages.LoginPage.verifyTitle(LoginPage.java:24)
at com.actitime.pages.LoginPage.verifyTitle(LoginPage.java:24)
at com.actitime.pages.LoginPage.verifyTitle(LoginPage.java:24)
at com.actitime.pages.LoginPage.verifyTitle(LoginPage.java:24)
at com.actitime.pages.LoginPage.verifyTitle(LoginPage.java:24)
at com.actitime.pages.LoginPage.verifyTitle(LoginPage.java:24)
at com.actitime.pages.LoginPage.verifyTitle(LoginPage.java:24)
at com.actitime.pages.LoginPage.verifyTitle(LoginPage.java:24)
at com.actitime.pages.LoginPage.verifyTitle(LoginPage.java:24)
at com.actitime.pages.LoginPage.verifyTitle(LoginPage.java:24)
at com.actitime.pages.LoginPage.verifyTitle(LoginPage.java:24)
at com.actitime.pages.LoginPage.verifyTitle(LoginPage.java:24)
at com.actitime.pages.LoginPage.verifyTitle(LoginPage.java:24)
at com.actitime.pages.LoginPage.verifyTitle(LoginPage.java:24)
at com.actitime.pages.LoginPage.verifyTitle(LoginPage.java:24)
at com.actitime.pages.LoginPage.verifyTitle(LoginPage.java:24)
at com.actitime.pages.LoginPage.verifyTitle(LoginPage.java:24)
at com.actitime.pages.LoginPage.verifyTitle(LoginPage.java:24)
at com.actitime.pages.LoginPage.verifyTitle(LoginPage.java:24)
at com.actitime.pages.LoginPage.verifyTitle(LoginPage.java:24)
at com.actitime.pages.LoginPage.verifyTitle(LoginPage.java:24)
at com.actitime.pages.LoginPage.verifyTitle(LoginPage.java:24)
at com.actitime.pages.LoginPage.verifyTitle(LoginPage.java:24)
at com.actitime.pages.LoginPage.verifyTitle(LoginPage.java:24)
at com.actitime.pages.LoginPage.verifyTitle(LoginPage.java:24)
at com.actitime.pages.LoginPage.verifyTitle(LoginPage.java:24)
at com.actitime.pages.LoginPage.verifyTitle(LoginPage.java:24)
at com.actitime.pages.LoginPage.verifyTitle(LoginPage.java:24)
at com.actitime.pages.LoginPage.verifyTitle(LoginPage.java:24)
at com.actitime.pages.LoginPage.verifyTitle(LoginPage.java:24)
at com.actitime.pages.LoginPage.verifyTitle(LoginPage.java:24)
at com.actitime.pages.LoginPage.verifyTitle(LoginPage.java:24)
at com.actitime.pages.LoginPage.verifyTitle(LoginPage.java:24)
at com.actitime.pages.LoginPage.verifyTitle(LoginPage.java:24)
at com.actitime.pages.LoginPage.verifyTitle(LoginPage.java:24)
at com.actitime.pages.LoginPage.verifyTitle(LoginPage.java:24)
at com.actitime.pages.LoginPage.verifyTitle(LoginPage.java:24)
at com.actitime.pages.LoginPage.verifyTitle(LoginPage.java:24)
at com.actitime.pages.LoginPage.verifyTitle(LoginPage.java:24)
at com.actitime.pages.LoginPage.verifyTitle(LoginPage.java:24)
at com.actitime.pages.LoginPage.verifyTitle(LoginPage.java:24)
at com.actitime.pages.LoginPage.verifyTitle(LoginPage.java:24)
at com.actitime.pages.LoginPage.verifyTitle(LoginPage.java:24)
at com.actitime.pages.LoginPage.verifyTitle(LoginPage.java:24)
at com.actitime.pages.LoginPage.verifyTitle(LoginPage.java:24)
at com.actitime.pages.LoginPage.verifyTitle(LoginPage.java:24)
at com.actitime.pages.LoginPage.verifyTitle(LoginPage.java:24)
at com.actitime.pages.LoginPage.verifyTitle(LoginPage.java:24)
at com.actitime.pages.LoginPage.verifyTitle(LoginPage.java:24)
at com.actitime.pages.LoginPage.verifyTitle(LoginPage.java:24)
at com.actitime.pages.LoginPage.verifyTitle(LoginPage.java:24)
at com.actitime.pages.LoginPage.verifyTitle(LoginPage.java:24)
at com.actitime.pages.LoginPage.verifyTitle(LoginPage.java:24)
at com.actitime.pages.LoginPage.verifyTitle(LoginPage.java:24)
at com.actitime.pages.LoginPage.verifyTitle(LoginPage.java:24)
at com.actitime.pages.LoginPage.verifyTitle(LoginPage.java:24)
at com.actitime.pages.LoginPage.verifyTitle(LoginPage.java:24)
at com.actitime.pages.LoginPage.verifyTitle(LoginPage.java:24)
at com.actitime.pages.LoginPage.verifyTitle(LoginPage.java:24)
at com.actitime.pages.LoginPage.verifyTitle(LoginPage.java:24)
at com.actitime.pages.LoginPage.verifyTitle(LoginPage.java:24)
at com.actitime.pages.LoginPage.verifyTitle(LoginPage.java:24)
at com.actitime.pages.LoginPage.verifyTitle(LoginPage.java:24)
at com.actitime.pages.LoginPage.verifyTitle(LoginPage.java:24)
at com.actitime.pages.LoginPage.verifyTitle(LoginPage.java:24)
at com.actitime.pages.LoginPage.verifyTitle(LoginPage.java:24)
at com.actitime.pages.LoginPage.verifyTitle(LoginPage.java:24)
at com.actitime.pages.LoginPage.verifyTitle(LoginPage.java:24)
at com.actitime.pages.LoginPage.verifyTitle(LoginPage.java:24)
at com.actitime.pages.LoginPage.verifyTitle(LoginPage.java:24)
at com.actitime.pages.LoginPage.verifyTitle(LoginPage.java:24)
at com.actitime.pages.LoginPage.verifyTitle(LoginPage.java:24)
at com.actitime.pages.LoginPage.verifyTitle(LoginPage.java:24)
at com.actitime.pages.LoginPage.verifyTitle(LoginPage.java:24)
at com.actitime.pages.LoginPage.verifyTitle(LoginPage.java:24)
at com.actitime.pages.LoginPage.verifyTitle(LoginPage.java:24)
at com.actitime.pages.LoginPage.verifyTitle(LoginPage.java:24)
at com.actitime.pages.LoginPage.verifyTitle(LoginPage.java:24)
at com.actitime.pages.LoginPage.verifyTitle(LoginPage.java:24)
at com.actitime.pages.LoginPage.verifyTitle(LoginPage.java:24)
at com.actitime.pages.LoginPage.verifyTitle(LoginPage.java:24)
at com.actitime.pages.LoginPage.verifyTitle(LoginPage.java:24)
at com.actitime.pages.LoginPage.verifyTitle(LoginPage.java:24)
at com.actitime.pages.LoginPage.verifyTitle(LoginPage.java:24)
at com.actitime.pages.LoginPage.verifyTitle(LoginPage.java:24)
at com.actitime.pages.LoginPage.verifyTitle(LoginPage.java:24)
at com.actitime.pages.LoginPage.verifyTitle(LoginPage.java:24)
at com.actitime.pages.LoginPage.verifyTitle(LoginPage.java:24)
at com.actitime.pages.LoginPage.verifyTitle(LoginPage.java:24)
at com.actitime.pages.LoginPage.verifyTitle(LoginPage.java:24)
at com.actitime.pages.LoginPage.verifyTitle(LoginPage.java:24)
at com.actitime.pages.LoginPage.verifyTitle(LoginPage.java:24)
at com.actitime.pages.LoginPage.verifyTitle(LoginPage.java:24)
at com.actitime.pages.LoginPage.verifyTitle(LoginPage.java:24)
at com.actitime.pages.LoginPage.verifyTitle(LoginPage.java:24)
at com.actitime.pages.LoginPage.verifyTitle(LoginPage.java:24)
at com.actitime.pages.LoginPage.verifyTitle(LoginPage.java:24)
at com.actitime.pages.LoginPage.verifyTitle(LoginPage.java:24)
at com.actitime.pages.LoginPage.verifyTitle(LoginPage.java:24)
at com.actitime.pages.LoginPage.verifyTitle(LoginPage.java:24)
at com.actitime.pages.LoginPage.verifyTitle(LoginPage.java:24)
at com.actitime.pages.LoginPage.verifyTitle(LoginPage.java:24)
at com.actitime.pages.LoginPage.verifyTitle(LoginPage.java:24)
at com.actitime.pages.LoginPage.verifyTitle(LoginPage.java:24)
at com.actitime.pages.LoginPage.verifyTitle(LoginPage.java:24)
at com.actitime.pages.LoginPage.verifyTitle(LoginPage.java:24)
at com.actitime.pages.LoginPage.verifyTitle(LoginPage.java:24)
at com.actitime.pages.LoginPage.verifyTitle(LoginPage.java:24)
at com.actitime.pages.LoginPage.verifyTitle(LoginPage.java:24)
at com.actitime.pages.LoginPage.verifyTitle(LoginPage.java:24)
at com.actitime.pages.LoginPage.verifyTitle(LoginPage.java:24)
at com.actitime.pages.LoginPage.verifyTitle(LoginPage.java:24)
at com.actitime.pages.LoginPage.verifyTitle(LoginPage.java:24)
at com.actitime.pages.LoginPage.verifyTitle(LoginPage.java:24)
at com.actitime.pages.LoginPage.verifyTitle(LoginPage.java:24)
at com.actitime.pages.LoginPage.verifyTitle(LoginPage.java:24)
at com.actitime.pages.LoginPage.verifyTitle(LoginPage.java:24)
at com.actitime.pages.LoginPage.verifyTitle(LoginPage.java:24)
at com.actitime.pages.LoginPage.verifyTitle(LoginPage.java:24)
at com.actitime.pages.LoginPage.verifyTitle(LoginPage.java:24)
at com.actitime.pages.LoginPage.verifyTitle(LoginPage.java:24)
at com.actitime.pages.LoginPage.verifyTitle(LoginPage.java:24)
at com.actitime.pages.LoginPage.verifyTitle(LoginPage.java:24)
at com.actitime.pages.LoginPage.verifyTitle(LoginPage.java:24)
at com.actitime.pages.LoginPage.verifyTitle(LoginPage.java:24)
at com.actitime.pages.LoginPage.verifyTitle(LoginPage.java:24)
at com.actitime.pages.LoginPage.verifyTitle(LoginPage.java:24)
at com.actitime.pages.LoginPage.verifyTitle(LoginPage.java:24)
at com.actitime.pages.LoginPage.verifyTitle(LoginPage.java:24)
at com.actitime.pages.LoginPage.verifyTitle(LoginPage.java:24)
at com.actitime.pages.LoginPage.verifyTitle(LoginPage.java:24)
at com.actitime.pages.LoginPage.verifyTitle(LoginPage.java:24)
at com.actitime.pages.LoginPage.verifyTitle(LoginPage.java:24)
at com.actitime.pages.LoginPage.verifyTitle(LoginPage.java:24)
at com.actitime.pages.LoginPage.verifyTitle(LoginPage.java:24)
at com.actitime.pages.LoginPage.verifyTitle(LoginPage.java:24)
at com.actitime.pages.LoginPage.verifyTitle(LoginPage.java:24)
at com.actitime.pages.LoginPage.verifyTitle(LoginPage.java:24)
at com.actitime.pages.LoginPage.verifyTitle(LoginPage.java:24)
at com.actitime.pages.LoginPage.verifyTitle(LoginPage.java:24)
at com.actitime.pages.LoginPage.verifyTitle(LoginPage.java:24)
at com.actitime.pages.LoginPage.verifyTitle(LoginPage.java:24)
at com.actitime.pages.LoginPage.verifyTitle(LoginPage.java:24)
at com.actitime.pages.LoginPage.verifyTitle(LoginPage.java:24)
at com.actitime.pages.LoginPage.verifyTitle(LoginPage.java:24)
at com.actitime.pages.LoginPage.verifyTitle(LoginPage.java:24)
at com.actitime.pages.LoginPage.verifyTitle(LoginPage.java:24)
at com.actitime.pages.LoginPage.verifyTitle(LoginPage.java:24)
at com.actitime.pages.LoginPage.verifyTitle(LoginPage.java:24)
at com.actitime.pages.LoginPage.verifyTitle(LoginPage.java:24)
at com.actitime.pages.LoginPage.verifyTitle(LoginPage.java:24)
at com.actitime.pages.LoginPage.verifyTitle(LoginPage.java:24)
at com.actitime.pages.LoginPage.verifyTitle(LoginPage.java:24)
at com.actitime.pages.LoginPage.verifyTitle(LoginPage.java:24)
at com.actitime.pages.LoginPage.verifyTitle(LoginPage.java:24)
at com.actitime.pages.LoginPage.verifyTitle(LoginPage.java:24)
at com.actitime.pages.LoginPage.verifyTitle(LoginPage.java:24)
at com.actitime.pages.LoginPage.verifyTitle(LoginPage.java:24)
at com.actitime.pages.LoginPage.verifyTitle(LoginPage.java:24)
at com.actitime.pages.LoginPage.verifyTitle(LoginPage.java:24)
at com.actitime.pages.LoginPage.verifyTitle(LoginPage.java:24)
at com.actitime.pages.LoginPage.verifyTitle(LoginPage.java:24)
at com.actitime.pages.LoginPage.verifyTitle(LoginPage.java:24)
at com.actitime.pages.LoginPage.verifyTitle(LoginPage.java:24)
at com.actitime.pages.LoginPage.verifyTitle(LoginPage.java:24)
at com.actitime.pages.LoginPage.verifyTitle(LoginPage.java:24)
at com.actitime.pages.LoginPage.verifyTitle(LoginPage.java:24)
at com.actitime.pages.LoginPage.verifyTitle(LoginPage.java:24)
at com.actitime.pages.LoginPage.verifyTitle(LoginPage.java:24)
at com.actitime.pages.LoginPage.verifyTitle(LoginPage.java:24)
at com.actitime.pages.LoginPage.verifyTitle(LoginPage.java:24)
at com.actitime.pages.LoginPage.verifyTitle(LoginPage.java:24)
at com.actitime.pages.LoginPage.verifyTitle(LoginPage.java:24)
at com.actitime.pages.LoginPage.verifyTitle(LoginPage.java:24)
at com.actitime.pages.LoginPage.verifyTitle(LoginPage.java:24)
at com.actitime.pages.LoginPage.verifyTitle(LoginPage.java:24)
at com.actitime.pages.LoginPage.verifyTitle(LoginPage.java:24)
at com.actitime.pages.LoginPage.verifyTitle(LoginPage.java:24)
at com.actitime.pages.LoginPage.verifyTitle(LoginPage.java:24)
at com.actitime.pages.LoginPage.verifyTitle(LoginPage.java:24)
at com.actitime.pages.LoginPage.verifyTitle(LoginPage.java:24)
at com.actitime.pages.LoginPage.verifyTitle(LoginPage.java:24)
at com.actitime.pages.LoginPage.verifyTitle(LoginPage.java:24)
at com.actitime.pages.LoginPage.verifyTitle(LoginPage.java:24)
at com.actitime.pages.LoginPage.verifyTitle(LoginPage.java:24)
at com.actitime.pages.LoginPage.verifyTitle(LoginPage.java:24)
at com.actitime.pages.LoginPage.verifyTitle(LoginPage.java:24)
at com.actitime.pages.LoginPage.verifyTitle(LoginPage.java:24)
at com.actitime.pages.LoginPage.verifyTitle(LoginPage.java:24)
at com.actitime.pages.LoginPage.verifyTitle(LoginPage.java:24)
at com.actitime.pages.LoginPage.verifyTitle(LoginPage.java:24)
at com.actitime.pages.LoginPage.verifyTitle(LoginPage.java:24)
at com.actitime.pages.LoginPage.verifyTitle(LoginPage.java:24)
at com.actitime.pages.LoginPage.verifyTitle(LoginPage.java:24)
at com.actitime.pages.LoginPage.verifyTitle(LoginPage.java:24)
at com.actitime.pages.LoginPage.verifyTitle(LoginPage.java:24)
at com.actitime.pages.LoginPage.verifyTitle(LoginPage.java:24)
at com.actitime.pages.LoginPage.verifyTitle(LoginPage.java:24)
at com.actitime.pages.LoginPage.verifyTitle(LoginPage.java:24)
at com.actitime.pages.LoginPage.verifyTitle(LoginPage.java:24)
at com.actitime.pages.LoginPage.verifyTitle(LoginPage.java:24)
at com.actitime.pages.LoginPage.verifyTitle(LoginPage.java:24)
at com.actitime.pages.LoginPage.verifyTitle(LoginPage.java:24)
at com.actitime.pages.LoginPage.verifyTitle(LoginPage.java:24)
at com.actitime.pages.LoginPage.verifyTitle(LoginPage.java:24)
at com.actitime.pages.LoginPage.verifyTitle(LoginPage.java:24)
at com.actitime.pages.LoginPage.verifyTitle(LoginPage.java:24)
at com.actitime.pages.LoginPage.verifyTitle(LoginPage.java:24)
at com.actitime.pages.LoginPage.verifyTitle(LoginPage.java:24)
at com.actitime.pages.LoginPage.verifyTitle(LoginPage.java:24)
at com.actitime.pages.LoginPage.verifyTitle(LoginPage.java:24)
at com.actitime.pages.LoginPage.verifyTitle(LoginPage.java:24)
at com.actitime.pages.LoginPage.verifyTitle(LoginPage.java:24)
at com.actitime.pages.LoginPage.verifyTitle(LoginPage.java:24)
at com.actitime.pages.LoginPage.verifyTitle(LoginPage.java:24)
at com.actitime.pages.LoginPage.verifyTitle(LoginPage.java:24)
at com.actitime.pages.LoginPage.verifyTitle(LoginPage.java:24)
at com.actitime.pages.LoginPage.verifyTitle(LoginPage.java:24)
at com.actitime.pages.LoginPage.verifyTitle(LoginPage.java:24)
at com.actitime.pages.LoginPage.verifyTitle(LoginPage.java:24)
at com.actitime.pages.LoginPage.verifyTitle(LoginPage.java:24)
at com.actitime.pages.LoginPage.verifyTitle(LoginPage.java:24)
at com.actitime.pages.LoginPage.verifyTitle(LoginPage.java:24)
at com.actitime.pages.LoginPage.verifyTitle(LoginPage.java:24)
at com.actitime.pages.LoginPage.verifyTitle(LoginPage.java:24)
at com.actitime.pages.LoginPage.verifyTitle(LoginPage.java:24)
at com.actitime.pages.LoginPage.verifyTitle(LoginPage.java:24)
at com.actitime.pages.LoginPage.verifyTitle(LoginPage.java:24)
at com.actitime.pages.LoginPage.verifyTitle(LoginPage.java:24)
at com.actitime.pages.LoginPage.verifyTitle(LoginPage.java:24)
at com.actitime.pages.LoginPage.verifyTitle(LoginPage.java:24)
at com.actitime.pages.LoginPage.verifyTitle(LoginPage.java:24)
at com.actitime.pages.LoginPage.verifyTitle(LoginPage.java:24)
at com.actitime.pages.LoginPage.verifyTitle(LoginPage.java:24)
at com.actitime.pages.LoginPage.verifyTitle(LoginPage.java:24)
at com.actitime.pages.LoginPage.verifyTitle(LoginPage.java:24)
at com.actitime.pages.LoginPage.verifyTitle(LoginPage.java:24)
at com.actitime.pages.LoginPage.verifyTitle(LoginPage.java:24)
at com.actitime.pages.LoginPage.verifyTitle(LoginPage.java:24)
at com.actitime.pages.LoginPage.verifyTitle(LoginPage.java:24)
at com.actitime.pages.LoginPage.verifyTitle(LoginPage.java:24)
at com.actitime.pages.LoginPage.verifyTitle(LoginPage.java:24)
at com.actitime.pages.LoginPage.verifyTitle(LoginPage.java:24)
at com.actitime.pages.LoginPage.verifyTitle(LoginPage.java:24)
at com.actitime.pages.LoginPage.verifyTitle(LoginPage.java:24)
at com.actitime.pages.LoginPage.verifyTitle(LoginPage.java:24)
at com.actitime.pages.LoginPage.verifyTitle(LoginPage.java:24)
at com.actitime.pages.LoginPage.verifyTitle(LoginPage.java:24)
at com.actitime.pages.LoginPage.verifyTitle(LoginPage.java:24)
at com.actitime.pages.LoginPage.verifyTitle(LoginPage.java:24)
at com.actitime.pages.LoginPage.verifyTitle(LoginPage.java:24)
at com.actitime.pages.LoginPage.verifyTitle(LoginPage.java:24)
at com.actitime.pages.LoginPage.verifyTitle(LoginPage.java:24)
at com.actitime.pages.LoginPage.verifyTitle(LoginPage.java:24)
at com.actitime.pages.LoginPage.verifyTitle(LoginPage.java:24)
at com.actitime.pages.LoginPage.verifyTitle(LoginPage.java:24)
at com.actitime.pages.LoginPage.verifyTitle(LoginPage.java:24)
at com.actitime.pages.LoginPage.verifyTitle(LoginPage.java:24)
at com.actitime.pages.LoginPage.verifyTitle(LoginPage.java:24)
at com.actitime.pages.LoginPage.verifyTitle(LoginPage.java:24)
at com.actitime.pages.LoginPage.verifyTitle(LoginPage.java:24)
at com.actitime.pages.LoginPage.verifyTitle(LoginPage.java:24)
at com.actitime.pages.LoginPage.verifyTitle(LoginPage.java:24)
at com.actitime.pages.LoginPage.verifyTitle(LoginPage.java:24)
at com.actitime.pages.LoginPage.verifyTitle(LoginPage.java:24)
at com.actitime.pages.LoginPage.verifyTitle(LoginPage.java:24)
at com.actitime.pages.LoginPage.verifyTitle(LoginPage.java:24)
at com.actitime.pages.LoginPage.verifyTitle(LoginPage.java:24)
at com.actitime.pages.LoginPage.verifyTitle(LoginPage.java:24)
at com.actitime.pages.LoginPage.verifyTitle(LoginPage.java:24)
at com.actitime.pages.LoginPage.verifyTitle(LoginPage.java:24)
at com.actitime.pages.LoginPage.verifyTitle(LoginPage.java:24)
at com.actitime.pages.LoginPage.verifyTitle(LoginPage.java:24)
at com.actitime.pages.LoginPage.verifyTitle(LoginPage.java:24)
at com.actitime.pages.LoginPage.verifyTitle(LoginPage.java:24)
at com.actitime.pages.LoginPage.verifyTitle(LoginPage.java:24)
at com.actitime.pages.LoginPage.verifyTitle(LoginPage.java:24)
at com.actitime.pages.LoginPage.verifyTitle(LoginPage.java:24)
at com.actitime.pages.LoginPage.verifyTitle(LoginPage.java:24)
at com.actitime.pages.LoginPage.verifyTitle(LoginPage.java:24)
at com.actitime.pages.LoginPage.verifyTitle(LoginPage.java:24)
at com.actitime.pages.LoginPage.verifyTitle(LoginPage.java:24)
at com.actitime.pages.LoginPage.verifyTitle(LoginPage.java:24)
at com.actitime.pages.LoginPage.verifyTitle(LoginPage.java:24)
at com.actitime.pages.LoginPage.verifyTitle(LoginPage.java:24)
at com.actitime.pages.LoginPage.verifyTitle(LoginPage.java:24)
at com.actitime.pages.LoginPage.verifyTitle(LoginPage.java:24)
at com.actitime.pages.LoginPage.verifyTitle(LoginPage.java:24)
at com.actitime.pages.LoginPage.verifyTitle(LoginPage.java:24)
at com.actitime.pages.LoginPage.verifyTitle(LoginPage.java:24)
at com.actitime.pages.LoginPage.verifyTitle(LoginPage.java:24)
at com.actitime.pages.LoginPage.verifyTitle(LoginPage.java:24)
at com.actitime.pages.LoginPage.verifyTitle(LoginPage.java:24)
at com.actitime.pages.LoginPage.verifyTitle(LoginPage.java:24)
at com.actitime.pages.LoginPage.verifyTitle(LoginPage.java:24)
at com.actitime.pages.LoginPage.verifyTitle(LoginPage.java:24)
at com.actitime.pages.LoginPage.verifyTitle(LoginPage.java:24)
at com.actitime.pages.LoginPage.verifyTitle(LoginPage.java:24)
at com.actitime.pages.LoginPage.verifyTitle(LoginPage.java:24)
at com.actitime.pages.LoginPage.verifyTitle(LoginPage.java:24)
at com.actitime.pages.LoginPage.verifyTitle(LoginPage.java:24)
at com.actitime.pages.LoginPage.verifyTitle(LoginPage.java:24)
at com.actitime.pages.LoginPage.verifyTitle(LoginPage.java:24)
at com.actitime.pages.LoginPage.verifyTitle(LoginPage.java:24)
at com.actitime.pages.LoginPage.verifyTitle(LoginPage.java:24)
at com.actitime.pages.LoginPage.verifyTitle(LoginPage.java:24)
at com.actitime.pages.LoginPage.verifyTitle(LoginPage.java:24)
at com.actitime.pages.LoginPage.verifyTitle(LoginPage.java:24)
at com.actitime.pages.LoginPage.verifyTitle(LoginPage.java:24)
at com.actitime.pages.LoginPage.verifyTitle(LoginPage.java:24)
at com.actitime.pages.LoginPage.verifyTitle(LoginPage.java:24)
at com.actitime.pages.LoginPage.verifyTitle(LoginPage.java:24)
at com.actitime.pages.LoginPage.verifyTitle(LoginPage.java:24)
at com.actitime.pages.LoginPage.verifyTitle(LoginPage.java:24)
at com.actitime.pages.LoginPage.verifyTitle(LoginPage.java:24)
at com.actitime.pages.LoginPage.verifyTitle(LoginPage.java:24)
at com.actitime.pages.LoginPage.verifyTitle(LoginPage.java:24)
at com.actitime.pages.LoginPage.verifyTitle(LoginPage.java:24)
at com.actitime.pages.LoginPage.verifyTitle(LoginPage.java:24)
at com.actitime.pages.LoginPage.verifyTitle(LoginPage.java:24)
at com.actitime.pages.LoginPage.verifyTitle(LoginPage.java:24)
at com.actitime.pages.LoginPage.verifyTitle(LoginPage.java:24)
at com.actitime.pages.LoginPage.verifyTitle(LoginPage.java:24)
at com.actitime.pages.LoginPage.verifyTitle(LoginPage.java:24)
at com.actitime.pages.LoginPage.verifyTitle(LoginPage.java:24)
at com.actitime.pages.LoginPage.verifyTitle(LoginPage.java:24)
at com.actitime.pages.LoginPage.verifyTitle(LoginPage.java:24)
at com.actitime.pages.LoginPage.verifyTitle(LoginPage.java:24)
at com.actitime.pages.LoginPage.verifyTitle(LoginPage.java:24)
at com.actitime.pages.LoginPage.verifyTitle(LoginPage.java:24)
at com.actitime.pages.LoginPage.verifyTitle(LoginPage.java:24)
at com.actitime.pages.LoginPage.verifyTitle(LoginPage.java:24)
at com.actitime.pages.LoginPage.verifyTitle(LoginPage.java:24)
at com.actitime.pages.LoginPage.verifyTitle(LoginPage.java:24)
at com.actitime.pages.LoginPage.verifyTitle(LoginPage.java:24)
at com.actitime.pages.LoginPage.verifyTitle(LoginPage.java:24)
at com.actitime.pages.LoginPage.verifyTitle(LoginPage.java:24)
at com.actitime.pages.LoginPage.verifyTitle(LoginPage.java:24)
at com.actitime.pages.LoginPage.verifyTitle(LoginPage.java:24)
at com.actitime.pages.LoginPage.verifyTitle(LoginPage.java:24)
at com.actitime.pages.LoginPage.verifyTitle(LoginPage.java:24)
at com.actitime.pages.LoginPage.verifyTitle(LoginPage.java:24)
at com.actitime.pages.LoginPage.verifyTitle(LoginPage.java:24)
at com.actitime.pages.LoginPage.verifyTitle(LoginPage.java:24)
at com.actitime.pages.LoginPage.verifyTitle(LoginPage.java:24)
at com.actitime.pages.LoginPage.verifyTitle(LoginPage.java:24)
at com.actitime.pages.LoginPage.verifyTitle(LoginPage.java:24)
at com.actitime.pages.LoginPage.verifyTitle(LoginPage.java:24)
at com.actitime.pages.LoginPage.verifyTitle(LoginPage.java:24)
at com.actitime.pages.LoginPage.verifyTitle(LoginPage.java:24)
at com.actitime.pages.LoginPage.verifyTitle(LoginPage.java:24)
at com.actitime.pages.LoginPage.verifyTitle(LoginPage.java:24)
at com.actitime.pages.LoginPage.verifyTitle(LoginPage.java:24)
at com.actitime.pages.LoginPage.verifyTitle(LoginPage.java:24)
at com.actitime.pages.LoginPage.verifyTitle(LoginPage.java:24)
at com.actitime.pages.LoginPage.verifyTitle(LoginPage.java:24)
at com.actitime.pages.LoginPage.verifyTitle(LoginPage.java:24)
at com.actitime.pages.LoginPage.verifyTitle(LoginPage.java:24)
at com.actitime.pages.LoginPage.verifyTitle(LoginPage.java:24)
at com.actitime.pages.LoginPage.verifyTitle(LoginPage.java:24)
at com.actitime.pages.LoginPage.verifyTitle(LoginPage.java:24)
at com.actitime.pages.LoginPage.verifyTitle(LoginPage.java:24)
at com.actitime.pages.LoginPage.verifyTitle(LoginPage.java:24)
at com.actitime.pages.LoginPage.verifyTitle(LoginPage.java:24)
at com.actitime.pages.LoginPage.verifyTitle(LoginPage.java:24)
at com.actitime.pages.LoginPage.verifyTitle(LoginPage.java:24)
at com.actitime.pages.LoginPage.verifyTitle(LoginPage.java:24)
at com.actitime.pages.LoginPage.verifyTitle(LoginPage.java:24)
at com.actitime.pages.LoginPage.verifyTitle(LoginPage.java:24)
at com.actitime.pages.LoginPage.verifyTitle(LoginPage.java:24)
at com.actitime.pages.LoginPage.verifyTitle(LoginPage.java:24)
at com.actitime.pages.LoginPage.verifyTitle(LoginPage.java:24)
at com.actitime.pages.LoginPage.verifyTitle(LoginPage.java:24)
at com.actitime.pages.LoginPage.verifyTitle(LoginPage.java:24)
at com.actitime.pages.LoginPage.verifyTitle(LoginPage.java:24)
at com.actitime.pages.LoginPage.verifyTitle(LoginPage.java:24)
at com.actitime.pages.LoginPage.verifyTitle(LoginPage.java:24)
at com.actitime.pages.LoginPage.verifyTitle(LoginPage.java:24)
at com.actitime.pages.LoginPage.verifyTitle(LoginPage.java:24)
at com.actitime.pages.LoginPage.verifyTitle(LoginPage.java:24)
at com.actitime.pages.LoginPage.verifyTitle(LoginPage.java:24)
at com.actitime.pages.LoginPage.verifyTitle(LoginPage.java:24)
at com.actitime.pages.LoginPage.verifyTitle(LoginPage.java:24)
at com.actitime.pages.LoginPage.verifyTitle(LoginPage.java:24)
at com.actitime.pages.LoginPage.verifyTitle(LoginPage.java:24)
at com.actitime.pages.LoginPage.verifyTitle(LoginPage.java:24)
at com.actitime.pages.LoginPage.verifyTitle(LoginPage.java:24)
at com.actitime.pages.LoginPage.verifyTitle(LoginPage.java:24)
at com.actitime.pages.LoginPage.verifyTitle(LoginPage.java:24)
at com.actitime.pages.LoginPage.verifyTitle(LoginPage.java:24)
at com.actitime.pages.LoginPage.verifyTitle(LoginPage.java:24)
at com.actitime.pages.LoginPage.verifyTitle(LoginPage.java:24)
at com.actitime.pages.LoginPage.verifyTitle(LoginPage.java:24)
at com.actitime.pages.LoginPage.verifyTitle(LoginPage.java:24)
at com.actitime.pages.LoginPage.verifyTitle(LoginPage.java:24)
at com.actitime.pages.LoginPage.verifyTitle(LoginPage.java:24)
at com.actitime.pages.LoginPage.verifyTitle(LoginPage.java:24)
at com.actitime.pages.LoginPage.verifyTitle(LoginPage.java:24)
at com.actitime.pages.LoginPage.verifyTitle(LoginPage.java:24)
at com.actitime.pages.LoginPage.verifyTitle(LoginPage.java:24)
at com.actitime.pages.LoginPage.verifyTitle(LoginPage.java:24)
at com.actitime.pages.LoginPage.verifyTitle(LoginPage.java:24)
at com.actitime.pages.LoginPage.verifyTitle(LoginPage.java:24)
at com.actitime.pages.LoginPage.verifyTitle(LoginPage.java:24)
at com.actitime.pages.LoginPage.verifyTitle(LoginPage.java:24)
at com.actitime.pages.LoginPage.verifyTitle(LoginPage.java:24)
at com.actitime.pages.LoginPage.verifyTitle(LoginPage.java:24)
at com.actitime.pages.LoginPage.verifyTitle(LoginPage.java:24)
at com.actitime.pages.LoginPage.verifyTitle(LoginPage.java:24)
at com.actitime.pages.LoginPage.verifyTitle(LoginPage.java:24)
at com.actitime.pages.LoginPage.verifyTitle(LoginPage.java:24)
at com.actitime.pages.LoginPage.verifyTitle(LoginPage.java:24)
at com.actitime.pages.LoginPage.verifyTitle(LoginPage.java:24)
at com.actitime.pages.LoginPage.verifyTitle(LoginPage.java:24)
at com.actitime.pages.LoginPage.verifyTitle(LoginPage.java:24)
at com.actitime.pages.LoginPage.verifyTitle(LoginPage.java:24)
at com.actitime.pages.LoginPage.verifyTitle(LoginPage.java:24)
at com.actitime.pages.LoginPage.verifyTitle(LoginPage.java:24)
at com.actitime.pages.LoginPage.verifyTitle(LoginPage.java:24)
at com.actitime.pages.LoginPage.verifyTitle(LoginPage.java:24)
at com.actitime.pages.LoginPage.verifyTitle(LoginPage.java:24)
at com.actitime.pages.LoginPage.verifyTitle(LoginPage.java:24)
at com.actitime.pages.LoginPage.verifyTitle(LoginPage.java:24)
at com.actitime.pages.LoginPage.verifyTitle(LoginPage.java:24)
at com.actitime.pages.LoginPage.verifyTitle(LoginPage.java:24)
at com.actitime.pages.LoginPage.verifyTitle(LoginPage.java:24)
at com.actitime.pages.LoginPage.verifyTitle(LoginPage.java:24)
at com.actitime.pages.LoginPage.verifyTitle(LoginPage.java:24)
at com.actitime.pages.LoginPage.verifyTitle(LoginPage.java:24)
at com.actitime.pages.LoginPage.verifyTitle(LoginPage.java:24)
at com.actitime.pages.LoginPage.verifyTitle(LoginPage.java:24)
at com.actitime.pages.LoginPage.verifyTitle(LoginPage.java:24)
at com.actitime.pages.LoginPage.verifyTitle(LoginPage.java:24)
at com.actitime.pages.LoginPage.verifyTitle(LoginPage.java:24)
at com.actitime.pages.LoginPage.verifyTitle(LoginPage.java:24)
at com.actitime.pages.LoginPage.verifyTitle(LoginPage.java:24)
at com.actitime.pages.LoginPage.verifyTitle(LoginPage.java:24)
at com.actitime.pages.LoginPage.verifyTitle(LoginPage.java:24)
at com.actitime.pages.LoginPage.verifyTitle(LoginPage.java:24)
at com.actitime.pages.LoginPage.verifyTitle(LoginPage.java:24)
at com.actitime.pages.LoginPage.verifyTitle(LoginPage.java:24)
at com.actitime.pages.LoginPage.verifyTitle(LoginPage.java:24)
at com.actitime.pages.LoginPage.verifyTitle(LoginPage.java:24)
at com.actitime.pages.LoginPage.verifyTitle(LoginPage.java:24)
at com.actitime.pages.LoginPage.verifyTitle(LoginPage.java:24)
at com.actitime.pages.LoginPage.verifyTitle(LoginPage.java:24)
at com.actitime.pages.LoginPage.verifyTitle(LoginPage.java:24)
at com.actitime.pages.LoginPage.verifyTitle(LoginPage.java:24)
at com.actitime.pages.LoginPage.verifyTitle(LoginPage.java:24)
at com.actitime.pages.LoginPage.verifyTitle(LoginPage.java:24)
at com.actitime.pages.LoginPage.verifyTitle(LoginPage.java:24)
at com.actitime.pages.LoginPage.verifyTitle(LoginPage.java:24)
at com.actitime.pages.LoginPage.verifyTitle(LoginPage.java:24)
at com.actitime.pages.LoginPage.verifyTitle(LoginPage.java:24)
at com.actitime.pages.LoginPage.verifyTitle(LoginPage.java:24)
at com.actitime.pages.LoginPage.verifyTitle(LoginPage.java:24)
at com.actitime.pages.LoginPage.verifyTitle(LoginPage.java:24)
at com.actitime.pages.LoginPage.verifyTitle(LoginPage.java:24)
at com.actitime.pages.LoginPage.verifyTitle(LoginPage.java:24)
at com.actitime.pages.LoginPage.verifyTitle(LoginPage.java:24)
at com.actitime.pages.LoginPage.verifyTitle(LoginPage.java:24)
at com.actitime.pages.LoginPage.verifyTitle(LoginPage.java:24)
at com.actitime.pages.LoginPage.verifyTitle(LoginPage.java:24)
at com.actitime.pages.LoginPage.verifyTitle(LoginPage.java:24)
at com.actitime.pages.LoginPage.verifyTitle(LoginPage.java:24)
at com.actitime.pages.LoginPage.verifyTitle(LoginPage.java:24)
at com.actitime.pages.LoginPage.verifyTitle(LoginPage.java:24)
at com.actitime.pages.LoginPage.verifyTitle(LoginPage.java:24)
at com.actitime.pages.LoginPage.verifyTitle(LoginPage.java:24)
at com.actitime.pages.LoginPage.verifyTitle(LoginPage.java:24)
at com.actitime.pages.LoginPage.verifyTitle(LoginPage.java:24)
at com.actitime.pages.LoginPage.verifyTitle(LoginPage.java:24)
at com.actitime.pages.LoginPage.verifyTitle(LoginPage.java:24)
at com.actitime.pages.LoginPage.verifyTitle(LoginPage.java:24)
at com.actitime.pages.LoginPage.verifyTitle(LoginPage.java:24)
at com.actitime.pages.LoginPage.verifyTitle(LoginPage.java:24)
at com.actitime.pages.LoginPage.verifyTitle(LoginPage.java:24)
at com.actitime.pages.LoginPage.verifyTitle(LoginPage.java:24)
at com.actitime.pages.LoginPage.verifyTitle(LoginPage.java:24)
at com.actitime.pages.LoginPage.verifyTitle(LoginPage.java:24)
at com.actitime.pages.LoginPage.verifyTitle(LoginPage.java:24)
at com.actitime.pages.LoginPage.verifyTitle(LoginPage.java:24)
at com.actitime.pages.LoginPage.verifyTitle(LoginPage.java:24)
at com.actitime.pages.LoginPage.verifyTitle(LoginPage.java:24)
at com.actitime.pages.LoginPage.verifyTitle(LoginPage.java:24)
at com.actitime.pages.LoginPage.verifyTitle(LoginPage.java:24)
at com.actitime.pages.LoginPage.verifyTitle(LoginPage.java:24)
at com.actitime.pages.LoginPage.verifyTitle(LoginPage.java:24)
at com.actitime.pages.LoginPage.verifyTitle(LoginPage.java:24)
at com.actitime.pages.LoginPage.verifyTitle(LoginPage.java:24)
at com.actitime.pages.LoginPage.verifyTitle(LoginPage.java:24)
at com.actitime.pages.LoginPage.verifyTitle(LoginPage.java:24)
at com.actitime.pages.LoginPage.verifyTitle(LoginPage.java:24)
at com.actitime.pages.LoginPage.verifyTitle(LoginPage.java:24)
at com.actitime.pages.LoginPage.verifyTitle(LoginPage.java:24)
]]>
            </full-stacktrace>
          </exception> <!-- java.lang.StackOverflowError -->
          <reporter-output>
          </reporter-output>
        </test-method> <!-- testValidLoginLogout -->
        <test-method status="PASS" signature="postCondition(org.testng.ITestResult)[pri:0, instance:com.actitime.tests.ValidLoginLogoutTest@c46bcd4]" name="postCondition" is-config="true" duration-ms="768" started-at="2018-07-25T15:15:33Z" finished-at="2018-07-25T15:15:34Z">
          <params>
            <param index="0">
              <value>
                <![CDATA[[TestResult name=testValidLoginLogout status=FAILURE method=ValidLoginLogoutTest.testValidLoginLogout()[pri:1, instance:com.actitime.tests.ValidLoginLogoutTest@c46bcd4] output={null}]]]>
              </value>
            </param>
          </params>
          <reporter-output>
          </reporter-output>
        </test-method> <!-- postCondition -->
      </class> <!-- com.actitime.tests.ValidLoginLogoutTest -->
      <class name="com.actitime.tests.InvalidLoginTest">
        <test-method status="PASS" signature="preCondition()[pri:0, instance:com.actitime.tests.InvalidLoginTest@42f93a98]" name="preCondition" is-config="true" duration-ms="11959" started-at="2018-07-25T15:15:34Z" finished-at="2018-07-25T15:15:46Z">
          <reporter-output>
          </reporter-output>
        </test-method> <!-- preCondition -->
        <test-method status="FAIL" signature="testInvalidLogin()[pri:2, instance:com.actitime.tests.InvalidLoginTest@42f93a98]" name="testInvalidLogin" duration-ms="8" started-at="2018-07-25T15:15:46Z" finished-at="2018-07-25T15:15:46Z">
          <exception class="java.lang.StackOverflowError">
            <full-stacktrace>
              <![CDATA[java.lang.StackOverflowError
at com.actitime.pages.LoginPage.verifyTitle(LoginPage.java:24)
at com.actitime.pages.LoginPage.verifyTitle(LoginPage.java:24)
at com.actitime.pages.LoginPage.verifyTitle(LoginPage.java:24)
at com.actitime.pages.LoginPage.verifyTitle(LoginPage.java:24)
at com.actitime.pages.LoginPage.verifyTitle(LoginPage.java:24)
at com.actitime.pages.LoginPage.verifyTitle(LoginPage.java:24)
at com.actitime.pages.LoginPage.verifyTitle(LoginPage.java:24)
at com.actitime.pages.LoginPage.verifyTitle(LoginPage.java:24)
at com.actitime.pages.LoginPage.verifyTitle(LoginPage.java:24)
at com.actitime.pages.LoginPage.verifyTitle(LoginPage.java:24)
at com.actitime.pages.LoginPage.verifyTitle(LoginPage.java:24)
at com.actitime.pages.LoginPage.verifyTitle(LoginPage.java:24)
at com.actitime.pages.LoginPage.verifyTitle(LoginPage.java:24)
at com.actitime.pages.LoginPage.verifyTitle(LoginPage.java:24)
at com.actitime.pages.LoginPage.verifyTitle(LoginPage.java:24)
at com.actitime.pages.LoginPage.verifyTitle(LoginPage.java:24)
at com.actitime.pages.LoginPage.verifyTitle(LoginPage.java:24)
at com.actitime.pages.LoginPage.verifyTitle(LoginPage.java:24)
at com.actitime.pages.LoginPage.verifyTitle(LoginPage.java:24)
at com.actitime.pages.LoginPage.verifyTitle(LoginPage.java:24)
at com.actitime.pages.LoginPage.verifyTitle(LoginPage.java:24)
at com.actitime.pages.LoginPage.verifyTitle(LoginPage.java:24)
at com.actitime.pages.LoginPage.verifyTitle(LoginPage.java:24)
at com.actitime.pages.LoginPage.verifyTitle(LoginPage.java:24)
at com.actitime.pages.LoginPage.verifyTitle(LoginPage.java:24)
at com.actitime.pages.LoginPage.verifyTitle(LoginPage.java:24)
at com.actitime.pages.LoginPage.verifyTitle(LoginPage.java:24)
at com.actitime.pages.LoginPage.verifyTitle(LoginPage.java:24)
at com.actitime.pages.LoginPage.verifyTitle(LoginPage.java:24)
at com.actitime.pages.LoginPage.verifyTitle(LoginPage.java:24)
at com.actitime.pages.LoginPage.verifyTitle(LoginPage.java:24)
at com.actitime.pages.LoginPage.verifyTitle(LoginPage.java:24)
at com.actitime.pages.LoginPage.verifyTitle(LoginPage.java:24)
at com.actitime.pages.LoginPage.verifyTitle(LoginPage.java:24)
at com.actitime.pages.LoginPage.verifyTitle(LoginPage.java:24)
at com.actitime.pages.LoginPage.verifyTitle(LoginPage.java:24)
at com.actitime.pages.LoginPage.verifyTitle(LoginPage.java:24)
at com.actitime.pages.LoginPage.verifyTitle(LoginPage.java:24)
at com.actitime.pages.LoginPage.verifyTitle(LoginPage.java:24)
at com.actitime.pages.LoginPage.verifyTitle(LoginPage.java:24)
at com.actitime.pages.LoginPage.verifyTitle(LoginPage.java:24)
at com.actitime.pages.LoginPage.verifyTitle(LoginPage.java:24)
at com.actitime.pages.LoginPage.verifyTitle(LoginPage.java:24)
at com.actitime.pages.LoginPage.verifyTitle(LoginPage.java:24)
at com.actitime.pages.LoginPage.verifyTitle(LoginPage.java:24)
at com.actitime.pages.LoginPage.verifyTitle(LoginPage.java:24)
at com.actitime.pages.LoginPage.verifyTitle(LoginPage.java:24)
at com.actitime.pages.LoginPage.verifyTitle(LoginPage.java:24)
at com.actitime.pages.LoginPage.verifyTitle(LoginPage.java:24)
at com.actitime.pages.LoginPage.verifyTitle(LoginPage.java:24)
at com.actitime.pages.LoginPage.verifyTitle(LoginPage.java:24)
at com.actitime.pages.LoginPage.verifyTitle(LoginPage.java:24)
at com.actitime.pages.LoginPage.verifyTitle(LoginPage.java:24)
at com.actitime.pages.LoginPage.verifyTitle(LoginPage.java:24)
at com.actitime.pages.LoginPage.verifyTitle(LoginPage.java:24)
at com.actitime.pages.LoginPage.verifyTitle(LoginPage.java:24)
at com.actitime.pages.LoginPage.verifyTitle(LoginPage.java:24)
at com.actitime.pages.LoginPage.verifyTitle(LoginPage.java:24)
at com.actitime.pages.LoginPage.verifyTitle(LoginPage.java:24)
at com.actitime.pages.LoginPage.verifyTitle(LoginPage.java:24)
at com.actitime.pages.LoginPage.verifyTitle(LoginPage.java:24)
at com.actitime.pages.LoginPage.verifyTitle(LoginPage.java:24)
at com.actitime.pages.LoginPage.verifyTitle(LoginPage.java:24)
at com.actitime.pages.LoginPage.verifyTitle(LoginPage.java:24)
at com.actitime.pages.LoginPage.verifyTitle(LoginPage.java:24)
at com.actitime.pages.LoginPage.verifyTitle(LoginPage.java:24)
at com.actitime.pages.LoginPage.verifyTitle(LoginPage.java:24)
at com.actitime.pages.LoginPage.verifyTitle(LoginPage.java:24)
at com.actitime.pages.LoginPage.verifyTitle(LoginPage.java:24)
at com.actitime.pages.LoginPage.verifyTitle(LoginPage.java:24)
at com.actitime.pages.LoginPage.verifyTitle(LoginPage.java:24)
at com.actitime.pages.LoginPage.verifyTitle(LoginPage.java:24)
at com.actitime.pages.LoginPage.verifyTitle(LoginPage.java:24)
at com.actitime.pages.LoginPage.verifyTitle(LoginPage.java:24)
at com.actitime.pages.LoginPage.verifyTitle(LoginPage.java:24)
at com.actitime.pages.LoginPage.verifyTitle(LoginPage.java:24)
at com.actitime.pages.LoginPage.verifyTitle(LoginPage.java:24)
at com.actitime.pages.LoginPage.verifyTitle(LoginPage.java:24)
at com.actitime.pages.LoginPage.verifyTitle(LoginPage.java:24)
at com.actitime.pages.LoginPage.verifyTitle(LoginPage.java:24)
at com.actitime.pages.LoginPage.verifyTitle(LoginPage.java:24)
at com.actitime.pages.LoginPage.verifyTitle(LoginPage.java:24)
at com.actitime.pages.LoginPage.verifyTitle(LoginPage.java:24)
at com.actitime.pages.LoginPage.verifyTitle(LoginPage.java:24)
at com.actitime.pages.LoginPage.verifyTitle(LoginPage.java:24)
at com.actitime.pages.LoginPage.verifyTitle(LoginPage.java:24)
at com.actitime.pages.LoginPage.verifyTitle(LoginPage.java:24)
at com.actitime.pages.LoginPage.verifyTitle(LoginPage.java:24)
at com.actitime.pages.LoginPage.verifyTitle(LoginPage.java:24)
at com.actitime.pages.LoginPage.verifyTitle(LoginPage.java:24)
at com.actitime.pages.LoginPage.verifyTitle(LoginPage.java:24)
at com.actitime.pages.LoginPage.verifyTitle(LoginPage.java:24)
at com.actitime.pages.LoginPage.verifyTitle(LoginPage.java:24)
at com.actitime.pages.LoginPage.verifyTitle(LoginPage.java:24)
at com.actitime.pages.LoginPage.verifyTitle(LoginPage.java:24)
at com.actitime.pages.LoginPage.verifyTitle(LoginPage.java:24)
at com.actitime.pages.LoginPage.verifyTitle(LoginPage.java:24)
at com.actitime.pages.LoginPage.verifyTitle(LoginPage.java:24)
at com.actitime.pages.LoginPage.verifyTitle(LoginPage.java:24)
at com.actitime.pages.LoginPage.verifyTitle(LoginPage.java:24)
at com.actitime.pages.LoginPage.verifyTitle(LoginPage.java:24)
at com.actitime.pages.LoginPage.verifyTitle(LoginPage.java:24)
at com.actitime.pages.LoginPage.verifyTitle(LoginPage.java:24)
at com.actitime.pages.LoginPage.verifyTitle(LoginPage.java:24)
at com.actitime.pages.LoginPage.verifyTitle(LoginPage.java:24)
at com.actitime.pages.LoginPage.verifyTitle(LoginPage.java:24)
at com.actitime.pages.LoginPage.verifyTitle(LoginPage.java:24)
at com.actitime.pages.LoginPage.verifyTitle(LoginPage.java:24)
at com.actitime.pages.LoginPage.verifyTitle(LoginPage.java:24)
at com.actitime.pages.LoginPage.verifyTitle(LoginPage.java:24)
at com.actitime.pages.LoginPage.verifyTitle(LoginPage.java:24)
at com.actitime.pages.LoginPage.verifyTitle(LoginPage.java:24)
at com.actitime.pages.LoginPage.verifyTitle(LoginPage.java:24)
at com.actitime.pages.LoginPage.verifyTitle(LoginPage.java:24)
at com.actitime.pages.LoginPage.verifyTitle(LoginPage.java:24)
at com.actitime.pages.LoginPage.verifyTitle(LoginPage.java:24)
at com.actitime.pages.LoginPage.verifyTitle(LoginPage.java:24)
at com.actitime.pages.LoginPage.verifyTitle(LoginPage.java:24)
at com.actitime.pages.LoginPage.verifyTitle(LoginPage.java:24)
at com.actitime.pages.LoginPage.verifyTitle(LoginPage.java:24)
at com.actitime.pages.LoginPage.verifyTitle(LoginPage.java:24)
at com.actitime.pages.LoginPage.verifyTitle(LoginPage.java:24)
at com.actitime.pages.LoginPage.verifyTitle(LoginPage.java:24)
at com.actitime.pages.LoginPage.verifyTitle(LoginPage.java:24)
at com.actitime.pages.LoginPage.verifyTitle(LoginPage.java:24)
at com.actitime.pages.LoginPage.verifyTitle(LoginPage.java:24)
at com.actitime.pages.LoginPage.verifyTitle(LoginPage.java:24)
at com.actitime.pages.LoginPage.verifyTitle(LoginPage.java:24)
at com.actitime.pages.LoginPage.verifyTitle(LoginPage.java:24)
at com.actitime.pages.LoginPage.verifyTitle(LoginPage.java:24)
at com.actitime.pages.LoginPage.verifyTitle(LoginPage.java:24)
at com.actitime.pages.LoginPage.verifyTitle(LoginPage.java:24)
at com.actitime.pages.LoginPage.verifyTitle(LoginPage.java:24)
at com.actitime.pages.LoginPage.verifyTitle(LoginPage.java:24)
at com.actitime.pages.LoginPage.verifyTitle(LoginPage.java:24)
at com.actitime.pages.LoginPage.verifyTitle(LoginPage.java:24)
at com.actitime.pages.LoginPage.verifyTitle(LoginPage.java:24)
at com.actitime.pages.LoginPage.verifyTitle(LoginPage.java:24)
at com.actitime.pages.LoginPage.verifyTitle(LoginPage.java:24)
at com.actitime.pages.LoginPage.verifyTitle(LoginPage.java:24)
at com.actitime.pages.LoginPage.verifyTitle(LoginPage.java:24)
at com.actitime.pages.LoginPage.verifyTitle(LoginPage.java:24)
at com.actitime.pages.LoginPage.verifyTitle(LoginPage.java:24)
at com.actitime.pages.LoginPage.verifyTitle(LoginPage.java:24)
at com.actitime.pages.LoginPage.verifyTitle(LoginPage.java:24)
at com.actitime.pages.LoginPage.verifyTitle(LoginPage.java:24)
at com.actitime.pages.LoginPage.verifyTitle(LoginPage.java:24)
at com.actitime.pages.LoginPage.verifyTitle(LoginPage.java:24)
at com.actitime.pages.LoginPage.verifyTitle(LoginPage.java:24)
at com.actitime.pages.LoginPage.verifyTitle(LoginPage.java:24)
at com.actitime.pages.LoginPage.verifyTitle(LoginPage.java:24)
at com.actitime.pages.LoginPage.verifyTitle(LoginPage.java:24)
at com.actitime.pages.LoginPage.verifyTitle(LoginPage.java:24)
at com.actitime.pages.LoginPage.verifyTitle(LoginPage.java:24)
at com.actitime.pages.LoginPage.verifyTitle(LoginPage.java:24)
at com.actitime.pages.LoginPage.verifyTitle(LoginPage.java:24)
at com.actitime.pages.LoginPage.verifyTitle(LoginPage.java:24)
at com.actitime.pages.LoginPage.verifyTitle(LoginPage.java:24)
at com.actitime.pages.LoginPage.verifyTitle(LoginPage.java:24)
at com.actitime.pages.LoginPage.verifyTitle(LoginPage.java:24)
at com.actitime.pages.LoginPage.verifyTitle(LoginPage.java:24)
at com.actitime.pages.LoginPage.verifyTitle(LoginPage.java:24)
at com.actitime.pages.LoginPage.verifyTitle(LoginPage.java:24)
at com.actitime.pages.LoginPage.verifyTitle(LoginPage.java:24)
at com.actitime.pages.LoginPage.verifyTitle(LoginPage.java:24)
at com.actitime.pages.LoginPage.verifyTitle(LoginPage.java:24)
at com.actitime.pages.LoginPage.verifyTitle(LoginPage.java:24)
at com.actitime.pages.LoginPage.verifyTitle(LoginPage.java:24)
at com.actitime.pages.LoginPage.verifyTitle(LoginPage.java:24)
at com.actitime.pages.LoginPage.verifyTitle(LoginPage.java:24)
at com.actitime.pages.LoginPage.verifyTitle(LoginPage.java:24)
at com.actitime.pages.LoginPage.verifyTitle(LoginPage.java:24)
at com.actitime.pages.LoginPage.verifyTitle(LoginPage.java:24)
at com.actitime.pages.LoginPage.verifyTitle(LoginPage.java:24)
at com.actitime.pages.LoginPage.verifyTitle(LoginPage.java:24)
at com.actitime.pages.LoginPage.verifyTitle(LoginPage.java:24)
at com.actitime.pages.LoginPage.verifyTitle(LoginPage.java:24)
at com.actitime.pages.LoginPage.verifyTitle(LoginPage.java:24)
[...]
at com.actitime.pages.LoginPage.verifyTitle(LoginPage.java:24)
at com.actitime.pages.LoginPage.verifyTitle(LoginPage.java:24)
at com.actitime.pages.LoginPage.verifyTitle(LoginPage.java:24)
at com.actitime.pages.LoginPage.verifyTitle(LoginPage.java:24)
at com.actitime.pages.LoginPage.verifyTitle(LoginPage.java:24)
at com.actitime.pages.LoginPage.verifyTitle(LoginPage.java:24)
at com.actitime.pages.LoginPage.verifyTitle(LoginPage.java:24)
at com.actitime.pages.LoginPage.verifyTitle(LoginPage.java:24)
at com.actitime.pages.LoginPage.verifyTitle(LoginPage.java:24)
at com.actitime.pages.LoginPage.verifyTitle(LoginPage.java:24)
at com.actitime.pages.LoginPage.verifyTitle(LoginPage.java:24)
at com.actitime.pages.LoginPage.verifyTitle(LoginPage.java:24)
at com.actitime.pages.LoginPage.verifyTitle(LoginPage.java:24)
at com.actitime.pages.LoginPage.verifyTitle(LoginPage.java:24)
at com.actitime.pages.LoginPage.verifyTitle(LoginPage.java:24)
at com.actitime.pages.LoginPage.verifyTitle(LoginPage.java:24)
at com.actitime.pages.LoginPage.verifyTitle(LoginPage.java:24)
at com.actitime.pages.LoginPage.verifyTitle(LoginPage.java:24)
at com.actitime.pages.LoginPage.verifyTitle(LoginPage.java:24)
at com.actitime.pages.LoginPage.verifyTitle(LoginPage.java:24)
at com.actitime.pages.LoginPage.verifyTitle(LoginPage.java:24)
at com.actitime.pages.LoginPage.verifyTitle(LoginPage.java:24)
at com.actitime.pages.LoginPage.verifyTitle(LoginPage.java:24)
at com.actitime.pages.LoginPage.verifyTitle(LoginPage.java:24)
at com.actitime.pages.LoginPage.verifyTitle(LoginPage.java:24)
at com.actitime.pages.LoginPage.verifyTitle(LoginPage.java:24)
at com.actitime.pages.LoginPage.verifyTitle(LoginPage.java:24)
at com.actitime.pages.LoginPage.verifyTitle(LoginPage.java:24)
at com.actitime.pages.LoginPage.verifyTitle(LoginPage.java:24)
at com.actitime.pages.LoginPage.verifyTitle(LoginPage.java:24)
at com.actitime.pages.LoginPage.verifyTitle(LoginPage.java:24)
at com.actitime.pages.LoginPage.verifyTitle(LoginPage.java:24)
at com.actitime.pages.LoginPage.verifyTitle(LoginPage.java:24)
at com.actitime.pages.LoginPage.verifyTitle(LoginPage.java:24)
at com.actitime.pages.LoginPage.verifyTitle(LoginPage.java:24)
at com.actitime.pages.LoginPage.verifyTitle(LoginPage.java:24)
at com.actitime.pages.LoginPage.verifyTitle(LoginPage.java:24)
at com.actitime.pages.LoginPage.verifyTitle(LoginPage.java:24)
at com.actitime.pages.LoginPage.verifyTitle(LoginPage.java:24)
at com.actitime.pages.LoginPage.verifyTitle(LoginPage.java:24)
at com.actitime.pages.LoginPage.verifyTitle(LoginPage.java:24)
at com.actitime.pages.LoginPage.verifyTitle(LoginPage.java:24)
at com.actitime.pages.LoginPage.verifyTitle(LoginPage.java:24)
at com.actitime.pages.LoginPage.verifyTitle(LoginPage.java:24)
at com.actitime.pages.LoginPage.verifyTitle(LoginPage.java:24)
at com.actitime.pages.LoginPage.verifyTitle(LoginPage.java:24)
at com.actitime.pages.LoginPage.verifyTitle(LoginPage.java:24)
at com.actitime.pages.LoginPage.verifyTitle(LoginPage.java:24)
at com.actitime.pages.LoginPage.verifyTitle(LoginPage.java:24)
at com.actitime.pages.LoginPage.verifyTitle(LoginPage.java:24)
at com.actitime.pages.LoginPage.verifyTitle(LoginPage.java:24)
at com.actitime.pages.LoginPage.verifyTitle(LoginPage.java:24)
at com.actitime.pages.LoginPage.verifyTitle(LoginPage.java:24)
at com.actitime.pages.LoginPage.verifyTitle(LoginPage.java:24)
at com.actitime.pages.LoginPage.verifyTitle(LoginPage.java:24)
at com.actitime.pages.LoginPage.verifyTitle(LoginPage.java:24)
at com.actitime.pages.LoginPage.verifyTitle(LoginPage.java:24)
at com.actitime.pages.LoginPage.verifyTitle(LoginPage.java:24)
at com.actitime.pages.LoginPage.verifyTitle(LoginPage.java:24)
at com.actitime.pages.LoginPage.verifyTitle(LoginPage.java:24)
at com.actitime.pages.LoginPage.verifyTitle(LoginPage.java:24)
at com.actitime.pages.LoginPage.verifyTitle(LoginPage.java:24)
at com.actitime.pages.LoginPage.verifyTitle(LoginPage.java:24)
at com.actitime.pages.LoginPage.verifyTitle(LoginPage.java:24)
at com.actitime.pages.LoginPage.verifyTitle(LoginPage.java:24)
at com.actitime.pages.LoginPage.verifyTitle(LoginPage.java:24)
at com.actitime.pages.LoginPage.verifyTitle(LoginPage.java:24)
at com.actitime.pages.LoginPage.verifyTitle(LoginPage.java:24)
at com.actitime.pages.LoginPage.verifyTitle(LoginPage.java:24)
at com.actitime.pages.LoginPage.verifyTitle(LoginPage.java:24)
at com.actitime.pages.LoginPage.verifyTitle(LoginPage.java:24)
at com.actitime.pages.LoginPage.verifyTitle(LoginPage.java:24)
at com.actitime.pages.LoginPage.verifyTitle(LoginPage.java:24)
at com.actitime.pages.LoginPage.verifyTitle(LoginPage.java:24)
at com.actitime.pages.LoginPage.verifyTitle(LoginPage.java:24)
at com.actitime.pages.LoginPage.verifyTitle(LoginPage.java:24)
at com.actitime.pages.LoginPage.verifyTitle(LoginPage.java:24)
at com.actitime.pages.LoginPage.verifyTitle(LoginPage.java:24)
at com.actitime.pages.LoginPage.verifyTitle(LoginPage.java:24)
at com.actitime.pages.LoginPage.verifyTitle(LoginPage.java:24)
at com.actitime.pages.LoginPage.verifyTitle(LoginPage.java:24)
at com.actitime.pages.LoginPage.verifyTitle(LoginPage.java:24)
at com.actitime.pages.LoginPage.verifyTitle(LoginPage.java:24)
at com.actitime.pages.LoginPage.verifyTitle(LoginPage.java:24)
at com.actitime.pages.LoginPage.verifyTitle(LoginPage.java:24)
at com.actitime.pages.LoginPage.verifyTitle(LoginPage.java:24)
at com.actitime.pages.LoginPage.verifyTitle(LoginPage.java:24)
at com.actitime.pages.LoginPage.verifyTitle(LoginPage.java:24)
at com.actitime.pages.LoginPage.verifyTitle(LoginPage.java:24)
at com.actitime.pages.LoginPage.verifyTitle(LoginPage.java:24)
at com.actitime.pages.LoginPage.verifyTitle(LoginPage.java:24)
at com.actitime.pages.LoginPage.verifyTitle(LoginPage.java:24)
at com.actitime.pages.LoginPage.verifyTitle(LoginPage.java:24)
at com.actitime.pages.LoginPage.verifyTitle(LoginPage.java:24)
at com.actitime.pages.LoginPage.verifyTitle(LoginPage.java:24)
at com.actitime.pages.LoginPage.verifyTitle(LoginPage.java:24)
at com.actitime.pages.LoginPage.verifyTitle(LoginPage.java:24)
at com.actitime.pages.LoginPage.verifyTitle(LoginPage.java:24)
at com.actitime.pages.LoginPage.verifyTitle(LoginPage.java:24)
at com.actitime.pages.LoginPage.verifyTitle(LoginPage.java:24)
at com.actitime.pages.LoginPage.verifyTitle(LoginPage.java:24)
at com.actitime.pages.LoginPage.verifyTitle(LoginPage.java:24)
at com.actitime.pages.LoginPage.verifyTitle(LoginPage.java:24)
at com.actitime.pages.LoginPage.verifyTitle(LoginPage.java:24)
at com.actitime.pages.LoginPage.verifyTitle(LoginPage.java:24)
at com.actitime.pages.LoginPage.verifyTitle(LoginPage.java:24)
at com.actitime.pages.LoginPage.verifyTitle(LoginPage.java:24)
at com.actitime.pages.LoginPage.verifyTitle(LoginPage.java:24)
at com.actitime.pages.LoginPage.verifyTitle(LoginPage.java:24)
at com.actitime.pages.LoginPage.verifyTitle(LoginPage.java:24)
at com.actitime.pages.LoginPage.verifyTitle(LoginPage.java:24)
at com.actitime.pages.LoginPage.verifyTitle(LoginPage.java:24)
at com.actitime.pages.LoginPage.verifyTitle(LoginPage.java:24)
at com.actitime.pages.LoginPage.verifyTitle(LoginPage.java:24)
at com.actitime.pages.LoginPage.verifyTitle(LoginPage.java:24)
at com.actitime.pages.LoginPage.verifyTitle(LoginPage.java:24)
at com.actitime.pages.LoginPage.verifyTitle(LoginPage.java:24)
at com.actitime.pages.LoginPage.verifyTitle(LoginPage.java:24)
at com.actitime.pages.LoginPage.verifyTitle(LoginPage.java:24)
at com.actitime.pages.LoginPage.verifyTitle(LoginPage.java:24)
at com.actitime.pages.LoginPage.verifyTitle(LoginPage.java:24)
at com.actitime.pages.LoginPage.verifyTitle(LoginPage.java:24)
at com.actitime.pages.LoginPage.verifyTitle(LoginPage.java:24)
at com.actitime.pages.LoginPage.verifyTitle(LoginPage.java:24)
at com.actitime.pages.LoginPage.verifyTitle(LoginPage.java:24)
at com.actitime.pages.LoginPage.verifyTitle(LoginPage.java:24)
at com.actitime.pages.LoginPage.verifyTitle(LoginPage.java:24)
at com.actitime.pages.LoginPage.verifyTitle(LoginPage.java:24)
at com.actitime.pages.LoginPage.verifyTitle(LoginPage.java:24)
at com.actitime.pages.LoginPage.verifyTitle(LoginPage.java:24)
at com.actitime.pages.LoginPage.verifyTitle(LoginPage.java:24)
at com.actitime.pages.LoginPage.verifyTitle(LoginPage.java:24)
at com.actitime.pages.LoginPage.verifyTitle(LoginPage.java:24)
at com.actitime.pages.LoginPage.verifyTitle(LoginPage.java:24)
at com.actitime.pages.LoginPage.verifyTitle(LoginPage.java:24)
at com.actitime.pages.LoginPage.verifyTitle(LoginPage.java:24)
at com.actitime.pages.LoginPage.verifyTitle(LoginPage.java:24)
at com.actitime.pages.LoginPage.verifyTitle(LoginPage.java:24)
at com.actitime.pages.LoginPage.verifyTitle(LoginPage.java:24)
at com.actitime.pages.LoginPage.verifyTitle(LoginPage.java:24)
at com.actitime.pages.LoginPage.verifyTitle(LoginPage.java:24)
at com.actitime.pages.LoginPage.verifyTitle(LoginPage.java:24)
at com.actitime.pages.LoginPage.verifyTitle(LoginPage.java:24)
at com.actitime.pages.LoginPage.verifyTitle(LoginPage.java:24)
at com.actitime.pages.LoginPage.verifyTitle(LoginPage.java:24)
at com.actitime.pages.LoginPage.verifyTitle(LoginPage.java:24)
at com.actitime.pages.LoginPage.verifyTitle(LoginPage.java:24)
at com.actitime.pages.LoginPage.verifyTitle(LoginPage.java:24)
at com.actitime.pages.LoginPage.verifyTitle(LoginPage.java:24)
at com.actitime.pages.LoginPage.verifyTitle(LoginPage.java:24)
at com.actitime.pages.LoginPage.verifyTitle(LoginPage.java:24)
at com.actitime.pages.LoginPage.verifyTitle(LoginPage.java:24)
at com.actitime.pages.LoginPage.verifyTitle(LoginPage.java:24)
at com.actitime.pages.LoginPage.verifyTitle(LoginPage.java:24)
at com.actitime.pages.LoginPage.verifyTitle(LoginPage.java:24)
at com.actitime.pages.LoginPage.verifyTitle(LoginPage.java:24)
at com.actitime.pages.LoginPage.verifyTitle(LoginPage.java:24)
at com.actitime.pages.LoginPage.verifyTitle(LoginPage.java:24)
at com.actitime.pages.LoginPage.verifyTitle(LoginPage.java:24)
at com.actitime.pages.LoginPage.verifyTitle(LoginPage.java:24)
at com.actitime.pages.LoginPage.verifyTitle(LoginPage.java:24)
at com.actitime.pages.LoginPage.verifyTitle(LoginPage.java:24)
at com.actitime.pages.LoginPage.verifyTitle(LoginPage.java:24)
at com.actitime.pages.LoginPage.verifyTitle(LoginPage.java:24)
at com.actitime.pages.LoginPage.verifyTitle(LoginPage.java:24)
at com.actitime.pages.LoginPage.verifyTitle(LoginPage.java:24)
at com.actitime.pages.LoginPage.verifyTitle(LoginPage.java:24)
at com.actitime.pages.LoginPage.verifyTitle(LoginPage.java:24)
at com.actitime.pages.LoginPage.verifyTitle(LoginPage.java:24)
at com.actitime.pages.LoginPage.verifyTitle(LoginPage.java:24)
at com.actitime.pages.LoginPage.verifyTitle(LoginPage.java:24)
at com.actitime.pages.LoginPage.verifyTitle(LoginPage.java:24)
at com.actitime.pages.LoginPage.verifyTitle(LoginPage.java:24)
at com.actitime.pages.LoginPage.verifyTitle(LoginPage.java:24)
at com.actitime.pages.LoginPage.verifyTitle(LoginPage.java:24)
at com.actitime.pages.LoginPage.verifyTitle(LoginPage.java:24)
at com.actitime.pages.LoginPage.verifyTitle(LoginPage.java:24)
at com.actitime.pages.LoginPage.verifyTitle(LoginPage.java:24)
at com.actitime.pages.LoginPage.verifyTitle(LoginPage.java:24)
at com.actitime.pages.LoginPage.verifyTitle(LoginPage.java:24)
at com.actitime.pages.LoginPage.verifyTitle(LoginPage.java:24)
at com.actitime.pages.LoginPage.verifyTitle(LoginPage.java:24)
at com.actitime.pages.LoginPage.verifyTitle(LoginPage.java:24)
at com.actitime.pages.LoginPage.verifyTitle(LoginPage.java:24)
at com.actitime.pages.LoginPage.verifyTitle(LoginPage.java:24)
at com.actitime.pages.LoginPage.verifyTitle(LoginPage.java:24)
at com.actitime.pages.LoginPage.verifyTitle(LoginPage.java:24)
at com.actitime.pages.LoginPage.verifyTitle(LoginPage.java:24)
at com.actitime.pages.LoginPage.verifyTitle(LoginPage.java:24)
at com.actitime.pages.LoginPage.verifyTitle(LoginPage.java:24)
at com.actitime.pages.LoginPage.verifyTitle(LoginPage.java:24)
at com.actitime.pages.LoginPage.verifyTitle(LoginPage.java:24)
at com.actitime.pages.LoginPage.verifyTitle(LoginPage.java:24)
at com.actitime.pages.LoginPage.verifyTitle(LoginPage.java:24)
at com.actitime.pages.LoginPage.verifyTitle(LoginPage.java:24)
at com.actitime.pages.LoginPage.verifyTitle(LoginPage.java:24)
at com.actitime.pages.LoginPage.verifyTitle(LoginPage.java:24)
at com.actitime.pages.LoginPage.verifyTitle(LoginPage.java:24)
at com.actitime.pages.LoginPage.verifyTitle(LoginPage.java:24)
at com.actitime.pages.LoginPage.verifyTitle(LoginPage.java:24)
at com.actitime.pages.LoginPage.verifyTitle(LoginPage.java:24)
at com.actitime.pages.LoginPage.verifyTitle(LoginPage.java:24)
at com.actitime.pages.LoginPage.verifyTitle(LoginPage.java:24)
at com.actitime.pages.LoginPage.verifyTitle(LoginPage.java:24)
at com.actitime.pages.LoginPage.verifyTitle(LoginPage.java:24)
at com.actitime.pages.LoginPage.verifyTitle(LoginPage.java:24)
at com.actitime.pages.LoginPage.verifyTitle(LoginPage.java:24)
at com.actitime.pages.LoginPage.verifyTitle(LoginPage.java:24)
at com.actitime.pages.LoginPage.verifyTitle(LoginPage.java:24)
at com.actitime.pages.LoginPage.verifyTitle(LoginPage.java:24)
at com.actitime.pages.LoginPage.verifyTitle(LoginPage.java:24)
at com.actitime.pages.LoginPage.verifyTitle(LoginPage.java:24)
at com.actitime.pages.LoginPage.verifyTitle(LoginPage.java:24)
at com.actitime.pages.LoginPage.verifyTitle(LoginPage.java:24)
at com.actitime.pages.LoginPage.verifyTitle(LoginPage.java:24)
at com.actitime.pages.LoginPage.verifyTitle(LoginPage.java:24)
at com.actitime.pages.LoginPage.verifyTitle(LoginPage.java:24)
at com.actitime.pages.LoginPage.verifyTitle(LoginPage.java:24)
at com.actitime.pages.LoginPage.verifyTitle(LoginPage.java:24)
at com.actitime.pages.LoginPage.verifyTitle(LoginPage.java:24)
at com.actitime.pages.LoginPage.verifyTitle(LoginPage.java:24)
at com.actitime.pages.LoginPage.verifyTitle(LoginPage.java:24)
at com.actitime.pages.LoginPage.verifyTitle(LoginPage.java:24)
at com.actitime.pages.LoginPage.verifyTitle(LoginPage.java:24)
at com.actitime.pages.LoginPage.verifyTitle(LoginPage.java:24)
at com.actitime.pages.LoginPage.verifyTitle(LoginPage.java:24)
at com.actitime.pages.LoginPage.verifyTitle(LoginPage.java:24)
at com.actitime.pages.LoginPage.verifyTitle(LoginPage.java:24)
at com.actitime.pages.LoginPage.verifyTitle(LoginPage.java:24)
at com.actitime.pages.LoginPage.verifyTitle(LoginPage.java:24)
at com.actitime.pages.LoginPage.verifyTitle(LoginPage.java:24)
at com.actitime.pages.LoginPage.verifyTitle(LoginPage.java:24)
at com.actitime.pages.LoginPage.verifyTitle(LoginPage.java:24)
at com.actitime.pages.LoginPage.verifyTitle(LoginPage.java:24)
at com.actitime.pages.LoginPage.verifyTitle(LoginPage.java:24)
at com.actitime.pages.LoginPage.verifyTitle(LoginPage.java:24)
at com.actitime.pages.LoginPage.verifyTitle(LoginPage.java:24)
at com.actitime.pages.LoginPage.verifyTitle(LoginPage.java:24)
at com.actitime.pages.LoginPage.verifyTitle(LoginPage.java:24)
at com.actitime.pages.LoginPage.verifyTitle(LoginPage.java:24)
at com.actitime.pages.LoginPage.verifyTitle(LoginPage.java:24)
at com.actitime.pages.LoginPage.verifyTitle(LoginPage.java:24)
at com.actitime.pages.LoginPage.verifyTitle(LoginPage.java:24)
at com.actitime.pages.LoginPage.verifyTitle(LoginPage.java:24)
at com.actitime.pages.LoginPage.verifyTitle(LoginPage.java:24)
at com.actitime.pages.LoginPage.verifyTitle(LoginPage.java:24)
at com.actitime.pages.LoginPage.verifyTitle(LoginPage.java:24)
at com.actitime.pages.LoginPage.verifyTitle(LoginPage.java:24)
at com.actitime.pages.LoginPage.verifyTitle(LoginPage.java:24)
at com.actitime.pages.LoginPage.verifyTitle(LoginPage.java:24)
at com.actitime.pages.LoginPage.verifyTitle(LoginPage.java:24)
at com.actitime.pages.LoginPage.verifyTitle(LoginPage.java:24)
at com.actitime.pages.LoginPage.verifyTitle(LoginPage.java:24)
at com.actitime.pages.LoginPage.verifyTitle(LoginPage.java:24)
at com.actitime.pages.LoginPage.verifyTitle(LoginPage.java:24)
at com.actitime.pages.LoginPage.verifyTitle(LoginPage.java:24)
at com.actitime.pages.LoginPage.verifyTitle(LoginPage.java:24)
at com.actitime.pages.LoginPage.verifyTitle(LoginPage.java:24)
at com.actitime.pages.LoginPage.verifyTitle(LoginPage.java:24)
at com.actitime.pages.LoginPage.verifyTitle(LoginPage.java:24)
at com.actitime.pages.LoginPage.verifyTitle(LoginPage.java:24)
at com.actitime.pages.LoginPage.verifyTitle(LoginPage.java:24)
at com.actitime.pages.LoginPage.verifyTitle(LoginPage.java:24)
at com.actitime.pages.LoginPage.verifyTitle(LoginPage.java:24)
at com.actitime.pages.LoginPage.verifyTitle(LoginPage.java:24)
at com.actitime.pages.LoginPage.verifyTitle(LoginPage.java:24)
at com.actitime.pages.LoginPage.verifyTitle(LoginPage.java:24)
at com.actitime.pages.LoginPage.verifyTitle(LoginPage.java:24)
at com.actitime.pages.LoginPage.verifyTitle(LoginPage.java:24)
at com.actitime.pages.LoginPage.verifyTitle(LoginPage.java:24)
at com.actitime.pages.LoginPage.verifyTitle(LoginPage.java:24)
at com.actitime.pages.LoginPage.verifyTitle(LoginPage.java:24)
at com.actitime.pages.LoginPage.verifyTitle(LoginPage.java:24)
at com.actitime.pages.LoginPage.verifyTitle(LoginPage.java:24)
at com.actitime.pages.LoginPage.verifyTitle(LoginPage.java:24)
at com.actitime.pages.LoginPage.verifyTitle(LoginPage.java:24)
at com.actitime.pages.LoginPage.verifyTitle(LoginPage.java:24)
at com.actitime.pages.LoginPage.verifyTitle(LoginPage.java:24)
at com.actitime.pages.LoginPage.verifyTitle(LoginPage.java:24)
at com.actitime.pages.LoginPage.verifyTitle(LoginPage.java:24)
at com.actitime.pages.LoginPage.verifyTitle(LoginPage.java:24)
at com.actitime.pages.LoginPage.verifyTitle(LoginPage.java:24)
at com.actitime.pages.LoginPage.verifyTitle(LoginPage.java:24)
at com.actitime.pages.LoginPage.verifyTitle(LoginPage.java:24)
at com.actitime.pages.LoginPage.verifyTitle(LoginPage.java:24)
at com.actitime.pages.LoginPage.verifyTitle(LoginPage.java:24)
at com.actitime.pages.LoginPage.verifyTitle(LoginPage.java:24)
at com.actitime.pages.LoginPage.verifyTitle(LoginPage.java:24)
at com.actitime.pages.LoginPage.verifyTitle(LoginPage.java:24)
at com.actitime.pages.LoginPage.verifyTitle(LoginPage.java:24)
at com.actitime.pages.LoginPage.verifyTitle(LoginPage.java:24)
at com.actitime.pages.LoginPage.verifyTitle(LoginPage.java:24)
at com.actitime.pages.LoginPage.verifyTitle(LoginPage.java:24)
at com.actitime.pages.LoginPage.verifyTitle(LoginPage.java:24)
at com.actitime.pages.LoginPage.verifyTitle(LoginPage.java:24)
]]>
            </full-stacktrace>
          </exception> <!-- java.lang.StackOverflowError -->
          <reporter-output>
          </reporter-output>
        </test-method> <!-- testVerifyVersion -->
        <test-method status="PASS" signature="postCondition(org.testng.ITestResult)[pri:0, instance:com.actitime.tests.VerifyVersionTest@3234e239]" name="postCondition" is-config="true" duration-ms="2864" started-at="2018-07-25T15:16:01Z" finished-at="2018-07-25T15:16:04Z">
          <params>
            <param index="0">
              <value>
                <![CDATA[[TestResult name=testVerifyVersion status=FAILURE method=VerifyVersionTest.testVerifyVersion()[pri:3, instance:com.actitime.tests.VerifyVersionTest@3234e239] output={null}]]]>
              </value>
            </param>
          </params>
          <reporter-output>
          </reporter-output>
        </test-method> <!-- postCondition -->
      </class> <!-- com.actitime.tests.VerifyVersionTest -->
    </test> <!-- Test -->
  </suite> <!-- Suite -->
</testng-results>
